[ 2017-09-28T02:44:07+08:00 ] ERR: (ThinkException) 模板不存在[/var/www/taizhou/app/AppHome/Tpl/public/error.html]
[ 2017-09-28T10:01:05+08:00 ] ERR: (ThinkException) 非法操作:undefined
[ 2017-09-28T10:01:22+08:00 ] ERR: (ThinkException) 非法操作:undefined
[ 2017-09-28T10:01:53+08:00 ] ERR: (ThinkException) 非法操作:undefined
[ 2017-09-28T10:02:20+08:00 ] ERR: (ThinkException) 非法操作:undefined
[ 2017-09-28T10:02:35+08:00 ] ERR: (ThinkException) 非法操作:undefined
[ 2017-09-28T10:02:47+08:00 ] ERR: (ThinkException) 非法操作:undefined
[ 2017-09-28T10:02:48+08:00 ] ERR: (ThinkException) 非法操作:undefined
[ 2017-09-28T10:02:57+08:00 ] ERR: (ThinkException) 非法操作:undefined
[ 2017-09-28T10:03:18+08:00 ] ERR: (ThinkException) 非法操作:undefined
[ 2017-09-28T10:03:24+08:00 ] ERR: (ThinkException) 非法操作:undefined
[ 2017-09-28T10:03:47+08:00 ] ERR: (ThinkException) 非法操作:undefined
[ 2017-09-28T10:03:49+08:00 ] ERR: (ThinkException) 非法操作:undefined
[ 2017-09-28T10:03:55+08:00 ] ERR: (ThinkException) 非法操作:undefined
[ 2017-09-28T10:04:05+08:00 ] ERR: (ThinkException) 非法操作:undefined
[ 2017-09-28T10:04:05+08:00 ] ERR: (ThinkException) 非法操作:undefined
[ 2017-09-28T10:04:05+08:00 ] ERR: (ThinkException) 非法操作:undefined
[ 2017-09-28T10:04:11+08:00 ] ERR: (ThinkException) 非法操作:undefined
[ 2017-09-28T10:04:12+08:00 ] ERR: (ThinkException) 非法操作:undefined
[ 2017-09-28T10:04:17+08:00 ] ERR: (ThinkException) 非法操作:undefined
[ 2017-09-28T10:04:18+08:00 ] ERR: (ThinkException) 非法操作:undefined
[ 2017-09-28T10:04:21+08:00 ] ERR: (ThinkException) 非法操作:undefined
[ 2017-09-28T10:04:34+08:00 ] ERR: (ThinkException) 非法操作:undefined
[ 2017-09-28T10:04:50+08:00 ] ERR: (ThinkException) 非法操作:undefined
[ 2017-09-28T10:05:06+08:00 ] ERR: (ThinkException) 非法操作:undefined
[ 2017-09-28T10:05:14+08:00 ] ERR: (ThinkException) 非法操作:undefined
[ 2017-09-28T10:05:23+08:00 ] ERR: (ThinkException) 非法操作:undefined
[ 2017-09-28T10:05:23+08:00 ] ERR: (ThinkException) 非法操作:undefined
[ 2017-09-28T10:05:26+08:00 ] ERR: (ThinkException) 非法操作:undefined
[ 2017-09-28T10:05:26+08:00 ] ERR: (ThinkException) 非法操作:undefined
[ 2017-09-28T10:06:00+08:00 ] ERR: (ThinkException) 非法操作:12FC6619739C94B2E9B285AE8862E0773
[ 2017-09-28T10:06:00+08:00 ] ERR: (ThinkException) 非法操作:22FC6619739C94B2E9B285AE8862E0773
[ 2017-09-28T10:06:00+08:00 ] ERR: (ThinkException) 非法操作:42FC6619739C94B2E9B285AE8862E0773
[ 2017-09-28T10:06:00+08:00 ] ERR: (ThinkException) 非法操作:32FC6619739C94B2E9B285AE8862E0773
[ 2017-09-28T10:06:00+08:00 ] ERR: (ThinkException) 非法操作:12FC6619739C94B2E9B285AE8862E0773
[ 2017-09-28T10:06:12+08:00 ] ERR: (ThinkException) 非法操作:undefined
[ 2017-09-28T10:06:18+08:00 ] ERR: (ThinkException) 非法操作:12FC6619739C94B2E9B285AE8862E0773
[ 2017-09-28T10:06:18+08:00 ] ERR: (ThinkException) 非法操作:42FC6619739C94B2E9B285AE8862E0773
[ 2017-09-28T10:06:18+08:00 ] ERR: (ThinkException) 非法操作:22FC6619739C94B2E9B285AE8862E0773
[ 2017-09-28T10:06:18+08:00 ] ERR: (ThinkException) 非法操作:32FC6619739C94B2E9B285AE8862E0773
[ 2017-09-28T10:06:18+08:00 ] ERR: (ThinkException) 非法操作:12FC6619739C94B2E9B285AE8862E0773
[ 2017-09-28T10:06:19+08:00 ] ERR: (ThinkException) 非法操作:undefined
[ 2017-09-28T10:06:20+08:00 ] ERR: (ThinkException) 非法操作:undefined
[ 2017-09-28T10:06:23+08:00 ] ERR: (ThinkException) 非法操作:12FC6619739C94B2E9B285AE8862E0773
[ 2017-09-28T10:06:23+08:00 ] ERR: (ThinkException) 非法操作:22FC6619739C94B2E9B285AE8862E0773
[ 2017-09-28T10:06:23+08:00 ] ERR: (ThinkException) 非法操作:32FC6619739C94B2E9B285AE8862E0773
[ 2017-09-28T10:06:23+08:00 ] ERR: (ThinkException) 非法操作:42FC6619739C94B2E9B285AE8862E0773
[ 2017-09-28T10:06:23+08:00 ] ERR: (ThinkException) 非法操作:12FC6619739C94B2E9B285AE8862E0773
[ 2017-09-28T10:06:26+08:00 ] ERR: (ThinkException) 非法操作:undefined
[ 2017-09-28T10:06:29+08:00 ] ERR: (ThinkException) 非法操作:undefined
[ 2017-09-28T10:06:47+08:00 ] ERR: (ThinkException) 非法操作:undefined
[ 2017-09-28T10:06:49+08:00 ] ERR: (ThinkException) 非法操作:undefined
[ 2017-09-28T10:07:10+08:00 ] ERR: (ThinkException) 非法操作:undefined
[ 2017-09-28T10:07:23+08:00 ] ERR: (ThinkException) 非法操作:undefined
[ 2017-09-28T10:07:33+08:00 ] ERR: (ThinkException) 非法操作:undefined
[ 2017-09-28T10:07:37+08:00 ] ERR: (ThinkException) 非法操作:undefined
[ 2017-09-28T10:07:42+08:00 ] ERR: (ThinkException) 非法操作:undefined
[ 2017-09-28T10:07:54+08:00 ] ERR: (ThinkException) 非法操作:undefined
[ 2017-09-28T10:08:19+08:00 ] ERR: (ThinkException) 非法操作:undefined
[ 2017-09-28T10:08:22+08:00 ] ERR: (ThinkException) 非法操作:undefined
[ 2017-09-28T10:08:25+08:00 ] ERR: (ThinkException) 非法操作:undefined
[ 2017-09-28T10:08:26+08:00 ] ERR: (ThinkException) 非法操作:undefined
[ 2017-09-28T10:08:27+08:00 ] ERR: (ThinkException) 非法操作:undefined
[ 2017-09-28T10:08:45+08:00 ] ERR: (ThinkException) 非法操作:undefined
[ 2017-09-28T10:08:48+08:00 ] ERR: (ThinkException) 非法操作:undefined
[ 2017-09-28T10:09:15+08:00 ] ERR: (ThinkException) 非法操作:undefined
[ 2017-09-28T10:09:21+08:00 ] ERR: (ThinkException) 非法操作:12FC6619739C94B2E9B285AE8862E0773
[ 2017-09-28T10:09:21+08:00 ] ERR: (ThinkException) 非法操作:22FC6619739C94B2E9B285AE8862E0773
[ 2017-09-28T10:09:21+08:00 ] ERR: (ThinkException) 非法操作:32FC6619739C94B2E9B285AE8862E0773
[ 2017-09-28T10:09:21+08:00 ] ERR: (ThinkException) 非法操作:42FC6619739C94B2E9B285AE8862E0773
[ 2017-09-28T10:09:21+08:00 ] ERR: (ThinkException) 非法操作:12FC6619739C94B2E9B285AE8862E0773
[ 2017-09-28T10:09:21+08:00 ] ERR: (ThinkException) 非法操作:22FC6619739C94B2E9B285AE8862E0773
[ 2017-09-28T10:09:27+08:00 ] ERR: (ThinkException) 非法操作:12FC6619739C94B2E9B285AE8862E0773
[ 2017-09-28T10:09:27+08:00 ] ERR: (ThinkException) 非法操作:32FC6619739C94B2E9B285AE8862E0773
[ 2017-09-28T10:09:27+08:00 ] ERR: (ThinkException) 非法操作:42FC6619739C94B2E9B285AE8862E0773
[ 2017-09-28T10:09:27+08:00 ] ERR: (ThinkException) 非法操作:22FC6619739C94B2E9B285AE8862E0773
[ 2017-09-28T10:09:27+08:00 ] ERR: (ThinkException) 非法操作:12FC6619739C94B2E9B285AE8862E0773
[ 2017-09-28T10:09:27+08:00 ] ERR: (ThinkException) 非法操作:undefined
[ 2017-09-28T10:09:37+08:00 ] ERR: (ThinkException) 非法操作:undefined
[ 2017-09-28T10:09:58+08:00 ] ERR: (ThinkException) 非法操作:statement10022017台州国际马拉松赛
[ 2017-09-28T10:10:16+08:00 ] ERR: (ThinkException) 非法操作:undefined
[ 2017-09-28T10:10:17+08:00 ] ERR: (ThinkException) 非法操作:undefined
[ 2017-09-28T10:10:19+08:00 ] ERR: (ThinkException) 非法操作:undefined
[ 2017-09-28T10:10:26+08:00 ] ERR: (ThinkException) 非法操作:undefined
[ 2017-09-28T10:10:27+08:00 ] ERR: (ThinkException) 非法操作:undefined
[ 2017-09-28T10:10:30+08:00 ] ERR: (ThinkException) 非法操作:undefined
[ 2017-09-28T10:10:54+08:00 ] ERR: (ThinkException) 非法操作:undefined
[ 2017-09-28T10:10:59+08:00 ] ERR: (ThinkException) 非法操作:undefined
[ 2017-09-28T10:11:07+08:00 ] ERR: (ThinkException) 非法操作:undefined
[ 2017-09-28T10:11:14+08:00 ] ERR: (ThinkException) 非法操作:undefined
[ 2017-09-28T10:11:37+08:00 ] ERR: (ThinkException) 非法操作:undefined
[ 2017-09-28T10:11:38+08:00 ] ERR: (ThinkException) 非法操作:undefined
[ 2017-09-28T10:12:00+08:00 ] ERR: (ThinkException) 非法操作:undefined
[ 2017-09-28T10:12:03+08:00 ] ERR: (ThinkException) 非法操作:undefined
[ 2017-09-28T10:12:18+08:00 ] ERR: (ThinkException) 非法操作:undefined
[ 2017-09-28T10:12:27+08:00 ] ERR: (ThinkException) 非法操作:undefined
[ 2017-09-28T10:12:30+08:00 ] ERR: (ThinkException) 非法操作:undefined
[ 2017-09-28T10:12:43+08:00 ] ERR: (ThinkException) 非法操作:undefined
[ 2017-09-28T10:13:12+08:00 ] ERR: (ThinkException) 非法操作:undefined
[ 2017-09-28T10:13:17+08:00 ] ERR: (ThinkException) 非法操作:undefined
[ 2017-09-28T10:13:37+08:00 ] ERR: (ThinkException) 非法操作:undefined
[ 2017-09-28T10:13:51+08:00 ] ERR: (ThinkException) 非法操作:undefined
[ 2017-09-28T10:13:57+08:00 ] ERR: (ThinkException) 非法操作:undefined
[ 2017-09-28T10:14:04+08:00 ] ERR: (ThinkException) 非法操作:undefined
[ 2017-09-28T10:14:25+08:00 ] ERR: (ThinkException) 非法操作:undefined
[ 2017-09-28T10:14:25+08:00 ] ERR: (ThinkException) 非法操作:undefined
[ 2017-09-28T10:14:41+08:00 ] ERR: (ThinkException) 非法操作:undefined
[ 2017-09-28T10:15:12+08:00 ] ERR: (ThinkException) 非法操作:undefined
[ 2017-09-28T10:15:14+08:00 ] ERR: (ThinkException) 非法操作:undefined
[ 2017-09-28T10:15:18+08:00 ] ERR: (ThinkException) 非法操作:undefined
[ 2017-09-28T10:15:29+08:00 ] ERR: (ThinkException) 非法操作:undefined
[ 2017-09-28T10:15:31+08:00 ] ERR: (ThinkException) 非法操作:undefined
[ 2017-09-28T10:15:33+08:00 ] ERR: (ThinkException) 非法操作:undefined
[ 2017-09-28T10:15:35+08:00 ] ERR: (ThinkException) 非法操作:undefined
[ 2017-09-28T10:15:38+08:00 ] ERR: (ThinkException) 非法操作:undefined
[ 2017-09-28T10:15:52+08:00 ] ERR: (ThinkException) 非法操作:undefined
[ 2017-09-28T10:15:53+08:00 ] ERR: (ThinkException) 非法操作:undefined
[ 2017-09-28T10:15:54+08:00 ] ERR: (ThinkException) 非法操作:undefined
[ 2017-09-28T10:16:09+08:00 ] ERR: (ThinkException) 非法操作:undefined
[ 2017-09-28T10:16:34+08:00 ] ERR: (ThinkException) 非法操作:undefined
[ 2017-09-28T10:16:36+08:00 ] ERR: (ThinkException) 非法操作:undefined
[ 2017-09-28T10:16:40+08:00 ] ERR: (ThinkException) 非法操作:undefined
[ 2017-09-28T10:16:45+08:00 ] ERR: (ThinkException) 非法操作:undefined
[ 2017-09-28T10:16:58+08:00 ] ERR: (ThinkException) 非法操作:undefined
[ 2017-09-28T10:17:03+08:00 ] ERR: (ThinkException) 非法操作:undefined
[ 2017-09-28T10:17:05+08:00 ] ERR: (ThinkException) 非法操作:undefined
[ 2017-09-28T10:17:28+08:00 ] ERR: (ThinkException) 非法操作:undefined
[ 2017-09-28T10:17:33+08:00 ] ERR: (ThinkException) 非法操作:undefined
[ 2017-09-28T10:17:39+08:00 ] ERR: (ThinkException) 非法操作:undefined
[ 2017-09-28T10:17:49+08:00 ] ERR: (ThinkException) 非法操作:undefined
[ 2017-09-28T10:17:54+08:00 ] ERR: (ThinkException) 非法操作:undefined
[ 2017-09-28T10:18:05+08:00 ] ERR: (ThinkException) 非法操作:undefined
[ 2017-09-28T10:18:10+08:00 ] ERR: (ThinkException) 非法操作:undefined
[ 2017-09-28T10:18:17+08:00 ] ERR: (ThinkException) 非法操作:undefined
[ 2017-09-28T10:18:26+08:00 ] ERR: (ThinkException) 非法操作:undefined
[ 2017-09-28T10:18:30+08:00 ] ERR: (ThinkException) 非法操作:undefined
[ 2017-09-28T10:18:32+08:00 ] ERR: (ThinkException) 非法操作:undefined
[ 2017-09-28T10:19:05+08:00 ] ERR: (ThinkException) 非法操作:undefined
[ 2017-09-28T10:19:32+08:00 ] ERR: (ThinkException) 非法操作:undefined
[ 2017-09-28T10:19:32+08:00 ] ERR: (ThinkException) 非法操作:undefined
[ 2017-09-28T10:19:39+08:00 ] ERR: (ThinkException) 非法操作:undefined
[ 2017-09-28T10:19:42+08:00 ] ERR: (ThinkException) 非法操作:undefined
[ 2017-09-28T10:19:53+08:00 ] ERR: (ThinkException) 非法操作:undefined
[ 2017-09-28T10:19:56+08:00 ] ERR: (ThinkException) 非法操作:undefined
[ 2017-09-28T10:20:46+08:00 ] ERR: (ThinkException) 非法操作:undefined
[ 2017-09-28T10:20:47+08:00 ] ERR: (ThinkException) 非法操作:undefined
[ 2017-09-28T10:20:54+08:00 ] ERR: (ThinkException) 非法操作:undefined
[ 2017-09-28T10:21:07+08:00 ] ERR: (ThinkException) 非法操作:undefined
[ 2017-09-28T10:21:09+08:00 ] ERR: (ThinkException) 非法操作:undefined
[ 2017-09-28T10:21:53+08:00 ] ERR: (ThinkException) 非法操作:undefined
[ 2017-09-28T10:21:56+08:00 ] ERR: (ThinkException) 非法操作:undefined
[ 2017-09-28T10:22:00+08:00 ] ERR: (ThinkException) 非法操作:undefined
[ 2017-09-28T10:22:23+08:00 ] ERR: (ThinkException) 非法操作:undefined
[ 2017-09-28T10:22:28+08:00 ] ERR: (ThinkException) 非法操作:undefined
[ 2017-09-28T10:22:30+08:00 ] ERR: (ThinkException) 非法操作:undefined
[ 2017-09-28T10:22:41+08:00 ] ERR: (ThinkException) 非法操作:undefined
[ 2017-09-28T10:23:12+08:00 ] ERR: (ThinkException) 非法操作:undefined
[ 2017-09-28T10:23:20+08:00 ] ERR: (ThinkException) 非法操作:undefined
[ 2017-09-28T10:23:22+08:00 ] ERR: (ThinkException) 非法操作:undefined
[ 2017-09-28T10:23:34+08:00 ] ERR: (ThinkException) 非法操作:undefined
[ 2017-09-28T10:23:36+08:00 ] ERR: (ThinkException) 非法操作:undefined
[ 2017-09-28T10:23:49+08:00 ] ERR: (ThinkException) 非法操作:undefined
[ 2017-09-28T10:23:52+08:00 ] ERR: (ThinkException) 非法操作:undefined
[ 2017-09-28T10:23:56+08:00 ] ERR: (ThinkException) 非法操作:undefined
[ 2017-09-28T10:24:27+08:00 ] ERR: (ThinkException) 非法操作:undefined
[ 2017-09-28T10:24:31+08:00 ] ERR: (ThinkException) 非法操作:undefined
[ 2017-09-28T10:24:34+08:00 ] ERR: (ThinkException) 非法操作:undefined
[ 2017-09-28T10:24:35+08:00 ] ERR: (ThinkException) 非法操作:undefined
[ 2017-09-28T10:24:43+08:00 ] ERR: (ThinkException) 非法操作:undefined
[ 2017-09-28T10:25:09+08:00 ] ERR: (ThinkException) 非法操作:undefined
[ 2017-09-28T10:25:12+08:00 ] ERR: (ThinkException) 非法操作:apply10012017台州国际马拉松赛
[ 2017-09-28T10:25:17+08:00 ] ERR: (ThinkException) 非法操作:undefined
[ 2017-09-28T10:25:22+08:00 ] ERR: (ThinkException) 非法操作:undefined
[ 2017-09-28T10:25:24+08:00 ] ERR: (ThinkException) 非法操作:undefined
[ 2017-09-28T10:25:30+08:00 ] ERR: (ThinkException) 非法操作:undefined
[ 2017-09-28T10:25:53+08:00 ] ERR: (ThinkException) 非法操作:undefined
[ 2017-09-28T10:26:16+08:00 ] ERR: (ThinkException) 非法操作:undefined
[ 2017-09-28T10:26:34+08:00 ] ERR: (ThinkException) 非法操作:undefined
[ 2017-09-28T10:26:49+08:00 ] ERR: (ThinkException) 非法操作:undefined
[ 2017-09-28T10:27:01+08:00 ] ERR: (ThinkException) 非法操作:undefined
[ 2017-09-28T10:27:03+08:00 ] ERR: (ThinkException) 非法操作:undefined
[ 2017-09-28T10:27:26+08:00 ] ERR: (ThinkException) 非法操作:undefined
[ 2017-09-28T10:27:28+08:00 ] ERR: (ThinkException) 非法操作:undefined
[ 2017-09-28T10:28:18+08:00 ] ERR: (ThinkException) 非法操作:undefined
[ 2017-09-28T10:28:25+08:00 ] ERR: (ThinkException) 非法操作:undefined
[ 2017-09-28T10:28:35+08:00 ] ERR: (ThinkException) 非法操作:undefined
[ 2017-09-28T10:28:36+08:00 ] ERR: (ThinkException) 非法操作:undefined
[ 2017-09-28T10:28:54+08:00 ] ERR: (ThinkException) 非法操作:undefined
[ 2017-09-28T10:29:16+08:00 ] ERR: (ThinkException) 非法操作:undefined
[ 2017-09-28T10:29:34+08:00 ] ERR: (ThinkException) 非法操作:undefined
[ 2017-09-28T10:29:42+08:00 ] ERR: (ThinkException) 非法操作:undefined
[ 2017-09-28T10:29:43+08:00 ] ERR: (ThinkException) 非法操作:undefined
[ 2017-09-28T10:31:03+08:00 ] ERR: (ThinkException) 非法操作:undefined
[ 2017-09-28T10:31:24+08:00 ] ERR: (ThinkException) 非法操作:undefined
[ 2017-09-28T10:31:27+08:00 ] ERR: (ThinkException) 非法操作:undefined
[ 2017-09-28T10:31:41+08:00 ] ERR: (ThinkException) 非法操作:undefined
[ 2017-09-28T10:31:46+08:00 ] ERR: (ThinkException) 非法操作:undefined
[ 2017-09-28T10:32:36+08:00 ] ERR: (ThinkException) 非法操作:undefined
[ 2017-09-28T10:32:42+08:00 ] ERR: (ThinkException) 非法操作:undefined
[ 2017-09-28T10:32:47+08:00 ] ERR: (ThinkException) 非法操作:undefined
[ 2017-09-28T10:32:54+08:00 ] ERR: (ThinkException) 非法操作:undefined
[ 2017-09-28T10:35:02+08:00 ] ERR: (ThinkException) 非法操作:undefined
[ 2017-09-28T10:35:17+08:00 ] ERR: (ThinkException) 非法操作:undefined
[ 2017-09-28T10:35:47+08:00 ] ERR: (ThinkException) 非法操作:undefined
[ 2017-09-28T10:36:10+08:00 ] ERR: (ThinkException) 非法操作:undefined
[ 2017-09-28T10:36:13+08:00 ] ERR: (ThinkException) 非法操作:undefined
[ 2017-09-28T10:37:45+08:00 ] ERR: (ThinkException) 非法操作:undefined
[ 2017-09-28T10:37:56+08:00 ] ERR: (ThinkException) 非法操作:undefined
[ 2017-09-28T10:38:19+08:00 ] ERR: (ThinkException) 非法操作:undefined
[ 2017-09-28T10:38:21+08:00 ] ERR: (ThinkException) 非法操作:undefined
[ 2017-09-28T10:38:31+08:00 ] ERR: (ThinkException) 非法操作:undefined
[ 2017-09-28T10:39:50+08:00 ] ERR: (ThinkException) 非法操作:undefined
[ 2017-09-28T10:40:27+08:00 ] ERR: (ThinkException) 非法操作:undefined
[ 2017-09-28T10:40:41+08:00 ] ERR: (ThinkException) 非法操作:undefined
[ 2017-09-28T10:40:53+08:00 ] ERR: (ThinkException) 非法操作:undefined
[ 2017-09-28T10:41:02+08:00 ] ERR: (ThinkException) 非法操作:undefined
[ 2017-09-28T10:41:07+08:00 ] ERR: (ThinkException) 非法操作:undefined
[ 2017-09-28T10:41:11+08:00 ] ERR: (ThinkException) 非法操作:undefined
[ 2017-09-28T10:41:38+08:00 ] ERR: (ThinkException) 非法操作:undefined
[ 2017-09-28T10:41:58+08:00 ] ERR: (ThinkException) 非法操作:undefined
[ 2017-09-28T10:42:11+08:00 ] ERR: (ThinkException) 非法操作:undefined
[ 2017-09-28T10:42:24+08:00 ] ERR: (ThinkException) 非法操作:undefined
[ 2017-09-28T10:42:29+08:00 ] ERR: (ThinkException) 非法操作:undefined
[ 2017-09-28T10:42:43+08:00 ] ERR: (ThinkException) 非法操作:undefined
[ 2017-09-28T10:42:43+08:00 ] ERR: (ThinkException) 非法操作:undefined
[ 2017-09-28T10:42:57+08:00 ] ERR: (ThinkException) 非法操作:undefined
[ 2017-09-28T10:43:03+08:00 ] ERR: (ThinkException) 非法操作:undefined
[ 2017-09-28T10:43:12+08:00 ] ERR: (ThinkException) 非法操作:undefined
[ 2017-09-28T10:43:23+08:00 ] ERR: (ThinkException) 非法操作:undefined
[ 2017-09-28T10:43:26+08:00 ] ERR: (ThinkException) 非法操作:undefined
[ 2017-09-28T10:43:51+08:00 ] ERR: (ThinkException) 非法操作:undefined
[ 2017-09-28T10:43:57+08:00 ] ERR: (ThinkException) 非法操作:undefined
[ 2017-09-28T10:44:17+08:00 ] ERR: (ThinkException) 非法操作:undefined
[ 2017-09-28T10:44:18+08:00 ] ERR: (ThinkException) 非法操作:undefined
[ 2017-09-28T10:44:47+08:00 ] ERR: (ThinkException) 非法操作:undefined
[ 2017-09-28T10:45:39+08:00 ] ERR: (ThinkException) 非法操作:undefined
[ 2017-09-28T10:45:56+08:00 ] ERR: (ThinkException) 非法操作:undefined
[ 2017-09-28T10:46:19+08:00 ] ERR: (ThinkException) 非法操作:undefined
[ 2017-09-28T10:46:34+08:00 ] ERR: (ThinkException) 非法操作:undefined
[ 2017-09-28T10:46:48+08:00 ] ERR: (ThinkException) 非法操作:undefined
[ 2017-09-28T10:47:16+08:00 ] ERR: (ThinkException) 非法操作:undefined
[ 2017-09-28T10:47:40+08:00 ] ERR: (ThinkException) 非法操作:undefined
[ 2017-09-28T10:47:59+08:00 ] ERR: (ThinkException) 非法操作:undefined
[ 2017-09-28T10:48:00+08:00 ] ERR: (ThinkException) 非法操作:undefined
[ 2017-09-28T10:48:20+08:00 ] ERR: (ThinkException) 非法操作:12FC6619739C94B2E9B285AE8862E0773
[ 2017-09-28T10:48:20+08:00 ] ERR: (ThinkException) 非法操作:22FC6619739C94B2E9B285AE8862E0773
[ 2017-09-28T10:48:20+08:00 ] ERR: (ThinkException) 非法操作:32FC6619739C94B2E9B285AE8862E0773
[ 2017-09-28T10:48:20+08:00 ] ERR: (ThinkException) 非法操作:42FC6619739C94B2E9B285AE8862E0773
[ 2017-09-28T10:48:20+08:00 ] ERR: (ThinkException) 非法操作:22FC6619739C94B2E9B285AE8862E0773
[ 2017-09-28T10:48:20+08:00 ] ERR: (ThinkException) 非法操作:12FC6619739C94B2E9B285AE8862E0773
[ 2017-09-28T10:48:20+08:00 ] ERR: (ThinkException) 非法操作:42FC6619739C94B2E9B285AE8862E0773
[ 2017-09-28T10:48:20+08:00 ] ERR: (ThinkException) 非法操作:32FC6619739C94B2E9B285AE8862E0773
[ 2017-09-28T10:48:23+08:00 ] ERR: (ThinkException) 非法操作:12FC6619739C94B2E9B285AE8862E0773
[ 2017-09-28T10:48:23+08:00 ] ERR: (ThinkException) 非法操作:32FC6619739C94B2E9B285AE8862E0773
[ 2017-09-28T10:48:23+08:00 ] ERR: (ThinkException) 非法操作:22FC6619739C94B2E9B285AE8862E0773
[ 2017-09-28T10:48:23+08:00 ] ERR: (ThinkException) 非法操作:42FC6619739C94B2E9B285AE8862E0773
[ 2017-09-28T10:48:23+08:00 ] ERR: (ThinkException) 非法操作:12FC6619739C94B2E9B285AE8862E0773
[ 2017-09-28T10:48:25+08:00 ] ERR: (ThinkException) 非法操作:undefined
[ 2017-09-28T10:48:30+08:00 ] ERR: (ThinkException) 非法操作:undefined
[ 2017-09-28T10:48:48+08:00 ] ERR: (ThinkException) 非法操作:undefined
[ 2017-09-28T10:49:13+08:00 ] ERR: (ThinkException) 非法操作:undefined
[ 2017-09-28T10:49:18+08:00 ] ERR: (ThinkException) 非法操作:undefined
[ 2017-09-28T10:49:39+08:00 ] ERR: (ThinkException) 非法操作:undefined
[ 2017-09-28T10:49:48+08:00 ] ERR: (ThinkException) 非法操作:undefined
[ 2017-09-28T10:50:06+08:00 ] ERR: (ThinkException) 非法操作:undefined
[ 2017-09-28T10:50:14+08:00 ] ERR: (ThinkException) 非法操作:undefined
[ 2017-09-28T10:51:03+08:00 ] ERR: (ThinkException) 非法操作:undefined
[ 2017-09-28T10:52:11+08:00 ] ERR: (ThinkException) 非法操作:undefined
[ 2017-09-28T10:52:23+08:00 ] ERR: (ThinkException) 非法操作:undefined
[ 2017-09-28T10:52:51+08:00 ] ERR: (ThinkException) 非法操作:undefined
[ 2017-09-28T10:52:54+08:00 ] ERR: (ThinkException) 非法操作:undefined
[ 2017-09-28T10:53:10+08:00 ] ERR: (ThinkException) 非法操作:undefined
[ 2017-09-28T10:53:52+08:00 ] ERR: (ThinkException) 非法操作:undefined
[ 2017-09-28T10:54:03+08:00 ] ERR: (ThinkException) 非法操作:undefined
[ 2017-09-28T10:55:19+08:00 ] ERR: (ThinkException) 非法操作:undefined
[ 2017-09-28T10:55:39+08:00 ] ERR: (ThinkException) 非法操作:undefined
[ 2017-09-28T10:56:05+08:00 ] ERR: (ThinkException) 非法操作:undefined
[ 2017-09-28T10:56:14+08:00 ] ERR: (ThinkException) 非法操作:undefined
[ 2017-09-28T10:56:16+08:00 ] ERR: (ThinkException) 非法操作:undefined
[ 2017-09-28T10:57:34+08:00 ] ERR: (ThinkException) 非法操作:undefined
[ 2017-09-28T10:57:47+08:00 ] ERR: (ThinkException) 非法操作:undefined
[ 2017-09-28T10:58:12+08:00 ] ERR: (ThinkException) 非法操作:undefined
[ 2017-09-28T10:58:40+08:00 ] ERR: (ThinkException) 非法操作:undefined
[ 2017-09-28T10:58:42+08:00 ] ERR: (ThinkException) 非法操作:undefined
[ 2017-09-28T10:59:06+08:00 ] ERR: (ThinkException) 非法操作:undefined
[ 2017-09-28T10:59:31+08:00 ] ERR: (ThinkException) 非法操作:undefined
[ 2017-09-28T10:59:55+08:00 ] ERR: (ThinkException) 非法操作:undefined
[ 2017-09-28T11:01:03+08:00 ] ERR: (ThinkException) 非法操作:undefined
[ 2017-09-28T11:01:04+08:00 ] ERR: (ThinkException) 非法操作:undefined
[ 2017-09-28T11:01:12+08:00 ] ERR: (ThinkException) 非法操作:undefined
[ 2017-09-28T11:01:33+08:00 ] ERR: (ThinkException) 非法操作:undefined
[ 2017-09-28T11:01:45+08:00 ] ERR: (ThinkException) 非法操作:undefined
[ 2017-09-28T11:02:23+08:00 ] ERR: (ThinkException) 非法操作:undefined
[ 2017-09-28T11:02:50+08:00 ] ERR: (ThinkException) 非法操作:undefined
[ 2017-09-28T11:03:33+08:00 ] ERR: (ThinkException) 非法操作:undefined
[ 2017-09-28T11:03:49+08:00 ] ERR: (ThinkException) 非法操作:undefined
[ 2017-09-28T11:04:47+08:00 ] ERR: (ThinkException) 非法操作:undefined
[ 2017-09-28T11:05:38+08:00 ] ERR: (ThinkException) 非法操作:undefined
[ 2017-09-28T11:05:59+08:00 ] ERR: (ThinkException) 非法操作:undefined
[ 2017-09-28T11:07:06+08:00 ] ERR: (ThinkException) 非法操作:undefined
[ 2017-09-28T11:08:42+08:00 ] ERR: (ThinkException) 非法操作:undefined
[ 2017-09-28T11:08:46+08:00 ] ERR: (ThinkException) 非法操作:undefined
[ 2017-09-28T11:08:54+08:00 ] ERR: (ThinkException) 非法操作:undefined
[ 2017-09-28T11:09:41+08:00 ] ERR: (ThinkException) 非法操作:undefined
[ 2017-09-28T11:12:44+08:00 ] ERR: (ThinkException) 非法操作:undefined
[ 2017-09-28T11:13:20+08:00 ] ERR: (ThinkException) 非法操作:undefined
[ 2017-09-28T11:15:17+08:00 ] ERR: (ThinkException) 非法操作:undefined
[ 2017-09-28T11:15:23+08:00 ] ERR: (ThinkException) 非法操作:undefined
[ 2017-09-28T11:16:24+08:00 ] ERR: (ThinkException) 非法操作:undefined
[ 2017-09-28T11:16:31+08:00 ] ERR: (ThinkException) 非法操作:undefined
[ 2017-09-28T11:17:15+08:00 ] ERR: (ThinkException) 非法操作:undefined
[ 2017-09-28T11:18:47+08:00 ] ERR: (ThinkException) 非法操作:undefined
[ 2017-09-28T11:21:00+08:00 ] ERR: (ThinkException) 非法操作:undefined
[ 2017-09-28T11:22:18+08:00 ] ERR: (ThinkException) 非法操作:undefined
[ 2017-09-28T11:22:41+08:00 ] ERR: (ThinkException) 非法操作:undefined
[ 2017-09-28T11:24:29+08:00 ] ERR: (ThinkException) 非法操作:undefined
[ 2017-09-28T11:25:16+08:00 ] ERR: (ThinkException) 非法操作:undefined
[ 2017-09-28T11:30:52+08:00 ] ERR: (ThinkException) 非法操作:undefined
[ 2017-09-28T11:31:07+08:00 ] ERR: (ThinkException) 非法操作:undefined
[ 2017-09-28T11:31:15+08:00 ] ERR: (ThinkException) 非法操作:undefined
[ 2017-09-28T11:32:01+08:00 ] ERR: (ThinkException) 非法操作:undefined
[ 2017-09-28T11:35:02+08:00 ] ERR: (ThinkException) 非法操作:undefined
[ 2017-09-28T11:35:33+08:00 ] ERR: (ThinkException) 非法操作:undefined
[ 2017-09-28T11:38:12+08:00 ] ERR: (ThinkException) 非法操作:undefined
[ 2017-09-28T11:38:14+08:00 ] ERR: (ThinkException) 非法操作:undefined
[ 2017-09-28T11:38:40+08:00 ] ERR: (ThinkException) 非法操作:undefined
[ 2017-09-28T11:39:16+08:00 ] ERR: (ThinkException) 非法操作:undefined
[ 2017-09-28T11:39:19+08:00 ] ERR: (ThinkException) 非法操作:undefined
[ 2017-09-28T11:39:41+08:00 ] ERR: (ThinkException) 非法操作:undefined
[ 2017-09-28T11:40:11+08:00 ] ERR: (ThinkException) 非法操作:undefined
[ 2017-09-28T11:40:29+08:00 ] ERR: (ThinkException) 非法操作:undefined
[ 2017-09-28T11:40:52+08:00 ] ERR: (ThinkException) 非法操作:undefined
[ 2017-09-28T11:41:06+08:00 ] ERR: (ThinkException) 非法操作:undefined
[ 2017-09-28T11:43:59+08:00 ] ERR: (ThinkException) 非法操作:undefined
[ 2017-09-28T11:45:21+08:00 ] ERR: (ThinkException) 模板不存在[/var/www/taizhou/app/AppHome/Tpl/public/error.html]
[ 2017-09-28T11:46:14+08:00 ] ERR: (ThinkException) 非法操作:undefined
[ 2017-09-28T11:46:22+08:00 ] ERR: (ThinkException) 非法操作:undefined
[ 2017-09-28T11:47:31+08:00 ] ERR: (ThinkException) 非法操作:undefined
[ 2017-09-28T11:48:08+08:00 ] ERR: (ThinkException) 非法操作:undefined
[ 2017-09-28T11:48:26+08:00 ] ERR: (ThinkException) 非法操作:undefined
[ 2017-09-28T11:48:44+08:00 ] ERR: (ThinkException) 非法操作:undefined
[ 2017-09-28T11:48:59+08:00 ] ERR: (ThinkException) 非法操作:undefined
[ 2017-09-28T11:50:20+08:00 ] ERR: (ThinkException) 非法操作:undefined
[ 2017-09-28T11:52:23+08:00 ] ERR: (ThinkException) 非法操作:undefined
[ 2017-09-28T11:54:01+08:00 ] ERR: (ThinkException) 非法操作:undefined
[ 2017-09-28T11:54:35+08:00 ] ERR: (ThinkException) 非法操作:undefined
[ 2017-09-28T11:56:34+08:00 ] ERR: (ThinkException) 非法操作:undefined
[ 2017-09-28T11:57:18+08:00 ] ERR: (ThinkException) 非法操作:undefined
[ 2017-09-28T11:57:36+08:00 ] ERR: (ThinkException) 非法操作:undefined
[ 2017-09-28T11:57:55+08:00 ] ERR: (ThinkException) 非法操作:undefined
[ 2017-09-28T11:59:09+08:00 ] ERR: (ThinkException) 非法操作:undefined
[ 2017-09-28T11:59:42+08:00 ] ERR: (ThinkException) 非法操作:undefined
[ 2017-09-28T12:00:43+08:00 ] ERR: (ThinkException) 非法操作:index
[ 2017-09-28T12:00:51+08:00 ] ERR: (ThinkException) 非法操作:undefined
[ 2017-09-28T12:01:39+08:00 ] ERR: (ThinkException) 非法操作:undefined
[ 2017-09-28T12:01:42+08:00 ] ERR: (ThinkException) 非法操作:undefined
[ 2017-09-28T12:02:48+08:00 ] ERR: (ThinkException) 非法操作:undefined
[ 2017-09-28T12:02:48+08:00 ] ERR: (ThinkException) 非法操作:undefined
[ 2017-09-28T12:03:00+08:00 ] ERR: (ThinkException) 非法操作:undefined
[ 2017-09-28T12:03:28+08:00 ] ERR: (ThinkException) 非法操作:undefined
[ 2017-09-28T12:03:48+08:00 ] ERR: (ThinkException) 非法操作:undefined
[ 2017-09-28T12:03:48+08:00 ] ERR: (ThinkException) 非法操作:undefined
[ 2017-09-28T12:04:19+08:00 ] ERR: (ThinkException) 非法操作:undefined
[ 2017-09-28T12:04:44+08:00 ] ERR: (ThinkException) 非法操作:undefined
[ 2017-09-28T12:06:04+08:00 ] ERR: (ThinkException) 非法操作:undefined
[ 2017-09-28T12:06:53+08:00 ] ERR: (ThinkException) 非法操作:undefined
[ 2017-09-28T12:06:58+08:00 ] ERR: (ThinkException) 非法操作:undefined
[ 2017-09-28T12:06:59+08:00 ] ERR: (ThinkException) 非法操作:undefined
[ 2017-09-28T12:07:15+08:00 ] ERR: (ThinkException) 非法操作:undefined
[ 2017-09-28T12:08:06+08:00 ] ERR: (ThinkException) 非法操作:undefined
[ 2017-09-28T12:08:08+08:00 ] ERR: (ThinkException) 非法操作:undefined
[ 2017-09-28T12:08:12+08:00 ] ERR: (ThinkException) 非法操作:undefined
[ 2017-09-28T12:08:42+08:00 ] ERR: (ThinkException) 非法操作:undefined
[ 2017-09-28T12:08:49+08:00 ] ERR: (ThinkException) 非法操作:undefined
[ 2017-09-28T12:08:51+08:00 ] ERR: (ThinkException) 非法操作:undefined
[ 2017-09-28T12:08:52+08:00 ] ERR: (ThinkException) 非法操作:undefined
[ 2017-09-28T12:09:24+08:00 ] ERR: (ThinkException) 非法操作:undefined
[ 2017-09-28T12:10:17+08:00 ] ERR: (ThinkException) 非法操作:undefined
[ 2017-09-28T12:10:35+08:00 ] ERR: (ThinkException) 非法操作:undefined
[ 2017-09-28T12:11:05+08:00 ] ERR: (ThinkException) 非法操作:undefined
[ 2017-09-28T12:11:33+08:00 ] ERR: (ThinkException) 非法操作:undefined
[ 2017-09-28T12:12:01+08:00 ] ERR: (ThinkException) 非法操作:undefined
[ 2017-09-28T12:12:10+08:00 ] ERR: (ThinkException) 非法操作:undefined
[ 2017-09-28T12:13:18+08:00 ] ERR: (ThinkException) 非法操作:undefined
[ 2017-09-28T12:13:40+08:00 ] ERR: (ThinkException) 非法操作:undefined
[ 2017-09-28T12:14:27+08:00 ] ERR: (ThinkException) 非法操作:undefined
[ 2017-09-28T12:15:14+08:00 ] ERR: (ThinkException) 非法操作:undefined
[ 2017-09-28T12:16:00+08:00 ] ERR: (ThinkException) 非法操作:undefined
[ 2017-09-28T12:17:05+08:00 ] ERR: (ThinkException) 非法操作:undefined
[ 2017-09-28T12:17:30+08:00 ] ERR: (ThinkException) 非法操作:undefined
[ 2017-09-28T12:17:51+08:00 ] ERR: (ThinkException) 模板不存在[/var/www/taizhou/app/AppHome/Tpl/public/error.html]
[ 2017-09-28T12:17:57+08:00 ] ERR: (ThinkException) 非法操作:undefined
[ 2017-09-28T12:18:02+08:00 ] ERR: (ThinkException) 非法操作:undefined
[ 2017-09-28T12:19:14+08:00 ] ERR: (ThinkException) 非法操作:undefined
[ 2017-09-28T12:20:18+08:00 ] ERR: (ThinkException) 非法操作:undefined
[ 2017-09-28T12:20:41+08:00 ] ERR: (ThinkException) 非法操作:undefined
[ 2017-09-28T12:21:34+08:00 ] ERR: (ThinkException) 非法操作:undefined
[ 2017-09-28T12:22:01+08:00 ] ERR: (ThinkException) 非法操作:undefined
[ 2017-09-28T12:22:19+08:00 ] ERR: (ThinkException) 非法操作:undefined
[ 2017-09-28T12:22:59+08:00 ] ERR: (ThinkException) 非法操作:undefined
[ 2017-09-28T12:23:44+08:00 ] ERR: (ThinkException) 模板不存在[/var/www/taizhou/app/AppHome/Tpl/public/error.html]
[ 2017-09-28T12:24:13+08:00 ] ERR: (ThinkException) 非法操作:undefined
[ 2017-09-28T12:25:09+08:00 ] ERR: (ThinkException) 非法操作:undefined
[ 2017-09-28T12:25:33+08:00 ] ERR: (ThinkException) 非法操作:undefined
[ 2017-09-28T12:26:18+08:00 ] ERR: (ThinkException) 非法操作:undefined
[ 2017-09-28T12:26:18+08:00 ] ERR: (ThinkException) 非法操作:undefined
[ 2017-09-28T12:27:29+08:00 ] ERR: (ThinkException) 非法操作:undefined
[ 2017-09-28T12:28:32+08:00 ] ERR: (ThinkException) 非法操作:undefined
[ 2017-09-28T12:31:39+08:00 ] ERR: (ThinkException) 非法操作:undefined
[ 2017-09-28T12:31:59+08:00 ] ERR: (ThinkException) 非法操作:undefined
[ 2017-09-28T12:32:13+08:00 ] ERR: (ThinkException) 非法操作:undefined
[ 2017-09-28T12:32:15+08:00 ] ERR: (ThinkException) 非法操作:undefined
[ 2017-09-28T12:32:37+08:00 ] ERR: (ThinkException) 非法操作:undefined
[ 2017-09-28T12:33:22+08:00 ] ERR: (ThinkException) 非法操作:undefined
[ 2017-09-28T12:33:43+08:00 ] ERR: (ThinkException) 非法操作:undefined
[ 2017-09-28T12:34:15+08:00 ] ERR: (ThinkException) 非法操作:undefined
[ 2017-09-28T12:34:18+08:00 ] ERR: (ThinkException) 非法操作:undefined
[ 2017-09-28T12:34:23+08:00 ] ERR: (ThinkException) 非法操作:undefined
[ 2017-09-28T12:34:35+08:00 ] ERR: (ThinkException) 非法操作:undefined
[ 2017-09-28T12:34:48+08:00 ] ERR: (ThinkException) 非法操作:undefined
[ 2017-09-28T12:35:40+08:00 ] ERR: (ThinkException) 非法操作:undefined
[ 2017-09-28T12:35:47+08:00 ] ERR: (ThinkException) 非法操作:undefined
[ 2017-09-28T12:38:59+08:00 ] ERR: (ThinkException) 非法操作:undefined
[ 2017-09-28T12:39:38+08:00 ] ERR: (ThinkException) 非法操作:undefined
[ 2017-09-28T12:40:14+08:00 ] ERR: (ThinkException) 非法操作:undefined
[ 2017-09-28T12:40:57+08:00 ] ERR: (ThinkException) 非法操作:undefined
[ 2017-09-28T12:43:03+08:00 ] ERR: (ThinkException) 非法操作:undefined
[ 2017-09-28T12:43:40+08:00 ] ERR: (ThinkException) 非法操作:undefined
[ 2017-09-28T12:44:48+08:00 ] ERR: (ThinkException) 非法操作:undefined
[ 2017-09-28T12:46:32+08:00 ] ERR: (ThinkException) 非法操作:undefined
[ 2017-09-28T12:47:43+08:00 ] ERR: (ThinkException) 非法操作:undefined
[ 2017-09-28T12:49:43+08:00 ] ERR: (ThinkException) 非法操作:undefined
[ 2017-09-28T12:50:33+08:00 ] ERR: (ThinkException) 非法操作:undefined
[ 2017-09-28T12:54:08+08:00 ] ERR: (ThinkException) 非法操作:undefined
[ 2017-09-28T12:57:02+08:00 ] ERR: (ThinkException) 非法操作:undefined
[ 2017-09-28T12:57:25+08:00 ] ERR: (ThinkException) 非法操作:undefined
[ 2017-09-28T12:58:07+08:00 ] ERR: (ThinkException) 非法操作:undefined
[ 2017-09-28T13:00:26+08:00 ] ERR: (ThinkException) 非法操作:undefined
[ 2017-09-28T13:01:34+08:00 ] ERR: (ThinkException) 非法操作:undefined
[ 2017-09-28T13:03:06+08:00 ] ERR: (ThinkException) 非法操作:undefined
[ 2017-09-28T13:04:35+08:00 ] ERR: (ThinkException) 非法操作:undefined
[ 2017-09-28T13:07:21+08:00 ] ERR: (ThinkException) 非法操作:undefined
[ 2017-09-28T13:13:21+08:00 ] ERR: (ThinkException) 非法操作:undefined
[ 2017-09-28T13:13:25+08:00 ] ERR: (ThinkException) 非法操作:undefined
[ 2017-09-28T13:17:59+08:00 ] ERR: (ThinkException) 非法操作:undefined
[ 2017-09-28T13:19:56+08:00 ] ERR: (ThinkException) 非法操作:undefined
[ 2017-09-28T13:20:14+08:00 ] ERR: (ThinkException) 非法操作:undefined
[ 2017-09-28T13:20:16+08:00 ] ERR: (ThinkException) 非法操作:undefined
[ 2017-09-28T13:20:35+08:00 ] ERR: (ThinkException) 非法操作:undefined
[ 2017-09-28T13:20:41+08:00 ] ERR: (ThinkException) 非法操作:undefined
[ 2017-09-28T13:23:21+08:00 ] ERR: (ThinkException) 非法操作:undefined
[ 2017-09-28T13:26:09+08:00 ] ERR: (ThinkException) 非法操作:undefined
[ 2017-09-28T13:26:55+08:00 ] ERR: (ThinkException) 非法操作:undefined
[ 2017-09-28T13:29:58+08:00 ] ERR: (ThinkException) 非法操作:undefined
[ 2017-09-28T13:31:48+08:00 ] ERR: (ThinkException) 非法操作:undefined
[ 2017-09-28T13:32:36+08:00 ] ERR: (ThinkException) 非法操作:undefined
[ 2017-09-28T13:36:03+08:00 ] ERR: (ThinkException) 模板不存在[/var/www/taizhou/app/AppHome/Tpl/public/error.html]
[ 2017-09-28T13:36:18+08:00 ] ERR: (ThinkException) 非法操作:undefined
[ 2017-09-28T13:40:32+08:00 ] ERR: (ThinkException) 非法操作:undefined
[ 2017-09-28T13:40:38+08:00 ] ERR: (ThinkException) 非法操作:undefined
[ 2017-09-28T13:41:37+08:00 ] ERR: (ThinkException) 非法操作:undefined
[ 2017-09-28T13:52:28+08:00 ] ERR: (ThinkException) 非法操作:undefined
[ 2017-09-28T13:52:51+08:00 ] ERR: (ThinkException) 非法操作:undefined
[ 2017-09-28T13:53:03+08:00 ] ERR: (ThinkException) 非法操作:undefined
[ 2017-09-28T13:55:07+08:00 ] ERR: (ThinkException) 非法操作:undefined
[ 2017-09-28T14:04:41+08:00 ] ERR: (ThinkException) 非法操作:undefined
[ 2017-09-28T14:08:26+08:00 ] ERR: (ThinkException) 非法操作:undefined
[ 2017-09-28T14:09:48+08:00 ] ERR: (ThinkException) 非法操作:undefined
[ 2017-09-28T14:14:49+08:00 ] ERR: (ThinkException) 非法操作:undefined
[ 2017-09-28T14:14:52+08:00 ] ERR: (ThinkException) 非法操作:undefined
[ 2017-09-28T14:15:14+08:00 ] ERR: (ThinkException) 非法操作:undefined
[ 2017-09-28T14:16:19+08:00 ] ERR: (ThinkException) 非法操作:undefined
[ 2017-09-28T14:16:20+08:00 ] ERR: (ThinkException) 模板不存在[/var/www/taizhou/app/AppHome/Tpl/login/index.html]
[ 2017-09-28T14:16:20+08:00 ] ERR: (ThinkException) 非法操作:undefined
[ 2017-09-28T14:16:57+08:00 ] ERR: (ThinkException) 非法操作:undefined
[ 2017-09-28T14:17:26+08:00 ] ERR: (ThinkException) 非法操作:undefined
[ 2017-09-28T14:18:22+08:00 ] ERR: (ThinkException) 非法操作:undefined
[ 2017-09-28T14:20:49+08:00 ] ERR: (ThinkException) 非法操作:undefined
[ 2017-09-28T14:22:25+08:00 ] ERR: (ThinkException) 非法操作:undefined
[ 2017-09-28T14:23:02+08:00 ] ERR: (ThinkException) 非法操作:undefined
[ 2017-09-28T14:23:07+08:00 ] ERR: (ThinkException) 非法操作:undefined
[ 2017-09-28T14:24:54+08:00 ] ERR: (ThinkException) 非法操作:index
[ 2017-09-28T14:25:43+08:00 ] ERR: (ThinkException) 非法操作:undefined
[ 2017-09-28T14:27:39+08:00 ] ERR: (ThinkException) 非法操作:undefined
[ 2017-09-28T14:28:32+08:00 ] ERR: (ThinkException) 非法操作:undefined
[ 2017-09-28T14:29:32+08:00 ] ERR: (ThinkException) 非法操作:undefined
[ 2017-09-28T14:31:50+08:00 ] ERR: (ThinkException) 非法操作:undefined
[ 2017-09-28T14:34:50+08:00 ] ERR: (ThinkException) 非法操作:undefined
[ 2017-09-28T14:36:23+08:00 ] ERR: (ThinkException) 非法操作:undefined
[ 2017-09-28T14:37:37+08:00 ] ERR: (ThinkException) 非法操作:undefined
[ 2017-09-28T14:38:12+08:00 ] ERR: (ThinkException) 非法操作:undefined
[ 2017-09-28T14:39:21+08:00 ] ERR: (ThinkException) 非法操作:undefined
[ 2017-09-28T14:46:40+08:00 ] ERR: (ThinkException) 非法操作:undefined
[ 2017-09-28T14:48:04+08:00 ] ERR: (ThinkException) 非法操作:undefined
[ 2017-09-28T14:48:53+08:00 ] ERR: (ThinkException) 非法操作:undefined
[ 2017-09-28T14:53:52+08:00 ] ERR: (ThinkException) 非法操作:undefined
[ 2017-09-28T14:56:37+08:00 ] ERR: (ThinkException) 非法操作:undefined
[ 2017-09-28T14:56:38+08:00 ] ERR: (ThinkException) 非法操作:undefined
[ 2017-09-28T14:57:25+08:00 ] ERR: (ThinkException) 非法操作:undefined
[ 2017-09-28T15:04:09+08:00 ] ERR: (ThinkException) 非法操作:undefined
[ 2017-09-28T15:05:28+08:00 ] ERR: (ThinkException) 非法操作:undefined
[ 2017-09-28T15:11:27+08:00 ] ERR: (ThinkException) 非法操作:undefined
[ 2017-09-28T15:11:37+08:00 ] ERR: (ThinkException) 非法操作:undefined
[ 2017-09-28T15:12:28+08:00 ] ERR: (ThinkException) 非法操作:undefined
[ 2017-09-28T15:12:56+08:00 ] ERR: (ThinkException) 非法操作:undefined
[ 2017-09-28T15:14:27+08:00 ] ERR: (ThinkException) 非法操作:undefined
[ 2017-09-28T15:15:33+08:00 ] ERR: (ThinkException) 非法操作:undefined
[ 2017-09-28T15:15:52+08:00 ] ERR: (ThinkException) 非法操作:undefined
[ 2017-09-28T15:18:58+08:00 ] ERR: (ThinkException) 非法操作:undefined
[ 2017-09-28T15:23:05+08:00 ] ERR: (ThinkException) 非法操作:undefined
[ 2017-09-28T15:26:49+08:00 ] ERR: (ThinkException) 非法操作:undefined
[ 2017-09-28T15:27:54+08:00 ] ERR: (ThinkException) 非法操作:undefined
[ 2017-09-28T15:29:25+08:00 ] ERR: (ThinkException) 非法操作:undefined
[ 2017-09-28T15:31:04+08:00 ] ERR: (ThinkException) 非法操作:undefined
[ 2017-09-28T15:31:22+08:00 ] ERR: (ThinkException) 非法操作:undefined
[ 2017-09-28T15:34:31+08:00 ] ERR: (ThinkException) 非法操作:undefined
[ 2017-09-28T15:37:07+08:00 ] ERR: (ThinkException) 非法操作:undefined
[ 2017-09-28T15:37:39+08:00 ] ERR: (ThinkException) 非法操作:undefined
[ 2017-09-28T15:39:05+08:00 ] ERR: (ThinkException) 非法操作:undefined
[ 2017-09-28T15:39:21+08:00 ] ERR: (ThinkException) 非法操作:undefined
[ 2017-09-28T15:41:34+08:00 ] ERR: (ThinkException) 非法操作:undefined
[ 2017-09-28T15:44:48+08:00 ] ERR: (ThinkException) 非法操作:undefined
[ 2017-09-28T15:51:25+08:00 ] ERR: (ThinkException) 非法操作:undefined
[ 2017-09-28T15:52:35+08:00 ] ERR: (ThinkException) 非法操作:undefined
[ 2017-09-28T15:54:51+08:00 ] ERR: (ThinkException) 非法操作:undefined
[ 2017-09-28T15:56:43+08:00 ] ERR: (ThinkException) 非法操作:undefined
[ 2017-09-28T15:57:28+08:00 ] ERR: (ThinkException) 非法操作:undefined
[ 2017-09-28T16:02:44+08:00 ] ERR: (ThinkException) 非法操作:undefined
[ 2017-09-28T16:08:24+08:00 ] ERR: (ThinkException) 非法操作:undefined
[ 2017-09-28T16:18:20+08:00 ] ERR: (ThinkException) 非法操作:undefined
[ 2017-09-28T16:30:03+08:00 ] ERR: (ThinkException) 非法操作:undefined
[ 2017-09-28T16:38:29+08:00 ] ERR: (ThinkException) 非法操作:undefined
[ 2017-09-28T16:38:42+08:00 ] ERR: (ThinkException) 非法操作:undefined
[ 2017-09-28T16:39:58+08:00 ] ERR: (ThinkException) 非法操作:undefined
[ 2017-09-28T16:41:03+08:00 ] ERR: (ThinkException) 非法操作:index
[ 2017-09-28T16:43:18+08:00 ] ERR: (ThinkException) 非法操作:undefined
[ 2017-09-28T16:44:24+08:00 ] ERR: (ThinkException) 非法操作:undefined
[ 2017-09-28T16:50:09+08:00 ] ERR: (ThinkException) 非法操作:undefined
[ 2017-09-28T16:53:01+08:00 ] ERR: (ThinkException) 非法操作:undefined
[ 2017-09-28T16:54:46+08:00 ] ERR: (ThinkException) 非法操作:undefined
[ 2017-09-28T16:55:04+08:00 ] ERR: (ThinkException) 非法操作:undefined
[ 2017-09-28T16:57:24+08:00 ] ERR: (ThinkException) 非法操作:undefined
[ 2017-09-28T16:58:22+08:00 ] ERR: (ThinkException) 非法操作:undefined
[ 2017-09-28T17:00:28+08:00 ] ERR: (ThinkException) 非法操作:undefined
[ 2017-09-28T17:12:08+08:00 ] ERR: (ThinkException) 非法操作:12FC6619739C94B2E9B285AE8862E0773
[ 2017-09-28T17:12:08+08:00 ] ERR: (ThinkException) 非法操作:22FC6619739C94B2E9B285AE8862E0773
[ 2017-09-28T17:12:08+08:00 ] ERR: (ThinkException) 非法操作:32FC6619739C94B2E9B285AE8862E0773
[ 2017-09-28T17:12:08+08:00 ] ERR: (ThinkException) 非法操作:42FC6619739C94B2E9B285AE8862E0773
[ 2017-09-28T17:12:09+08:00 ] ERR: (ThinkException) 非法操作:12FC6619739C94B2E9B285AE8862E0773
[ 2017-09-28T17:12:09+08:00 ] ERR: (ThinkException) 非法操作:22FC6619739C94B2E9B285AE8862E0773
[ 2017-09-28T17:12:09+08:00 ] ERR: (ThinkException) 非法操作:42FC6619739C94B2E9B285AE8862E0773
[ 2017-09-28T17:12:09+08:00 ] ERR: (ThinkException) 非法操作:32FC6619739C94B2E9B285AE8862E0773
[ 2017-09-28T17:12:44+08:00 ] ERR: (ThinkException) 非法操作:undefined
[ 2017-09-28T17:15:33+08:00 ] ERR: (ThinkException) 非法操作:undefined
[ 2017-09-28T17:17:15+08:00 ] ERR: (ThinkException) 非法操作:undefined
[ 2017-09-28T17:18:00+08:00 ] ERR: (ThinkException) 非法操作:undefined
[ 2017-09-28T17:19:21+08:00 ] ERR: (ThinkException) 非法操作:undefined
[ 2017-09-28T17:20:33+08:00 ] ERR: (ThinkException) 非法操作:undefined
[ 2017-09-28T17:24:32+08:00 ] ERR: (ThinkException) 非法操作:undefined
[ 2017-09-28T17:25:20+08:00 ] ERR: (ThinkException) 非法操作:undefined
[ 2017-09-28T17:28:07+08:00 ] ERR: (ThinkException) 非法操作:undefined
[ 2017-09-28T17:34:54+08:00 ] ERR: (ThinkException) 非法操作:undefined
[ 2017-09-28T17:37:41+08:00 ] ERR: (ThinkException) 非法操作:undefined
[ 2017-09-28T17:40:33+08:00 ] ERR: (ThinkException) 非法操作:undefined
[ 2017-09-28T17:41:04+08:00 ] ERR: (ThinkException) 非法操作:undefined
[ 2017-09-28T17:42:54+08:00 ] ERR: (ThinkException) 非法操作:undefined
[ 2017-09-28T17:43:03+08:00 ] ERR: (ThinkException) 非法操作:undefined
[ 2017-09-28T17:44:46+08:00 ] ERR: (ThinkException) 非法操作:undefined
[ 2017-09-28T17:45:43+08:00 ] ERR: (ThinkException) 非法操作:undefined
[ 2017-09-28T17:50:56+08:00 ] ERR: (ThinkException) 非法操作:undefined
[ 2017-09-28T17:50:59+08:00 ] ERR: (ThinkException) 非法操作:undefined
[ 2017-09-28T17:51:54+08:00 ] ERR: (ThinkException) 非法操作:undefined
[ 2017-09-28T17:54:51+08:00 ] ERR: (ThinkException) 非法操作:undefined
[ 2017-09-28T17:55:01+08:00 ] ERR: (ThinkException) 非法操作:undefined
[ 2017-09-28T17:55:35+08:00 ] ERR: (ThinkException) 非法操作:undefined
[ 2017-09-28T17:58:02+08:00 ] ERR: (ThinkException) 非法操作:undefined
[ 2017-09-28T17:59:06+08:00 ] ERR: (ThinkException) 非法操作:undefined
[ 2017-09-28T18:01:36+08:00 ] ERR: (ThinkException) 非法操作:undefined
[ 2017-09-28T18:04:39+08:00 ] ERR: (ThinkException) 非法操作:undefined
[ 2017-09-28T18:10:50+08:00 ] ERR: (ThinkException) 非法操作:undefined
[ 2017-09-28T18:12:16+08:00 ] ERR: (ThinkException) 非法操作:undefined
[ 2017-09-28T18:15:22+08:00 ] ERR: (ThinkException) 非法操作:undefined
[ 2017-09-28T18:16:34+08:00 ] ERR: (ThinkException) 非法操作:undefined
[ 2017-09-28T18:18:02+08:00 ] ERR: (ThinkException) 非法操作:undefined
[ 2017-09-28T18:27:36+08:00 ] ERR: (ThinkException) 非法操作:undefined
[ 2017-09-28T18:28:17+08:00 ] ERR: (ThinkException) 非法操作:undefined
[ 2017-09-28T18:28:53+08:00 ] ERR: (ThinkException) 非法操作:undefined
[ 2017-09-28T18:44:26+08:00 ] ERR: (ThinkException) 非法操作:undefined
[ 2017-09-28T18:45:26+08:00 ] ERR: (ThinkException) 非法操作:undefined
[ 2017-09-28T18:53:20+08:00 ] ERR: (ThinkException) 非法操作:appl
[ 2017-09-28T18:57:10+08:00 ] ERR: (ThinkException) 非法操作:undefined
[ 2017-09-28T19:01:22+08:00 ] ERR: (ThinkException) 非法操作:12FC6619739C94B2E9B285AE8862E0773
[ 2017-09-28T19:01:32+08:00 ] ERR: (ThinkException) 非法操作:12FC6619739C94B2E9B285AE8862E0773
[ 2017-09-28T19:01:32+08:00 ] ERR: (ThinkException) 非法操作:22FC6619739C94B2E9B285AE8862E0773
[ 2017-09-28T19:01:32+08:00 ] ERR: (ThinkException) 非法操作:42FC6619739C94B2E9B285AE8862E0773
[ 2017-09-28T19:01:33+08:00 ] ERR: (ThinkException) 非法操作:32FC6619739C94B2E9B285AE8862E0773
[ 2017-09-28T19:01:33+08:00 ] ERR: (ThinkException) 非法操作:12FC6619739C94B2E9B285AE8862E0773
[ 2017-09-28T19:01:36+08:00 ] ERR: (ThinkException) 非法操作:12FC6619739C94B2E9B285AE8862E0773
[ 2017-09-28T19:01:36+08:00 ] ERR: (ThinkException) 非法操作:22FC6619739C94B2E9B285AE8862E0773
[ 2017-09-28T19:01:36+08:00 ] ERR: (ThinkException) 非法操作:42FC6619739C94B2E9B285AE8862E0773
[ 2017-09-28T19:01:36+08:00 ] ERR: (ThinkException) 非法操作:32FC6619739C94B2E9B285AE8862E0773
[ 2017-09-28T19:01:36+08:00 ] ERR: (ThinkException) 非法操作:12FC6619739C94B2E9B285AE8862E0773
[ 2017-09-28T19:02:26+08:00 ] ERR: (ThinkException) 非法操作:undefined
[ 2017-09-28T19:04:51+08:00 ] ERR: (ThinkException) 非法操作:undefined
[ 2017-09-28T19:06:45+08:00 ] ERR: (ThinkException) 非法操作:undefined
[ 2017-09-28T19:07:19+08:00 ] ERR: (ThinkException) 非法操作:undefined
[ 2017-09-28T19:09:12+08:00 ] ERR: (ThinkException) 非法操作:undefined
[ 2017-09-28T19:12:09+08:00 ] ERR: (ThinkException) 非法操作:undefined
[ 2017-09-28T19:14:38+08:00 ] ERR: (ThinkException) 非法操作:undefined
[ 2017-09-28T19:19:42+08:00 ] ERR: (ThinkException) 非法操作:undefined
[ 2017-09-28T19:22:17+08:00 ] ERR: (ThinkException) 非法操作:undefined
[ 2017-09-28T19:27:51+08:00 ] ERR: (ThinkException) 非法操作:undefined
[ 2017-09-28T19:31:00+08:00 ] ERR: (ThinkException) 非法操作:undefined
[ 2017-09-28T19:36:36+08:00 ] ERR: (ThinkException) 非法操作:undefined
[ 2017-09-28T19:49:43+08:00 ] ERR: (ThinkException) 非法操作:undefined
[ 2017-09-28T20:03:18+08:00 ] ERR: (ThinkException) 非法操作:undefined
[ 2017-09-28T20:07:01+08:00 ] ERR: (ThinkException) 非法操作:undefined
[ 2017-09-28T20:08:49+08:00 ] ERR: (ThinkException) 非法操作:undefined
[ 2017-09-28T20:18:36+08:00 ] ERR: (ThinkException) 非法操作:undefined
[ 2017-09-28T20:20:28+08:00 ] ERR: (ThinkException) 非法操作:undefined
[ 2017-09-28T20:25:58+08:00 ] ERR: (ThinkException) 非法操作:undefined
[ 2017-09-28T20:42:39+08:00 ] ERR: (ThinkException) 非法操作:undefined
[ 2017-09-28T21:03:39+08:00 ] ERR: (ThinkException) 非法操作:undefined
[ 2017-09-28T21:04:36+08:00 ] ERR: (ThinkException) 非法操作:undefined
[ 2017-09-28T21:08:06+08:00 ] ERR: (ThinkException) 非法操作:undefined
[ 2017-09-28T21:16:23+08:00 ] ERR: (ThinkException) 非法操作:undefined
[ 2017-09-28T21:22:57+08:00 ] ERR: (ThinkException) 非法操作:undefined
[ 2017-09-28T21:34:15+08:00 ] ERR: (ThinkException) 非法操作:undefined
[ 2017-09-28T21:47:03+08:00 ] ERR: (ThinkException) 非法操作:undefined
[ 2017-09-28T21:49:00+08:00 ] ERR: (ThinkException) 非法操作:undefined
[ 2017-09-28T21:51:22+08:00 ] ERR: (ThinkException) 非法操作:undefined
[ 2017-09-28T21:54:02+08:00 ] ERR: (ThinkException) 非法操作:undefined
[ 2017-09-28T22:21:59+08:00 ] ERR: (ThinkException) 非法操作:undefined
[ 2017-09-28T22:22:51+08:00 ] ERR: (ThinkException) 非法操作:undefined
[ 2017-09-28T22:24:35+08:00 ] ERR: (ThinkException) 非法操作:undefined
[ 2017-09-28T22:34:01+08:00 ] ERR: (ThinkException) 非法操作:undefined
[ 2017-09-28T22:34:30+08:00 ] ERR: (ThinkException) 非法操作:undefined
[ 2017-09-28T22:34:49+08:00 ] ERR: (ThinkException) 非法操作:undefined
[ 2017-09-28T22:41:20+08:00 ] ERR: (ThinkException) 非法操作:undefined
[ 2017-09-28T23:06:57+08:00 ] ERR: (ThinkException) 非法操作:undefined
[ 2017-09-28T23:07:58+08:00 ] ERR: (ThinkException) 非法操作:undefined
[ 2017-09-28T23:20:58+08:00 ] ERR: (ThinkException) 非法操作:undefined
[ 2017-09-28T23:28:39+08:00 ] ERR: (ThinkException) 非法操作:undefined
[ 2017-09-28T23:30:45+08:00 ] ERR: (ThinkException) 非法操作:undefined
[ 2017-09-28T23:31:30+08:00 ] ERR: (ThinkException) 非法操作:undefined
[ 2017-09-28T23:37:15+08:00 ] ERR: (ThinkException) 非法操作:undefined
[ 2017-09-28T23:38:08+08:00 ] ERR: (ThinkException) 非法操作:undefined
[ 2017-09-28T23:59:42+08:00 ] ERR: (ThinkException) 非法操作:index
