[ 2017-09-29T04:34:00+08:00 ] ERR: (ThinkException) 模板不存在[/var/www/taizhou/app/AppHome/Tpl/login/index.html]
[ 2017-09-29T06:00:23+08:00 ] ERR: (ThinkException) 非法操作:undefined
[ 2017-09-29T06:03:30+08:00 ] ERR: (ThinkException) 非法操作:undefined
[ 2017-09-29T06:05:32+08:00 ] ERR: (ThinkException) 非法操作:undefined
[ 2017-09-29T06:44:25+08:00 ] ERR: (ThinkException) 非法操作:undefined
[ 2017-09-29T07:02:38+08:00 ] ERR: (ThinkException) 非法操作:undefined
[ 2017-09-29T07:04:04+08:00 ] ERR: (ThinkException) 非法操作:undefined
[ 2017-09-29T07:08:38+08:00 ] ERR: (ThinkException) 非法操作:undefined
[ 2017-09-29T07:16:26+08:00 ] ERR: (ThinkException) 非法操作:undefined
[ 2017-09-29T07:30:11+08:00 ] ERR: (ThinkException) 非法操作:undefined
[ 2017-09-29T07:30:31+08:00 ] ERR: (ThinkException) 非法操作:undefined
[ 2017-09-29T07:36:04+08:00 ] ERR: (ThinkException) 非法操作:undefined
[ 2017-09-29T07:55:23+08:00 ] ERR: (ThinkException) 非法操作:undefined
[ 2017-09-29T08:03:03+08:00 ] ERR: (ThinkException) 非法操作:undefined
[ 2017-09-29T08:07:46+08:00 ] ERR: (ThinkException) 非法操作:undefined
[ 2017-09-29T08:18:23+08:00 ] ERR: (ThinkException) 非法操作:undefined
[ 2017-09-29T08:19:09+08:00 ] ERR: (ThinkException) 非法操作:undefined
[ 2017-09-29T08:21:14+08:00 ] ERR: (ThinkException) 非法操作:undefined
[ 2017-09-29T08:21:56+08:00 ] ERR: (ThinkException) 非法操作:undefined
[ 2017-09-29T08:22:00+08:00 ] ERR: (ThinkException) 非法操作:undefined
[ 2017-09-29T08:24:48+08:00 ] ERR: (ThinkException) 非法操作:undefined
[ 2017-09-29T08:25:16+08:00 ] ERR: (ThinkException) 非法操作:undefined
[ 2017-09-29T08:29:10+08:00 ] ERR: (ThinkException) 非法操作:undefined
[ 2017-09-29T08:37:29+08:00 ] ERR: (ThinkException) 非法操作:undefined
[ 2017-09-29T08:38:07+08:00 ] ERR: (ThinkException) 非法操作:undefined
[ 2017-09-29T08:41:57+08:00 ] ERR: (ThinkException) 非法操作:undefined
[ 2017-09-29T08:43:27+08:00 ] ERR: (ThinkException) 非法操作:undefined
[ 2017-09-29T08:45:59+08:00 ] ERR: (ThinkException) 非法操作:undefined
[ 2017-09-29T08:47:17+08:00 ] ERR: (ThinkException) 非法操作:undefined
[ 2017-09-29T08:56:26+08:00 ] ERR: (ThinkException) 非法操作:undefined
[ 2017-09-29T08:56:39+08:00 ] ERR: (ThinkException) 非法操作:undefined
[ 2017-09-29T09:06:06+08:00 ] ERR: (ThinkException) 非法操作:undefined
[ 2017-09-29T09:06:34+08:00 ] ERR: (ThinkException) 非法操作:undefined
[ 2017-09-29T09:16:49+08:00 ] ERR: (ThinkException) 非法操作:undefined
[ 2017-09-29T09:17:26+08:00 ] ERR: (ThinkException) 非法操作:undefined
[ 2017-09-29T09:19:44+08:00 ] ERR: (ThinkException) 非法操作:undefined
[ 2017-09-29T09:22:01+08:00 ] ERR: (ThinkException) 非法操作:undefined
[ 2017-09-29T09:22:50+08:00 ] ERR: (ThinkException) 非法操作:undefined
[ 2017-09-29T09:25:59+08:00 ] ERR: (ThinkException) 非法操作:undefined
[ 2017-09-29T09:27:10+08:00 ] ERR: (ThinkException) 非法操作:undefined
[ 2017-09-29T09:29:50+08:00 ] ERR: (ThinkException) 非法操作:undefined
[ 2017-09-29T09:31:22+08:00 ] ERR: (ThinkException) 非法操作:undefined
[ 2017-09-29T09:33:04+08:00 ] ERR: (ThinkException) 非法操作:undefined
[ 2017-09-29T09:34:24+08:00 ] ERR: (ThinkException) 非法操作:undefined
[ 2017-09-29T09:34:35+08:00 ] ERR: (ThinkException) 非法操作:undefined
[ 2017-09-29T09:35:07+08:00 ] ERR: (ThinkException) 非法操作:undefined
[ 2017-09-29T09:36:31+08:00 ] ERR: (ThinkException) 非法操作:undefined
[ 2017-09-29T09:38:28+08:00 ] ERR: (ThinkException) 非法操作:undefined
[ 2017-09-29T09:43:09+08:00 ] ERR: (ThinkException) 非法操作:undefined
[ 2017-09-29T09:45:05+08:00 ] ERR: (ThinkException) 非法操作:undefined
[ 2017-09-29T09:45:30+08:00 ] ERR: (ThinkException) 非法操作:undefined
[ 2017-09-29T09:48:09+08:00 ] ERR: (ThinkException) 非法操作:undefined
[ 2017-09-29T09:52:04+08:00 ] ERR: (ThinkException) 非法操作:undefined
[ 2017-09-29T09:53:03+08:00 ] ERR: (ThinkException) 非法操作:index
[ 2017-09-29T09:53:10+08:00 ] ERR: (ThinkException) 非法操作:index
[ 2017-09-29T09:53:26+08:00 ] ERR: (ThinkException) 非法操作:undefined
[ 2017-09-29T09:54:32+08:00 ] ERR: (ThinkException) 非法操作:undefined
[ 2017-09-29T09:57:49+08:00 ] ERR: (ThinkException) 非法操作:undefined
[ 2017-09-29T09:59:40+08:00 ] ERR: (ThinkException) 非法操作:undefined
[ 2017-09-29T10:03:21+08:00 ] ERR: (ThinkException) 非法操作:undefined
[ 2017-09-29T10:04:07+08:00 ] ERR: (ThinkException) 非法操作:undefined
[ 2017-09-29T10:05:33+08:00 ] ERR: (ThinkException) 非法操作:undefined
[ 2017-09-29T10:07:37+08:00 ] ERR: (ThinkException) 非法操作:undefined
[ 2017-09-29T10:10:18+08:00 ] ERR: (ThinkException) 非法操作:undefined
[ 2017-09-29T10:11:00+08:00 ] ERR: (ThinkException) 非法操作:undefined
[ 2017-09-29T10:12:29+08:00 ] ERR: (ThinkException) 非法操作:undefined
[ 2017-09-29T10:16:56+08:00 ] ERR: (ThinkException) 非法操作:undefined
[ 2017-09-29T10:18:07+08:00 ] ERR: (ThinkException) 非法操作:undefined
[ 2017-09-29T10:19:27+08:00 ] ERR: (ThinkException) 非法操作:undefined
[ 2017-09-29T10:22:47+08:00 ] ERR: (ThinkException) 非法操作:undefined
[ 2017-09-29T10:23:46+08:00 ] ERR: (ThinkException) 非法操作:undefined
[ 2017-09-29T10:31:08+08:00 ] ERR: (ThinkException) 非法操作:undefined
[ 2017-09-29T10:32:05+08:00 ] ERR: (ThinkException) 非法操作:undefined
[ 2017-09-29T10:37:33+08:00 ] ERR: (ThinkException) 非法操作:undefined
[ 2017-09-29T10:45:57+08:00 ] ERR: (ThinkException) 非法操作:undefined
[ 2017-09-29T10:53:27+08:00 ] ERR: (ThinkException) 非法操作:undefined
[ 2017-09-29T10:58:35+08:00 ] ERR: (ThinkException) 非法操作:index
[ 2017-09-29T11:00:01+08:00 ] ERR: (ThinkException) 非法操作:undefined
[ 2017-09-29T11:01:17+08:00 ] ERR: (ThinkException) 非法操作:undefined
[ 2017-09-29T11:02:54+08:00 ] ERR: (ThinkException) 非法操作:undefined
[ 2017-09-29T11:03:18+08:00 ] ERR: (ThinkException) 非法操作:undefined
[ 2017-09-29T11:05:27+08:00 ] ERR: (ThinkException) 非法操作:undefined
[ 2017-09-29T11:07:21+08:00 ] ERR: (ThinkException) 非法操作:undefined
[ 2017-09-29T11:07:51+08:00 ] ERR: (ThinkException) 非法操作:undefined
[ 2017-09-29T11:08:48+08:00 ] ERR: (ThinkException) 非法操作:undefined
[ 2017-09-29T11:12:19+08:00 ] ERR: (ThinkException) 非法操作:undefined
[ 2017-09-29T11:14:14+08:00 ] ERR: (ThinkException) 非法操作:undefined
[ 2017-09-29T11:16:36+08:00 ] ERR: (ThinkException) 非法操作:undefined
[ 2017-09-29T11:18:40+08:00 ] ERR: (ThinkException) 非法操作:undefined
[ 2017-09-29T11:23:57+08:00 ] ERR: (ThinkException) 非法操作:undefined
[ 2017-09-29T11:25:51+08:00 ] ERR: (ThinkException) 非法操作:undefined
[ 2017-09-29T11:27:06+08:00 ] ERR: (ThinkException) 非法操作:undefined
[ 2017-09-29T11:29:34+08:00 ] ERR: (ThinkException) 非法操作:undefined
[ 2017-09-29T11:30:04+08:00 ] ERR: (ThinkException) 非法操作:undefined
[ 2017-09-29T11:30:54+08:00 ] ERR: (ThinkException) 非法操作:undefined
[ 2017-09-29T11:34:31+08:00 ] ERR: (ThinkException) 非法操作:undefined
[ 2017-09-29T11:37:19+08:00 ] ERR: (ThinkException) 非法操作:undefined
[ 2017-09-29T11:39:40+08:00 ] ERR: (ThinkException) 非法操作:undefined
[ 2017-09-29T11:41:01+08:00 ] ERR: (ThinkException) 非法操作:undefined
[ 2017-09-29T11:45:06+08:00 ] ERR: (ThinkException) 非法操作:undefined
[ 2017-09-29T11:47:32+08:00 ] ERR: (ThinkException) 非法操作:undefined
[ 2017-09-29T11:49:43+08:00 ] ERR: (ThinkException) 非法操作:undefined
[ 2017-09-29T11:53:24+08:00 ] ERR: (ThinkException) 非法操作:undefined
[ 2017-09-29T11:55:38+08:00 ] ERR: (ThinkException) 非法操作:undefined
[ 2017-09-29T11:56:33+08:00 ] ERR: (ThinkException) 非法操作:undefined
[ 2017-09-29T11:58:18+08:00 ] ERR: (ThinkException) 非法操作:undefined
[ 2017-09-29T11:59:18+08:00 ] ERR: (ThinkException) 非法操作:undefined
[ 2017-09-29T12:00:56+08:00 ] ERR: (ThinkException) 非法操作:undefined
[ 2017-09-29T12:02:02+08:00 ] ERR: (ThinkException) 非法操作:undefined
[ 2017-09-29T12:02:24+08:00 ] ERR: (ThinkException) 非法操作:undefined
[ 2017-09-29T12:03:12+08:00 ] ERR: (ThinkException) 非法操作:undefined
[ 2017-09-29T12:04:57+08:00 ] ERR: (ThinkException) 非法操作:undefined
[ 2017-09-29T12:08:23+08:00 ] ERR: (ThinkException) 非法操作:undefined
[ 2017-09-29T12:09:02+08:00 ] ERR: (ThinkException) 非法操作:undefined
[ 2017-09-29T12:09:06+08:00 ] ERR: (ThinkException) 非法操作:undefined
[ 2017-09-29T12:10:26+08:00 ] ERR: (ThinkException) 非法操作:undefined
[ 2017-09-29T12:11:53+08:00 ] ERR: (ThinkException) 非法操作:undefined
[ 2017-09-29T12:16:01+08:00 ] ERR: (ThinkException) 非法操作:undefined
[ 2017-09-29T12:16:38+08:00 ] ERR: (ThinkException) 非法操作:undefined
[ 2017-09-29T12:20:29+08:00 ] ERR: (ThinkException) 非法操作:12FC6619739C94B2E9B285AE8862E0773
[ 2017-09-29T12:20:29+08:00 ] ERR: (ThinkException) 非法操作:22FC6619739C94B2E9B285AE8862E0773
[ 2017-09-29T12:20:29+08:00 ] ERR: (ThinkException) 非法操作:42FC6619739C94B2E9B285AE8862E0773
[ 2017-09-29T12:20:29+08:00 ] ERR: (ThinkException) 非法操作:32FC6619739C94B2E9B285AE8862E0773
[ 2017-09-29T12:21:35+08:00 ] ERR: (ThinkException) 非法操作:undefined
[ 2017-09-29T12:24:58+08:00 ] ERR: (ThinkException) 非法操作:undefined
[ 2017-09-29T12:25:33+08:00 ] ERR: (ThinkException) 非法操作:undefined
[ 2017-09-29T12:30:17+08:00 ] ERR: (ThinkException) 非法操作:undefined
[ 2017-09-29T12:37:42+08:00 ] ERR: (ThinkException) 非法操作:undefined
[ 2017-09-29T12:39:12+08:00 ] ERR: (ThinkException) 非法操作:undefined
[ 2017-09-29T12:43:35+08:00 ] ERR: (ThinkException) 模板不存在[/var/www/taizhou/app/AppHome/Tpl/public/error.html]
[ 2017-09-29T12:43:50+08:00 ] ERR: (ThinkException) 非法操作:undefined
[ 2017-09-29T12:43:57+08:00 ] ERR: (ThinkException) 非法操作:undefined
[ 2017-09-29T12:45:15+08:00 ] ERR: (ThinkException) 非法操作:undefined
[ 2017-09-29T12:46:00+08:00 ] ERR: (ThinkException) 非法操作:undefined
[ 2017-09-29T12:46:27+08:00 ] ERR: (ThinkException) 非法操作:undefined
[ 2017-09-29T12:46:35+08:00 ] ERR: (ThinkException) 非法操作:undefined
[ 2017-09-29T12:47:40+08:00 ] ERR: (ThinkException) 非法操作:undefined
[ 2017-09-29T12:51:14+08:00 ] ERR: (ThinkException) 非法操作:undefined
[ 2017-09-29T12:51:46+08:00 ] ERR: (ThinkException) 非法操作:undefined
[ 2017-09-29T12:56:32+08:00 ] ERR: (ThinkException) 非法操作:undefined
[ 2017-09-29T13:00:51+08:00 ] ERR: (ThinkException) 非法操作:undefined
[ 2017-09-29T13:01:05+08:00 ] ERR: (ThinkException) 非法操作:undefined
[ 2017-09-29T13:08:13+08:00 ] ERR: (ThinkException) 非法操作:undefined
[ 2017-09-29T13:22:59+08:00 ] ERR: (ThinkException) 非法操作:undefined
[ 2017-09-29T13:23:20+08:00 ] ERR: (ThinkException) 非法操作:undefined
[ 2017-09-29T13:28:03+08:00 ] ERR: (ThinkException) 非法操作:undefined
[ 2017-09-29T13:37:22+08:00 ] ERR: (ThinkException) 非法操作:undefined
[ 2017-09-29T13:45:59+08:00 ] ERR: (ThinkException) 非法操作:undefined
[ 2017-09-29T13:57:14+08:00 ] ERR: (ThinkException) 非法操作:undefined
[ 2017-09-29T13:57:38+08:00 ] ERR: (ThinkException) 非法操作:undefined
[ 2017-09-29T14:02:09+08:00 ] ERR: (ThinkException) 非法操作:undefined
[ 2017-09-29T14:05:19+08:00 ] ERR: (ThinkException) 非法操作:undefined
[ 2017-09-29T14:07:27+08:00 ] ERR: (ThinkException) 非法操作:undefined
[ 2017-09-29T14:20:40+08:00 ] ERR: (ThinkException) 非法操作:undefined
[ 2017-09-29T14:26:58+08:00 ] ERR: (ThinkException) 非法操作:undefined
[ 2017-09-29T14:37:36+08:00 ] ERR: (ThinkException) 非法操作:undefined
[ 2017-09-29T14:42:36+08:00 ] ERR: (ThinkException) 非法操作:undefined
[ 2017-09-29T14:56:04+08:00 ] ERR: (ThinkException) 非法操作:undefined
[ 2017-09-29T15:03:28+08:00 ] ERR: (ThinkException) 非法操作:undefined
[ 2017-09-29T15:04:36+08:00 ] ERR: (ThinkException) 非法操作:undefined
[ 2017-09-29T15:06:58+08:00 ] ERR: (ThinkException) 非法操作:undefined
[ 2017-09-29T15:14:00+08:00 ] ERR: (ThinkException) 非法操作:index
[ 2017-09-29T15:15:36+08:00 ] ERR: (ThinkException) 非法操作:undefined
[ 2017-09-29T15:19:46+08:00 ] ERR: (ThinkException) 非法操作:undefined
[ 2017-09-29T15:21:20+08:00 ] ERR: (ThinkException) 非法操作:index
[ 2017-09-29T15:21:26+08:00 ] ERR: (ThinkException) 非法操作:undefined
[ 2017-09-29T15:23:09+08:00 ] ERR: (ThinkException) 非法操作:undefined
[ 2017-09-29T15:23:37+08:00 ] ERR: (ThinkException) 非法操作:undefined
[ 2017-09-29T15:44:13+08:00 ] ERR: (ThinkException) 非法操作:undefined
[ 2017-09-29T15:44:35+08:00 ] ERR: (ThinkException) 非法操作:undefined
[ 2017-09-29T15:46:12+08:00 ] ERR: (ThinkException) 非法操作:undefined
[ 2017-09-29T15:48:59+08:00 ] ERR: (ThinkException) 非法操作:undefined
[ 2017-09-29T15:52:09+08:00 ] ERR: (ThinkException) 非法操作:undefined
[ 2017-09-29T15:53:38+08:00 ] ERR: (ThinkException) 非法操作:undefined
[ 2017-09-29T16:09:24+08:00 ] ERR: (ThinkException) 非法操作:undefined
[ 2017-09-29T16:17:34+08:00 ] ERR: (ThinkException) 非法操作:undefined
[ 2017-09-29T16:18:35+08:00 ] ERR: (ThinkException) 非法操作:undefined
[ 2017-09-29T16:32:45+08:00 ] ERR: (ThinkException) 非法操作:undefined
[ 2017-09-29T16:37:54+08:00 ] ERR: (ThinkException) 非法操作:undefined
[ 2017-09-29T16:39:07+08:00 ] ERR: (ThinkException) 非法操作:undefined
[ 2017-09-29T16:40:15+08:00 ] ERR: (ThinkException) 非法操作:register
[ 2017-09-29T16:41:05+08:00 ] ERR: (ThinkException) 非法操作:undefined
[ 2017-09-29T16:59:37+08:00 ] ERR: (ThinkException) 非法操作:undefined
[ 2017-09-29T17:04:18+08:00 ] ERR: (ThinkException) 非法操作:undefined
[ 2017-09-29T17:06:11+08:00 ] ERR: (ThinkException) 非法操作:undefined
[ 2017-09-29T17:06:53+08:00 ] ERR: (ThinkException) 模板不存在[/var/www/taizhou/app/AppHome/Tpl/public/error.html]
[ 2017-09-29T17:06:53+08:00 ] ERR: (ThinkException) 模板不存在[/var/www/taizhou/app/AppHome/Tpl/public/error.html]
[ 2017-09-29T17:06:55+08:00 ] ERR: (ThinkException) 模板不存在[/var/www/taizhou/app/AppHome/Tpl/public/error.html]
[ 2017-09-29T17:07:02+08:00 ] ERR: (ThinkException) 模板不存在[/var/www/taizhou/app/AppHome/Tpl/public/error.html]
[ 2017-09-29T17:07:09+08:00 ] ERR: (ThinkException) 非法操作:undefined
[ 2017-09-29T17:09:47+08:00 ] ERR: (ThinkException) 非法操作:undefined
[ 2017-09-29T17:12:22+08:00 ] ERR: (ThinkException) 非法操作:undefined
[ 2017-09-29T17:16:41+08:00 ] ERR: (ThinkException) 非法操作:undefined
[ 2017-09-29T17:17:32+08:00 ] ERR: (ThinkException) 非法操作:undefined
[ 2017-09-29T17:19:56+08:00 ] ERR: (ThinkException) 非法操作:undefined
[ 2017-09-29T17:26:44+08:00 ] ERR: (ThinkException) 非法操作:undefined
[ 2017-09-29T17:27:30+08:00 ] ERR: (ThinkException) 非法操作:undefined
[ 2017-09-29T17:30:30+08:00 ] ERR: (ThinkException) 非法操作:undefined
[ 2017-09-29T17:38:11+08:00 ] ERR: (ThinkException) 非法操作:undefined
[ 2017-09-29T17:43:03+08:00 ] ERR: (ThinkException) 非法操作:undefined
[ 2017-09-29T17:43:58+08:00 ] ERR: (ThinkException) 非法操作:undefined
[ 2017-09-29T17:59:49+08:00 ] ERR: (ThinkException) 非法操作:undefined
[ 2017-09-29T18:02:52+08:00 ] ERR: (ThinkException) 非法操作:undefined
[ 2017-09-29T18:08:08+08:00 ] ERR: (ThinkException) 非法操作:undefined
[ 2017-09-29T18:16:20+08:00 ] ERR: (ThinkException) 非法操作:undefined
[ 2017-09-29T18:21:52+08:00 ] ERR: (ThinkException) 非法操作:undefined
[ 2017-09-29T18:24:13+08:00 ] ERR: (ThinkException) 非法操作:undefined
[ 2017-09-29T18:29:25+08:00 ] ERR: (ThinkException) 非法操作:undefined
[ 2017-09-29T18:45:03+08:00 ] ERR: (ThinkException) 非法操作:undefined
[ 2017-09-29T19:03:51+08:00 ] ERR: (ThinkException) 非法操作:undefined
[ 2017-09-29T19:04:44+08:00 ] ERR: (ThinkException) 非法操作:undefined
[ 2017-09-29T19:06:03+08:00 ] ERR: (ThinkException) 非法操作:undefined
[ 2017-09-29T19:09:56+08:00 ] ERR: (ThinkException) 非法操作:undefined
[ 2017-09-29T19:32:55+08:00 ] ERR: (ThinkException) 非法操作:undefined
[ 2017-09-29T19:34:18+08:00 ] ERR: (ThinkException) 非法操作:undefined
[ 2017-09-29T20:22:42+08:00 ] ERR: (ThinkException) 非法操作:undefined
[ 2017-09-29T20:37:29+08:00 ] ERR: (ThinkException) 非法操作:undefined
[ 2017-09-29T20:40:00+08:00 ] ERR: (ThinkException) 非法操作:undefined
[ 2017-09-29T20:40:34+08:00 ] ERR: (ThinkException) 非法操作:undefined
[ 2017-09-29T20:45:44+08:00 ] ERR: (ThinkException) 非法操作:undefined
[ 2017-09-29T20:48:36+08:00 ] ERR: (ThinkException) 非法操作:undefined
[ 2017-09-29T20:50:07+08:00 ] ERR: (ThinkException) 非法操作:undefined
[ 2017-09-29T20:57:16+08:00 ] ERR: (ThinkException) 非法操作:undefined
[ 2017-09-29T20:59:33+08:00 ] ERR: (ThinkException) 非法操作:undefined
[ 2017-09-29T21:01:49+08:00 ] ERR: (ThinkException) 非法操作:undefined
[ 2017-09-29T21:04:40+08:00 ] ERR: (ThinkException) 非法操作:undefined
[ 2017-09-29T21:10:26+08:00 ] ERR: (ThinkException) 非法操作:undefined
[ 2017-09-29T21:13:51+08:00 ] ERR: (ThinkException) 非法操作:undefined
[ 2017-09-29T21:18:56+08:00 ] ERR: (ThinkException) 非法操作:undefined
[ 2017-09-29T21:20:43+08:00 ] ERR: (ThinkException) 非法操作:undefined
[ 2017-09-29T21:21:28+08:00 ] ERR: (ThinkException) 非法操作:undefined
[ 2017-09-29T21:43:55+08:00 ] ERR: (ThinkException) 非法操作:undefined
[ 2017-09-29T21:44:00+08:00 ] ERR: (ThinkException) 非法操作:undefined
[ 2017-09-29T21:44:34+08:00 ] ERR: (ThinkException) 非法操作:undefined
[ 2017-09-29T21:45:13+08:00 ] ERR: (ThinkException) 非法操作:undefined
[ 2017-09-29T21:45:42+08:00 ] ERR: (ThinkException) 非法操作:undefined
[ 2017-09-29T21:46:03+08:00 ] ERR: (ThinkException) 非法操作:undefined
[ 2017-09-29T21:55:17+08:00 ] ERR: (ThinkException) 非法操作:undefined
[ 2017-09-29T21:55:18+08:00 ] ERR: (ThinkException) 非法操作:undefined
[ 2017-09-29T22:07:30+08:00 ] ERR: (ThinkException) 模板不存在[/var/www/taizhou/app/AppHome/Tpl/public/error.html]
[ 2017-09-29T22:08:14+08:00 ] ERR: (ThinkException) 模板不存在[/var/www/taizhou/app/AppHome/Tpl/public/error.html]
[ 2017-09-29T22:08:24+08:00 ] ERR: (ThinkException) 非法操作:undefined
[ 2017-09-29T22:39:06+08:00 ] ERR: (ThinkException) 非法操作:undefined
[ 2017-09-29T22:42:15+08:00 ] ERR: (ThinkException) 非法操作:undefined
[ 2017-09-29T22:47:54+08:00 ] ERR: (ThinkException) 非法操作:undefined
[ 2017-09-29T22:53:51+08:00 ] ERR: (ThinkException) 非法操作:undefined
[ 2017-09-29T23:01:00+08:00 ] ERR: (ThinkException) 非法操作:undefined
[ 2017-09-29T23:02:42+08:00 ] ERR: (ThinkException) 非法操作:undefined
[ 2017-09-29T23:21:55+08:00 ] ERR: (ThinkException) 非法操作:undefined
[ 2017-09-29T23:33:33+08:00 ] ERR: (ThinkException) 非法操作:undefined
