[ 2017-09-30T04:29:10+08:00 ] ERR: (ThinkException) 非法操作:undefined
[ 2017-09-30T04:51:01+08:00 ] ERR: (ThinkException) 非法操作:undefined
[ 2017-09-30T05:43:22+08:00 ] ERR: (ThinkException) 非法操作:undefined
[ 2017-09-30T05:57:45+08:00 ] ERR: (ThinkException) 非法操作:undefined
[ 2017-09-30T06:07:09+08:00 ] ERR: (ThinkException) 非法操作:undefined
[ 2017-09-30T06:07:46+08:00 ] ERR: (ThinkException) 非法操作:undefined
[ 2017-09-30T06:25:32+08:00 ] ERR: (ThinkException) 非法操作:undefined
[ 2017-09-30T06:29:03+08:00 ] ERR: (ThinkException) 非法操作:undefined
[ 2017-09-30T06:36:47+08:00 ] ERR: (ThinkException) 非法操作:undefined
[ 2017-09-30T06:47:11+08:00 ] ERR: (ThinkException) 非法操作:undefined
[ 2017-09-30T06:52:09+08:00 ] ERR: (ThinkException) 非法操作:undefined
[ 2017-09-30T06:54:20+08:00 ] ERR: (ThinkException) 非法操作:undefined
[ 2017-09-30T06:57:38+08:00 ] ERR: (ThinkException) 非法操作:undefined
[ 2017-09-30T07:02:03+08:00 ] ERR: (ThinkException) 非法操作:undefined
[ 2017-09-30T07:26:32+08:00 ] ERR: (ThinkException) 非法操作:undefined
[ 2017-09-30T07:28:30+08:00 ] ERR: (ThinkException) 非法操作:undefined
[ 2017-09-30T07:53:44+08:00 ] ERR: (ThinkException) 非法操作:undefined
[ 2017-09-30T07:58:30+08:00 ] ERR: (ThinkException) 非法操作:undefined
[ 2017-09-30T07:59:05+08:00 ] ERR: (ThinkException) 非法操作:undefined
[ 2017-09-30T07:59:55+08:00 ] ERR: (ThinkException) 非法操作:undefined
[ 2017-09-30T08:16:28+08:00 ] ERR: (ThinkException) 非法操作:undefined
[ 2017-09-30T08:36:09+08:00 ] ERR: (ThinkException) 非法操作:undefined
[ 2017-09-30T08:36:37+08:00 ] ERR: (ThinkException) 非法操作:undefined
[ 2017-09-30T08:40:03+08:00 ] ERR: (ThinkException) 非法操作:undefined
[ 2017-09-30T08:40:34+08:00 ] ERR: (ThinkException) 非法操作:undefined
[ 2017-09-30T08:48:39+08:00 ] ERR: (ThinkException) 非法操作:undefined
[ 2017-09-30T08:51:50+08:00 ] ERR: (ThinkException) 非法操作:undefined
[ 2017-09-30T08:59:19+08:00 ] ERR: (ThinkException) 非法操作:undefined
[ 2017-09-30T09:00:49+08:00 ] ERR: (ThinkException) 非法操作:undefined
[ 2017-09-30T09:03:27+08:00 ] ERR: (ThinkException) 非法操作:undefined
[ 2017-09-30T09:04:19+08:00 ] ERR: (ThinkException) 非法操作:undefined
[ 2017-09-30T09:04:19+08:00 ] ERR: (ThinkException) 非法操作:undefined
[ 2017-09-30T09:05:14+08:00 ] ERR: (ThinkException) 非法操作:undefined
[ 2017-09-30T09:07:15+08:00 ] ERR: (ThinkException) 非法操作:undefined
[ 2017-09-30T09:08:56+08:00 ] ERR: (ThinkException) 非法操作:undefined
[ 2017-09-30T09:09:19+08:00 ] ERR: (ThinkException) 非法操作:undefined
[ 2017-09-30T09:10:50+08:00 ] ERR: (ThinkException) 非法操作:undefined
[ 2017-09-30T09:11:01+08:00 ] ERR: (ThinkException) 非法操作:undefined
[ 2017-09-30T09:13:07+08:00 ] ERR: (ThinkException) 非法操作:undefined
[ 2017-09-30T09:13:31+08:00 ] ERR: (ThinkException) 非法操作:undefined
[ 2017-09-30T09:14:20+08:00 ] ERR: (ThinkException) 非法操作:undefined
[ 2017-09-30T09:14:22+08:00 ] ERR: (ThinkException) 非法操作:undefined
[ 2017-09-30T09:17:58+08:00 ] ERR: (ThinkException) 非法操作:undefined
[ 2017-09-30T09:18:18+08:00 ] ERR: (ThinkException) 非法操作:undefined
[ 2017-09-30T09:18:50+08:00 ] ERR: (ThinkException) 非法操作:undefined
[ 2017-09-30T09:22:44+08:00 ] ERR: (ThinkException) 非法操作:undefined
[ 2017-09-30T09:35:24+08:00 ] ERR: (ThinkException) 非法操作:undefined
[ 2017-09-30T09:37:20+08:00 ] ERR: (ThinkException) 非法操作:undefined
[ 2017-09-30T09:40:58+08:00 ] ERR: (ThinkException) 非法操作:undefined
[ 2017-09-30T09:43:48+08:00 ] ERR: (ThinkException) 非法操作:undefined
[ 2017-09-30T09:46:33+08:00 ] ERR: (ThinkException) 非法操作:undefined
[ 2017-09-30T09:46:34+08:00 ] ERR: (ThinkException) 非法操作:undefined
[ 2017-09-30T09:49:49+08:00 ] ERR: (ThinkException) 非法操作:undefined
[ 2017-09-30T09:50:01+08:00 ] ERR: (ThinkException) 非法操作:undefined
[ 2017-09-30T09:51:07+08:00 ] ERR: (ThinkException) 非法操作:undefined
[ 2017-09-30T09:52:11+08:00 ] ERR: (ThinkException) 非法操作:undefined
[ 2017-09-30T09:52:53+08:00 ] ERR: (ThinkException) 非法操作:undefined
[ 2017-09-30T09:53:46+08:00 ] ERR: (ThinkException) 非法操作:undefined
[ 2017-09-30T09:54:21+08:00 ] ERR: (ThinkException) 非法操作:undefined
[ 2017-09-30T09:54:59+08:00 ] ERR: (ThinkException) 非法操作:undefined
[ 2017-09-30T09:57:26+08:00 ] ERR: (ThinkException) 非法操作:undefined
[ 2017-09-30T09:57:38+08:00 ] ERR: (ThinkException) 非法操作:undefined
[ 2017-09-30T10:04:11+08:00 ] ERR: (ThinkException) 非法操作:undefined
[ 2017-09-30T10:12:16+08:00 ] ERR: (ThinkException) 非法操作:undefined
[ 2017-09-30T10:13:05+08:00 ] ERR: (ThinkException) 非法操作:undefined
[ 2017-09-30T10:13:06+08:00 ] ERR: (ThinkException) 非法操作:undefined
[ 2017-09-30T10:13:53+08:00 ] ERR: (ThinkException) 非法操作:undefined
[ 2017-09-30T10:15:12+08:00 ] ERR: (ThinkException) 非法操作:undefined
[ 2017-09-30T10:15:45+08:00 ] ERR: (ThinkException) 非法操作:undefined
[ 2017-09-30T10:17:51+08:00 ] ERR: (ThinkException) 非法操作:undefined
[ 2017-09-30T10:17:55+08:00 ] ERR: (ThinkException) 非法操作:undefined
[ 2017-09-30T10:18:20+08:00 ] ERR: (ThinkException) 非法操作:undefined
[ 2017-09-30T10:18:56+08:00 ] ERR: (ThinkException) 非法操作:undefined
[ 2017-09-30T10:19:07+08:00 ] ERR: (ThinkException) 非法操作:undefined
[ 2017-09-30T10:22:21+08:00 ] ERR: (ThinkException) 非法操作:undefined
[ 2017-09-30T10:26:08+08:00 ] ERR: (ThinkException) 非法操作:undefined
[ 2017-09-30T10:31:52+08:00 ] ERR: (ThinkException) 非法操作:undefined
[ 2017-09-30T10:31:54+08:00 ] ERR: (ThinkException) 非法操作:undefined
[ 2017-09-30T10:34:23+08:00 ] ERR: (ThinkException) 非法操作:undefined
[ 2017-09-30T10:35:14+08:00 ] ERR: (ThinkException) 非法操作:undefined
[ 2017-09-30T10:39:48+08:00 ] ERR: (ThinkException) 非法操作:undefined
[ 2017-09-30T10:39:48+08:00 ] ERR: (ThinkException) 非法操作:undefined
[ 2017-09-30T10:40:55+08:00 ] ERR: (ThinkException) 非法操作:undefined
[ 2017-09-30T10:41:22+08:00 ] ERR: (ThinkException) 非法操作:undefined
[ 2017-09-30T10:42:10+08:00 ] ERR: (ThinkException) 非法操作:undefined
[ 2017-09-30T10:43:06+08:00 ] ERR: (ThinkException) 非法操作:undefined
[ 2017-09-30T10:43:45+08:00 ] ERR: (ThinkException) 非法操作:undefined
[ 2017-09-30T10:45:07+08:00 ] ERR: (ThinkException) 非法操作:undefined
[ 2017-09-30T10:48:21+08:00 ] ERR: (ThinkException) 非法操作:undefined
[ 2017-09-30T10:48:39+08:00 ] ERR: (ThinkException) 非法操作:undefined
[ 2017-09-30T10:51:15+08:00 ] ERR: (ThinkException) 非法操作:undefined
[ 2017-09-30T10:53:50+08:00 ] ERR: (ThinkException) 非法操作:undefined
[ 2017-09-30T10:54:22+08:00 ] ERR: (ThinkException) 非法操作:undefined
[ 2017-09-30T10:54:32+08:00 ] ERR: (ThinkException) 非法操作:undefined
[ 2017-09-30T10:55:52+08:00 ] ERR: (ThinkException) 非法操作:undefined
[ 2017-09-30T11:03:05+08:00 ] ERR: (ThinkException) 非法操作:undefined
[ 2017-09-30T11:03:27+08:00 ] ERR: (ThinkException) 非法操作:undefined
[ 2017-09-30T11:05:17+08:00 ] ERR: (ThinkException) 非法操作:undefined
[ 2017-09-30T11:05:28+08:00 ] ERR: (ThinkException) 非法操作:undefined
[ 2017-09-30T11:09:04+08:00 ] ERR: (ThinkException) 非法操作:undefined
[ 2017-09-30T11:10:15+08:00 ] ERR: (ThinkException) 非法操作:undefined
[ 2017-09-30T11:10:56+08:00 ] ERR: (ThinkException) 非法操作:undefined
[ 2017-09-30T11:16:42+08:00 ] ERR: (ThinkException) 非法操作:undefined
[ 2017-09-30T11:21:02+08:00 ] ERR: (ThinkException) 非法操作:undefined
[ 2017-09-30T11:21:26+08:00 ] ERR: (ThinkException) 非法操作:undefined
[ 2017-09-30T11:22:43+08:00 ] ERR: (ThinkException) 非法操作:undefined
[ 2017-09-30T11:24:07+08:00 ] ERR: (ThinkException) 非法操作:undefined
[ 2017-09-30T11:27:09+08:00 ] ERR: (ThinkException) 非法操作:undefined
[ 2017-09-30T11:27:42+08:00 ] ERR: (ThinkException) 非法操作:undefined
[ 2017-09-30T11:31:11+08:00 ] ERR: (ThinkException) 非法操作:undefined
[ 2017-09-30T11:42:58+08:00 ] ERR: (ThinkException) 非法操作:undefined
[ 2017-09-30T11:54:34+08:00 ] ERR: (ThinkException) 非法操作:undefined
[ 2017-09-30T12:02:20+08:00 ] ERR: (ThinkException) 非法操作:undefined
[ 2017-09-30T12:02:40+08:00 ] ERR: (ThinkException) 非法操作:undefined
[ 2017-09-30T12:05:01+08:00 ] ERR: (ThinkException) 非法操作:undefined
[ 2017-09-30T12:05:20+08:00 ] ERR: (ThinkException) 非法操作:undefined
[ 2017-09-30T12:10:33+08:00 ] ERR: (ThinkException) 非法操作:undefined
[ 2017-09-30T12:10:58+08:00 ] ERR: (ThinkException) 非法操作:undefined
[ 2017-09-30T12:13:51+08:00 ] ERR: (ThinkException) 非法操作:undefined
[ 2017-09-30T12:14:07+08:00 ] ERR: (ThinkException) 非法操作:undefined
[ 2017-09-30T12:17:36+08:00 ] ERR: (ThinkException) 非法操作:undefined
[ 2017-09-30T12:19:40+08:00 ] ERR: (ThinkException) 非法操作:undefined
[ 2017-09-30T12:28:21+08:00 ] ERR: (ThinkException) 非法操作:undefined
[ 2017-09-30T12:29:13+08:00 ] ERR: (ThinkException) 非法操作:undefined
[ 2017-09-30T12:30:45+08:00 ] ERR: (ThinkException) 非法操作:undefined
[ 2017-09-30T12:30:56+08:00 ] ERR: (ThinkException) 非法操作:undefined
[ 2017-09-30T12:32:04+08:00 ] ERR: (ThinkException) 非法操作:undefined
[ 2017-09-30T12:33:05+08:00 ] ERR: (ThinkException) 非法操作:undefined
[ 2017-09-30T12:36:31+08:00 ] ERR: (ThinkException) 非法操作:undefined
[ 2017-09-30T12:39:42+08:00 ] ERR: (ThinkException) 非法操作:undefined
[ 2017-09-30T12:43:21+08:00 ] ERR: (ThinkException) 非法操作:undefined
[ 2017-09-30T12:45:25+08:00 ] ERR: (ThinkException) 非法操作:undefined
[ 2017-09-30T12:46:24+08:00 ] ERR: (ThinkException) 非法操作:undefined
[ 2017-09-30T12:46:51+08:00 ] ERR: (ThinkException) 非法操作:undefined
[ 2017-09-30T12:49:12+08:00 ] ERR: (ThinkException) 非法操作:undefined
[ 2017-09-30T12:50:59+08:00 ] ERR: (ThinkException) 非法操作:undefined
[ 2017-09-30T12:51:34+08:00 ] ERR: (ThinkException) 非法操作:undefined
[ 2017-09-30T12:53:58+08:00 ] ERR: (ThinkException) 非法操作:undefined
[ 2017-09-30T12:54:21+08:00 ] ERR: (ThinkException) 非法操作:undefined
[ 2017-09-30T12:56:17+08:00 ] ERR: (ThinkException) 非法操作:undefined
[ 2017-09-30T12:56:19+08:00 ] ERR: (ThinkException) 非法操作:undefined
[ 2017-09-30T12:58:04+08:00 ] ERR: (ThinkException) 非法操作:undefined
[ 2017-09-30T12:58:08+08:00 ] ERR: (ThinkException) 非法操作:undefined
[ 2017-09-30T13:01:15+08:00 ] ERR: (ThinkException) 非法操作:undefined
[ 2017-09-30T13:01:16+08:00 ] ERR: (ThinkException) 非法操作:undefined
[ 2017-09-30T13:03:42+08:00 ] ERR: (ThinkException) 非法操作:undefined
[ 2017-09-30T13:04:43+08:00 ] ERR: (ThinkException) 非法操作:undefined
[ 2017-09-30T13:05:46+08:00 ] ERR: (ThinkException) 非法操作:12FC6619739C94B2E9B285AE8862E0773
[ 2017-09-30T13:06:08+08:00 ] ERR: (ThinkException) 非法操作:12FC6619739C94B2E9B285AE8862E0773
[ 2017-09-30T13:06:08+08:00 ] ERR: (ThinkException) 非法操作:42FC6619739C94B2E9B285AE8862E0773
[ 2017-09-30T13:06:08+08:00 ] ERR: (ThinkException) 非法操作:32FC6619739C94B2E9B285AE8862E0773
[ 2017-09-30T13:06:08+08:00 ] ERR: (ThinkException) 非法操作:22FC6619739C94B2E9B285AE8862E0773
[ 2017-09-30T13:06:08+08:00 ] ERR: (ThinkException) 非法操作:12FC6619739C94B2E9B285AE8862E0773
[ 2017-09-30T13:06:30+08:00 ] ERR: (ThinkException) 非法操作:12FC6619739C94B2E9B285AE8862E0773
[ 2017-09-30T13:06:30+08:00 ] ERR: (ThinkException) 非法操作:22FC6619739C94B2E9B285AE8862E0773
[ 2017-09-30T13:06:30+08:00 ] ERR: (ThinkException) 非法操作:32FC6619739C94B2E9B285AE8862E0773
[ 2017-09-30T13:06:30+08:00 ] ERR: (ThinkException) 非法操作:42FC6619739C94B2E9B285AE8862E0773
[ 2017-09-30T13:06:31+08:00 ] ERR: (ThinkException) 非法操作:12FC6619739C94B2E9B285AE8862E0773
[ 2017-09-30T13:06:37+08:00 ] ERR: (ThinkException) 非法操作:undefined
[ 2017-09-30T13:19:57+08:00 ] ERR: (ThinkException) 非法操作:undefined
[ 2017-09-30T13:26:09+08:00 ] ERR: (ThinkException) 非法操作:undefined
[ 2017-09-30T13:26:13+08:00 ] ERR: (ThinkException) 非法操作:undefined
[ 2017-09-30T13:27:43+08:00 ] ERR: (ThinkException) 非法操作:undefined
[ 2017-09-30T13:32:41+08:00 ] ERR: (ThinkException) 非法操作:undefined
[ 2017-09-30T13:36:49+08:00 ] ERR: (ThinkException) 非法操作:undefined
[ 2017-09-30T13:44:26+08:00 ] ERR: (ThinkException) 非法操作:undefined
[ 2017-09-30T13:45:44+08:00 ] ERR: (ThinkException) 非法操作:undefined
[ 2017-09-30T13:47:43+08:00 ] ERR: (ThinkException) 非法操作:undefined
[ 2017-09-30T13:50:11+08:00 ] ERR: (ThinkException) 非法操作:undefined
[ 2017-09-30T13:59:01+08:00 ] ERR: (ThinkException) 非法操作:undefined
[ 2017-09-30T14:00:43+08:00 ] ERR: (ThinkException) 非法操作:undefined
[ 2017-09-30T14:07:57+08:00 ] ERR: (ThinkException) 非法操作:undefined
[ 2017-09-30T14:11:11+08:00 ] ERR: (ThinkException) 非法操作:undefined
[ 2017-09-30T14:12:42+08:00 ] ERR: (ThinkException) 非法操作:index
[ 2017-09-30T14:19:01+08:00 ] ERR: (ThinkException) 非法操作:undefined
[ 2017-09-30T14:20:53+08:00 ] ERR: (ThinkException) 非法操作:undefined
[ 2017-09-30T14:22:38+08:00 ] ERR: (ThinkException) 非法操作:undefined
[ 2017-09-30T14:25:05+08:00 ] ERR: (ThinkException) 非法操作:undefined
[ 2017-09-30T14:25:07+08:00 ] ERR: (ThinkException) 非法操作:undefined
[ 2017-09-30T14:25:33+08:00 ] ERR: (ThinkException) 非法操作:undefined
[ 2017-09-30T14:30:56+08:00 ] ERR: (ThinkException) 非法操作:undefined
[ 2017-09-30T14:31:40+08:00 ] ERR: (ThinkException) 非法操作:undefined
[ 2017-09-30T14:37:33+08:00 ] ERR: (ThinkException) 非法操作:undefined
[ 2017-09-30T14:37:36+08:00 ] ERR: (ThinkException) 非法操作:undefined
[ 2017-09-30T14:46:45+08:00 ] ERR: (ThinkException) 非法操作:undefined
[ 2017-09-30T14:55:11+08:00 ] ERR: (ThinkException) 非法操作:undefined
[ 2017-09-30T14:59:15+08:00 ] ERR: (ThinkException) 非法操作:undefined
[ 2017-09-30T15:00:43+08:00 ] ERR: (ThinkException) 非法操作:undefined
[ 2017-09-30T15:02:49+08:00 ] ERR: (ThinkException) 非法操作:undefined
[ 2017-09-30T15:05:10+08:00 ] ERR: (ThinkException) 非法操作:undefined
[ 2017-09-30T15:09:33+08:00 ] ERR: (ThinkException) 非法操作:undefined
[ 2017-09-30T15:09:51+08:00 ] ERR: (ThinkException) 非法操作:undefined
[ 2017-09-30T15:16:38+08:00 ] ERR: (ThinkException) 非法操作:undefined
[ 2017-09-30T15:22:42+08:00 ] ERR: (ThinkException) 非法操作:undefined
[ 2017-09-30T15:30:06+08:00 ] ERR: (ThinkException) 非法操作:undefined
[ 2017-09-30T15:31:37+08:00 ] ERR: (ThinkException) 非法操作:undefined
[ 2017-09-30T15:34:25+08:00 ] ERR: (ThinkException) 非法操作:undefined
[ 2017-09-30T15:36:31+08:00 ] ERR: (ThinkException) 非法操作:undefined
[ 2017-09-30T15:38:50+08:00 ] ERR: (ThinkException) 非法操作:undefined
[ 2017-09-30T15:45:32+08:00 ] ERR: (ThinkException) 非法操作:undefined
[ 2017-09-30T15:52:48+08:00 ] ERR: (ThinkException) 非法操作:undefined
[ 2017-09-30T15:55:20+08:00 ] ERR: (ThinkException) 非法操作:undefined
[ 2017-09-30T15:56:30+08:00 ] ERR: (ThinkException) 非法操作:undefined
[ 2017-09-30T15:58:34+08:00 ] ERR: (ThinkException) 非法操作:undefined
[ 2017-09-30T15:59:18+08:00 ] ERR: (ThinkException) 非法操作:undefined
[ 2017-09-30T16:00:37+08:00 ] ERR: (ThinkException) 非法操作:undefined
[ 2017-09-30T16:01:41+08:00 ] ERR: (ThinkException) 非法操作:undefined
[ 2017-09-30T16:02:07+08:00 ] ERR: (ThinkException) 非法操作:undefined
[ 2017-09-30T16:03:01+08:00 ] ERR: (ThinkException) 非法操作:undefined
[ 2017-09-30T16:08:18+08:00 ] ERR: (ThinkException) 非法操作:undefined
[ 2017-09-30T16:10:51+08:00 ] ERR: (ThinkException) 非法操作:undefined
[ 2017-09-30T16:12:23+08:00 ] ERR: (ThinkException) 非法操作:undefined
[ 2017-09-30T16:13:01+08:00 ] ERR: (ThinkException) 非法操作:undefined
[ 2017-09-30T16:18:29+08:00 ] ERR: (ThinkException) 非法操作:undefined
[ 2017-09-30T16:20:44+08:00 ] ERR: (ThinkException) 非法操作:undefined
[ 2017-09-30T16:23:03+08:00 ] ERR: (ThinkException) 非法操作:undefined
[ 2017-09-30T16:25:37+08:00 ] ERR: (ThinkException) 非法操作:undefined
[ 2017-09-30T16:31:03+08:00 ] ERR: (ThinkException) 非法操作:undefined
[ 2017-09-30T16:34:11+08:00 ] ERR: (ThinkException) 非法操作:register
[ 2017-09-30T16:34:11+08:00 ] ERR: (ThinkException) 非法操作:register
[ 2017-09-30T16:44:54+08:00 ] ERR: (ThinkException) 非法操作:undefined
[ 2017-09-30T16:45:10+08:00 ] ERR: (ThinkException) 非法操作:undefined
[ 2017-09-30T16:47:38+08:00 ] ERR: (ThinkException) 非法操作:undefined
[ 2017-09-30T16:48:05+08:00 ] ERR: (ThinkException) 非法操作:undefined
[ 2017-09-30T16:48:31+08:00 ] ERR: (ThinkException) 非法操作:undefined
[ 2017-09-30T16:55:21+08:00 ] ERR: (ThinkException) 模板不存在[/var/www/taizhou/app/AppHome/Tpl/public/error.html]
[ 2017-09-30T16:56:45+08:00 ] ERR: (ThinkException) 非法操作:undefined
[ 2017-09-30T16:57:22+08:00 ] ERR: (ThinkException) 模板不存在[/var/www/taizhou/app/AppHome/Tpl/public/error.html]
[ 2017-09-30T16:58:02+08:00 ] ERR: (ThinkException) 模板不存在[/var/www/taizhou/app/AppHome/Tpl/public/error.html]
[ 2017-09-30T16:58:32+08:00 ] ERR: (ThinkException) 非法操作:undefined
[ 2017-09-30T16:58:35+08:00 ] ERR: (ThinkException) 非法操作:undefined
[ 2017-09-30T16:59:22+08:00 ] ERR: (ThinkException) 非法操作:undefined
[ 2017-09-30T17:01:36+08:00 ] ERR: (ThinkException) 模板不存在[/var/www/taizhou/app/AppHome/Tpl/public/error.html]
[ 2017-09-30T17:03:33+08:00 ] ERR: (ThinkException) 非法操作:undefined
[ 2017-09-30T17:06:51+08:00 ] ERR: (ThinkException) 非法操作:undefined
[ 2017-09-30T17:10:30+08:00 ] ERR: (ThinkException) 非法操作:undefined
[ 2017-09-30T17:13:58+08:00 ] ERR: (ThinkException) 非法操作:undefined
[ 2017-09-30T17:16:56+08:00 ] ERR: (ThinkException) 非法操作:undefined
[ 2017-09-30T17:18:13+08:00 ] ERR: (ThinkException) 非法操作:undefined
[ 2017-09-30T17:20:39+08:00 ] ERR: (ThinkException) 非法操作:undefined
[ 2017-09-30T17:30:09+08:00 ] ERR: (ThinkException) 非法操作:undefined
[ 2017-09-30T17:37:08+08:00 ] ERR: (ThinkException) 非法操作:undefined
[ 2017-09-30T17:45:55+08:00 ] ERR: (ThinkException) 非法操作:undefined
[ 2017-09-30T17:47:10+08:00 ] ERR: (ThinkException) 非法操作:undefined
[ 2017-09-30T17:48:32+08:00 ] ERR: (ThinkException) 非法操作:undefined
[ 2017-09-30T17:48:37+08:00 ] ERR: (ThinkException) 非法操作:undefined
[ 2017-09-30T17:50:11+08:00 ] ERR: (ThinkException) 非法操作:undefined
[ 2017-09-30T17:50:25+08:00 ] ERR: (ThinkException) 非法操作:undefined
[ 2017-09-30T17:51:57+08:00 ] ERR: (ThinkException) 非法操作:undefined
[ 2017-09-30T17:54:28+08:00 ] ERR: (ThinkException) 非法操作:undefined
[ 2017-09-30T17:55:56+08:00 ] ERR: (ThinkException) 非法操作:undefined
[ 2017-09-30T18:02:23+08:00 ] ERR: (ThinkException) 非法操作:undefined
[ 2017-09-30T18:06:35+08:00 ] ERR: (ThinkException) 非法操作:undefined
[ 2017-09-30T18:08:04+08:00 ] ERR: (ThinkException) 非法操作:undefined
[ 2017-09-30T18:10:19+08:00 ] ERR: (ThinkException) 非法操作:undefined
[ 2017-09-30T18:14:07+08:00 ] ERR: (ThinkException) 非法操作:undefined
[ 2017-09-30T18:18:27+08:00 ] ERR: (ThinkException) 非法操作:undefined
[ 2017-09-30T18:26:24+08:00 ] ERR: (ThinkException) 非法操作:undefined
[ 2017-09-30T18:42:02+08:00 ] ERR: (ThinkException) 非法操作:undefined
[ 2017-09-30T18:47:07+08:00 ] ERR: (ThinkException) 非法操作:undefined
[ 2017-09-30T18:47:21+08:00 ] ERR: (ThinkException) 非法操作:undefined
[ 2017-09-30T18:49:56+08:00 ] ERR: (ThinkException) 非法操作:undefined
[ 2017-09-30T18:53:41+08:00 ] ERR: (ThinkException) 非法操作:undefined
[ 2017-09-30T18:55:29+08:00 ] ERR: (ThinkException) 非法操作:undefined
[ 2017-09-30T19:00:09+08:00 ] ERR: (ThinkException) 非法操作:undefined
[ 2017-09-30T19:01:05+08:00 ] ERR: (ThinkException) 非法操作:undefined
[ 2017-09-30T19:31:02+08:00 ] ERR: (ThinkException) 非法操作:undefined
[ 2017-09-30T19:35:24+08:00 ] ERR: (ThinkException) 非法操作:undefined
[ 2017-09-30T19:37:53+08:00 ] ERR: (ThinkException) 非法操作:undefined
[ 2017-09-30T19:44:10+08:00 ] ERR: (ThinkException) 非法操作:undefined
[ 2017-09-30T19:44:59+08:00 ] ERR: (ThinkException) 非法操作:undefined
[ 2017-09-30T20:18:56+08:00 ] ERR: (ThinkException) 非法操作:undefined
[ 2017-09-30T20:42:32+08:00 ] ERR: (ThinkException) 非法操作:undefined
[ 2017-09-30T20:55:33+08:00 ] ERR: (ThinkException) 非法操作:undefined
[ 2017-09-30T20:57:02+08:00 ] ERR: (ThinkException) 非法操作:undefined
[ 2017-09-30T20:58:04+08:00 ] ERR: (ThinkException) 非法操作:undefined
[ 2017-09-30T21:05:45+08:00 ] ERR: (ThinkException) 非法操作:undefined
[ 2017-09-30T21:07:17+08:00 ] ERR: (ThinkException) 非法操作:undefined
[ 2017-09-30T21:13:56+08:00 ] ERR: (ThinkException) 非法操作:undefined
[ 2017-09-30T21:17:55+08:00 ] ERR: (ThinkException) 非法操作:undefined
[ 2017-09-30T21:26:09+08:00 ] ERR: (ThinkException) 非法操作:undefined
[ 2017-09-30T21:54:10+08:00 ] ERR: (ThinkException) 非法操作:undefined
[ 2017-09-30T22:00:03+08:00 ] ERR: (ThinkException) 非法操作:undefined
[ 2017-09-30T22:02:25+08:00 ] ERR: (ThinkException) 非法操作:undefined
[ 2017-09-30T22:02:54+08:00 ] ERR: (ThinkException) 非法操作:undefined
[ 2017-09-30T22:03:09+08:00 ] ERR: (ThinkException) 非法操作:undefined
[ 2017-09-30T22:03:12+08:00 ] ERR: (ThinkException) 非法操作:undefined
[ 2017-09-30T22:04:12+08:00 ] ERR: (ThinkException) 非法操作:undefined
[ 2017-09-30T22:05:03+08:00 ] ERR: (ThinkException) 非法操作:undefined
[ 2017-09-30T22:25:50+08:00 ] ERR: (ThinkException) 非法操作:undefined
[ 2017-09-30T22:27:06+08:00 ] ERR: (ThinkException) 非法操作:undefined
[ 2017-09-30T22:43:50+08:00 ] ERR: (ThinkException) 非法操作:undefined
[ 2017-09-30T22:43:55+08:00 ] ERR: (ThinkException) 非法操作:undefined
[ 2017-09-30T23:05:37+08:00 ] ERR: (ThinkException) 模板不存在[/var/www/taizhou/app/AppHome/Tpl/login/index.html]
[ 2017-09-30T23:07:54+08:00 ] ERR: (ThinkException) 非法操作:undefined
[ 2017-09-30T23:12:12+08:00 ] ERR: (ThinkException) 非法操作:undefined
[ 2017-09-30T23:58:08+08:00 ] ERR: (ThinkException) 非法操作:undefined
