[ 2017-11-06T03:41:54+08:00 ] ERR: (ThinkException) 非法操作:undefined
[ 2017-11-06T03:50:53+08:00 ] ERR: (ThinkException) 非法操作:undefined
[ 2017-11-06T05:30:58+08:00 ] ERR: (ThinkException) 非法操作:undefined
[ 2017-11-06T05:53:38+08:00 ] ERR: (ThinkException) 非法操作:undefined
[ 2017-11-06T06:25:11+08:00 ] ERR: (ThinkException) 非法操作:undefined
[ 2017-11-06T06:34:43+08:00 ] ERR: (ThinkException) 非法操作:undefined
[ 2017-11-06T06:38:23+08:00 ] ERR: (ThinkException) 非法操作:undefined
[ 2017-11-06T06:41:30+08:00 ] ERR: (ThinkException) 非法操作:undefined
[ 2017-11-06T06:44:05+08:00 ] ERR: (ThinkException) 非法操作:undefined
[ 2017-11-06T06:44:56+08:00 ] ERR: (ThinkException) 非法操作:undefined
[ 2017-11-06T06:45:10+08:00 ] ERR: (ThinkException) 非法操作:undefined
[ 2017-11-06T06:47:23+08:00 ] ERR: (ThinkException) 非法操作:undefined
[ 2017-11-06T06:52:02+08:00 ] ERR: (ThinkException) 非法操作:undefined
[ 2017-11-06T06:53:11+08:00 ] ERR: (ThinkException) 非法操作:undefined
[ 2017-11-06T06:54:34+08:00 ] ERR: (ThinkException) 非法操作:undefined
[ 2017-11-06T06:58:06+08:00 ] ERR: (ThinkException) 非法操作:undefined
[ 2017-11-06T07:00:14+08:00 ] ERR: (ThinkException) 非法操作:undefined
[ 2017-11-06T07:02:43+08:00 ] ERR: (ThinkException) 非法操作:undefined
[ 2017-11-06T07:04:37+08:00 ] ERR: (ThinkException) 非法操作:undefined
[ 2017-11-06T07:09:33+08:00 ] ERR: (ThinkException) 非法操作:undefined
[ 2017-11-06T07:11:58+08:00 ] ERR: (ThinkException) 非法操作:undefined
[ 2017-11-06T07:14:22+08:00 ] ERR: (ThinkException) 非法操作:undefined
[ 2017-11-06T07:16:19+08:00 ] ERR: (ThinkException) 非法操作:undefined
[ 2017-11-06T07:20:29+08:00 ] ERR: (ThinkException) 非法操作:undefined
[ 2017-11-06T07:24:01+08:00 ] ERR: (ThinkException) 非法操作:undefined
[ 2017-11-06T07:24:59+08:00 ] ERR: (ThinkException) 非法操作:undefined
[ 2017-11-06T07:28:23+08:00 ] ERR: (ThinkException) 非法操作:undefined
[ 2017-11-06T07:30:29+08:00 ] ERR: (ThinkException) 非法操作:undefined
[ 2017-11-06T07:33:35+08:00 ] ERR: (ThinkException) 非法操作:undefined
[ 2017-11-06T07:33:52+08:00 ] ERR: (ThinkException) 非法操作:undefined
[ 2017-11-06T07:34:05+08:00 ] ERR: (ThinkException) 非法操作:undefined
[ 2017-11-06T07:35:10+08:00 ] ERR: (ThinkException) 非法操作:undefined
[ 2017-11-06T07:35:49+08:00 ] ERR: (ThinkException) 非法操作:undefined
[ 2017-11-06T07:35:58+08:00 ] ERR: (ThinkException) 非法操作:undefined
[ 2017-11-06T07:36:41+08:00 ] ERR: (ThinkException) 非法操作:undefined
[ 2017-11-06T07:38:29+08:00 ] ERR: (ThinkException) 非法操作:undefined
[ 2017-11-06T07:38:45+08:00 ] ERR: (ThinkException) 非法操作:undefined
[ 2017-11-06T07:39:28+08:00 ] ERR: (ThinkException) 非法操作:undefined
[ 2017-11-06T07:40:04+08:00 ] ERR: (ThinkException) 非法操作:undefined
[ 2017-11-06T07:40:12+08:00 ] ERR: (ThinkException) 非法操作:undefined
[ 2017-11-06T07:40:21+08:00 ] ERR: (ThinkException) 非法操作:undefined
[ 2017-11-06T07:40:53+08:00 ] ERR: (ThinkException) 非法操作:undefined
[ 2017-11-06T07:43:56+08:00 ] ERR: (ThinkException) 非法操作:undefined
[ 2017-11-06T07:44:21+08:00 ] ERR: (ThinkException) 非法操作:undefined
[ 2017-11-06T07:45:08+08:00 ] ERR: (ThinkException) 非法操作:undefined
[ 2017-11-06T07:46:02+08:00 ] ERR: (ThinkException) 非法操作:undefined
[ 2017-11-06T07:46:13+08:00 ] ERR: (ThinkException) 非法操作:undefined
[ 2017-11-06T07:54:55+08:00 ] ERR: (ThinkException) 非法操作:undefined
[ 2017-11-06T07:55:57+08:00 ] ERR: (ThinkException) 非法操作:undefined
[ 2017-11-06T07:58:02+08:00 ] ERR: (ThinkException) 非法操作:undefined
[ 2017-11-06T07:59:44+08:00 ] ERR: (ThinkException) 非法操作:undefined
[ 2017-11-06T08:02:31+08:00 ] ERR: (ThinkException) 非法操作:undefined
[ 2017-11-06T08:04:04+08:00 ] ERR: (ThinkException) 非法操作:undefined
[ 2017-11-06T08:06:12+08:00 ] ERR: (ThinkException) 非法操作:undefined
[ 2017-11-06T08:08:54+08:00 ] ERR: (ThinkException) 非法操作:undefined
[ 2017-11-06T08:10:00+08:00 ] ERR: (ThinkException) 非法操作:undefined
[ 2017-11-06T08:10:07+08:00 ] ERR: (ThinkException) 非法操作:undefined
[ 2017-11-06T08:10:10+08:00 ] ERR: (ThinkException) 非法操作:undefined
[ 2017-11-06T08:11:10+08:00 ] ERR: (ThinkException) 非法操作:undefined
[ 2017-11-06T08:11:55+08:00 ] ERR: (ThinkException) 非法操作:undefined
[ 2017-11-06T08:13:15+08:00 ] ERR: (ThinkException) 非法操作:undefined
[ 2017-11-06T08:14:19+08:00 ] ERR: (ThinkException) 非法操作:undefined
[ 2017-11-06T08:16:04+08:00 ] ERR: (ThinkException) 非法操作:undefined
[ 2017-11-06T08:16:36+08:00 ] ERR: (ThinkException) 非法操作:undefined
[ 2017-11-06T08:16:54+08:00 ] ERR: (ThinkException) 非法操作:undefined
[ 2017-11-06T08:18:15+08:00 ] ERR: (ThinkException) 非法操作:undefined
[ 2017-11-06T08:19:14+08:00 ] ERR: (ThinkException) 非法操作:undefined
[ 2017-11-06T08:19:38+08:00 ] ERR: (ThinkException) 非法操作:undefined
[ 2017-11-06T08:21:31+08:00 ] ERR: (ThinkException) 非法操作:undefined
[ 2017-11-06T08:24:21+08:00 ] ERR: (ThinkException) 非法操作:undefined
[ 2017-11-06T08:24:57+08:00 ] ERR: (ThinkException) 非法操作:undefined
[ 2017-11-06T08:25:11+08:00 ] ERR: (ThinkException) 非法操作:undefined
[ 2017-11-06T08:25:45+08:00 ] ERR: (ThinkException) 非法操作:undefined
[ 2017-11-06T08:26:56+08:00 ] ERR: (ThinkException) 非法操作:undefined
[ 2017-11-06T08:27:01+08:00 ] ERR: (ThinkException) 非法操作:undefined
[ 2017-11-06T08:27:30+08:00 ] ERR: (ThinkException) 非法操作:undefined
[ 2017-11-06T08:27:36+08:00 ] ERR: (ThinkException) 非法操作:undefined
[ 2017-11-06T08:32:33+08:00 ] ERR: (ThinkException) 非法操作:undefined
[ 2017-11-06T08:33:22+08:00 ] ERR: (ThinkException) 非法操作:undefined
[ 2017-11-06T08:34:09+08:00 ] ERR: (ThinkException) 非法操作:undefined
[ 2017-11-06T08:34:13+08:00 ] ERR: (ThinkException) 非法操作:undefined
[ 2017-11-06T08:35:02+08:00 ] ERR: (ThinkException) 非法操作:undefined
[ 2017-11-06T08:35:56+08:00 ] ERR: (ThinkException) 非法操作:undefined
[ 2017-11-06T08:35:56+08:00 ] ERR: (ThinkException) 非法操作:undefined
[ 2017-11-06T08:36:13+08:00 ] ERR: (ThinkException) 非法操作:undefined
[ 2017-11-06T08:36:24+08:00 ] ERR: (ThinkException) 非法操作:undefined
[ 2017-11-06T08:36:55+08:00 ] ERR: (ThinkException) 非法操作:undefined
[ 2017-11-06T08:38:09+08:00 ] ERR: (ThinkException) 非法操作:undefined
[ 2017-11-06T08:38:21+08:00 ] ERR: (ThinkException) 非法操作:undefined
[ 2017-11-06T08:39:07+08:00 ] ERR: (ThinkException) 非法操作:undefined
[ 2017-11-06T08:39:40+08:00 ] ERR: (ThinkException) 非法操作:undefined
[ 2017-11-06T08:40:01+08:00 ] ERR: (ThinkException) 非法操作:undefined
[ 2017-11-06T08:40:06+08:00 ] ERR: (ThinkException) 非法操作:undefined
[ 2017-11-06T08:40:32+08:00 ] ERR: (ThinkException) 非法操作:undefined
[ 2017-11-06T08:43:03+08:00 ] ERR: (ThinkException) 非法操作:undefined
[ 2017-11-06T08:46:15+08:00 ] ERR: (ThinkException) 非法操作:undefined
[ 2017-11-06T08:46:45+08:00 ] ERR: (ThinkException) 非法操作:undefined
[ 2017-11-06T08:46:58+08:00 ] ERR: (ThinkException) 非法操作:undefined
[ 2017-11-06T08:47:32+08:00 ] ERR: (ThinkException) 非法操作:undefined
[ 2017-11-06T08:48:28+08:00 ] ERR: (ThinkException) 非法操作:undefined
[ 2017-11-06T08:48:35+08:00 ] ERR: (ThinkException) 非法操作:undefined
[ 2017-11-06T08:48:48+08:00 ] ERR: (ThinkException) 非法操作:undefined
[ 2017-11-06T08:50:24+08:00 ] ERR: (ThinkException) 非法操作:undefined
[ 2017-11-06T08:52:02+08:00 ] ERR: (ThinkException) 非法操作:undefined
[ 2017-11-06T08:53:22+08:00 ] ERR: (ThinkException) 非法操作:undefined
[ 2017-11-06T08:53:38+08:00 ] ERR: (ThinkException) 非法操作:undefined
[ 2017-11-06T08:58:40+08:00 ] ERR: (ThinkException) 非法操作:undefined
[ 2017-11-06T09:00:09+08:00 ] ERR: (ThinkException) 非法操作:undefined
[ 2017-11-06T09:00:31+08:00 ] ERR: (ThinkException) 非法操作:undefined
[ 2017-11-06T09:00:56+08:00 ] ERR: (ThinkException) 非法操作:undefined
[ 2017-11-06T09:01:45+08:00 ] ERR: (ThinkException) 非法操作:undefined
[ 2017-11-06T09:02:21+08:00 ] ERR: (ThinkException) 非法操作:undefined
[ 2017-11-06T09:02:37+08:00 ] ERR: (ThinkException) 非法操作:undefined
[ 2017-11-06T09:02:38+08:00 ] ERR: (ThinkException) 非法操作:undefined
[ 2017-11-06T09:03:26+08:00 ] ERR: (ThinkException) 非法操作:undefined
[ 2017-11-06T09:03:29+08:00 ] ERR: (ThinkException) 非法操作:undefined
[ 2017-11-06T09:03:41+08:00 ] ERR: (ThinkException) 非法操作:undefined
[ 2017-11-06T09:04:28+08:00 ] ERR: (ThinkException) 非法操作:undefined
[ 2017-11-06T09:04:53+08:00 ] ERR: (ThinkException) 非法操作:undefined
[ 2017-11-06T09:05:07+08:00 ] ERR: (ThinkException) 非法操作:undefined
[ 2017-11-06T09:06:19+08:00 ] ERR: (ThinkException) 非法操作:undefined
[ 2017-11-06T09:06:24+08:00 ] ERR: (ThinkException) 非法操作:undefined
[ 2017-11-06T09:07:01+08:00 ] ERR: (ThinkException) 非法操作:undefined
[ 2017-11-06T09:07:07+08:00 ] ERR: (ThinkException) 非法操作:undefined
[ 2017-11-06T09:08:35+08:00 ] ERR: (ThinkException) 非法操作:undefined
[ 2017-11-06T09:11:51+08:00 ] ERR: (ThinkException) 非法操作:undefined
[ 2017-11-06T09:14:55+08:00 ] ERR: (ThinkException) 非法操作:undefined
[ 2017-11-06T09:16:31+08:00 ] ERR: (ThinkException) 非法操作:undefined
[ 2017-11-06T09:18:08+08:00 ] ERR: (ThinkException) 非法操作:undefined
[ 2017-11-06T09:19:12+08:00 ] ERR: (ThinkException) 非法操作:undefined
[ 2017-11-06T09:22:07+08:00 ] ERR: (ThinkException) 非法操作:undefined
[ 2017-11-06T09:22:59+08:00 ] ERR: (ThinkException) 非法操作:undefined
[ 2017-11-06T09:23:04+08:00 ] ERR: (ThinkException) 非法操作:undefined
[ 2017-11-06T09:24:09+08:00 ] ERR: (ThinkException) 非法操作:undefined
[ 2017-11-06T09:24:14+08:00 ] ERR: (ThinkException) 非法操作:undefined
[ 2017-11-06T09:24:47+08:00 ] ERR: (ThinkException) 非法操作:undefined
[ 2017-11-06T09:26:24+08:00 ] ERR: (ThinkException) 非法操作:undefined
[ 2017-11-06T09:27:10+08:00 ] ERR: (ThinkException) 非法操作:undefined
[ 2017-11-06T09:28:31+08:00 ] ERR: (ThinkException) 非法操作:undefined
[ 2017-11-06T09:28:36+08:00 ] ERR: (ThinkException) 非法操作:undefined
[ 2017-11-06T09:29:32+08:00 ] ERR: (ThinkException) 非法操作:undefined
[ 2017-11-06T09:29:40+08:00 ] ERR: (ThinkException) 非法操作:undefined
[ 2017-11-06T09:30:24+08:00 ] ERR: (ThinkException) 非法操作:undefined
[ 2017-11-06T09:31:07+08:00 ] ERR: (ThinkException) 非法操作:undefined
[ 2017-11-06T09:32:52+08:00 ] ERR: (ThinkException) 非法操作:undefined
[ 2017-11-06T09:36:16+08:00 ] ERR: (ThinkException) 非法操作:undefined
[ 2017-11-06T09:36:27+08:00 ] ERR: (ThinkException) 非法操作:undefined
[ 2017-11-06T09:37:49+08:00 ] ERR: (ThinkException) 非法操作:undefined
[ 2017-11-06T09:38:53+08:00 ] ERR: (ThinkException) 非法操作:undefined
[ 2017-11-06T09:39:27+08:00 ] ERR: (ThinkException) 非法操作:undefined
[ 2017-11-06T09:40:02+08:00 ] ERR: (ThinkException) 非法操作:undefined
[ 2017-11-06T09:41:05+08:00 ] ERR: (ThinkException) 非法操作:undefined
[ 2017-11-06T09:41:12+08:00 ] ERR: (ThinkException) 非法操作:undefined
[ 2017-11-06T09:41:18+08:00 ] ERR: (ThinkException) 非法操作:undefined
[ 2017-11-06T09:41:25+08:00 ] ERR: (ThinkException) 非法操作:undefined
[ 2017-11-06T09:41:46+08:00 ] ERR: (ThinkException) 非法操作:undefined
[ 2017-11-06T09:42:31+08:00 ] ERR: (ThinkException) 非法操作:undefined
[ 2017-11-06T09:43:03+08:00 ] ERR: (ThinkException) 非法操作:undefined
[ 2017-11-06T09:43:14+08:00 ] ERR: (ThinkException) 非法操作:undefined
[ 2017-11-06T09:43:20+08:00 ] ERR: (ThinkException) 非法操作:index
[ 2017-11-06T09:44:30+08:00 ] ERR: (ThinkException) 非法操作:undefined
[ 2017-11-06T09:44:43+08:00 ] ERR: (ThinkException) 非法操作:undefined
[ 2017-11-06T09:47:26+08:00 ] ERR: (ThinkException) 非法操作:undefined
[ 2017-11-06T09:47:31+08:00 ] ERR: (ThinkException) 非法操作:undefined
[ 2017-11-06T09:50:47+08:00 ] ERR: (ThinkException) 非法操作:undefined
[ 2017-11-06T09:51:06+08:00 ] ERR: (ThinkException) 非法操作:undefined
[ 2017-11-06T09:51:25+08:00 ] ERR: (ThinkException) 非法操作:undefined
[ 2017-11-06T09:51:53+08:00 ] ERR: (ThinkException) 非法操作:undefined
[ 2017-11-06T09:51:57+08:00 ] ERR: (ThinkException) 非法操作:undefined
[ 2017-11-06T09:52:50+08:00 ] ERR: (ThinkException) 非法操作:undefined
[ 2017-11-06T09:52:57+08:00 ] ERR: (ThinkException) 非法操作:undefined
[ 2017-11-06T09:53:06+08:00 ] ERR: (ThinkException) 非法操作:undefined
[ 2017-11-06T09:54:19+08:00 ] ERR: (ThinkException) 非法操作:undefined
[ 2017-11-06T09:58:39+08:00 ] ERR: (ThinkException) 非法操作:undefined
[ 2017-11-06T10:00:29+08:00 ] ERR: (ThinkException) 非法操作:undefined
[ 2017-11-06T10:04:08+08:00 ] ERR: (ThinkException) 非法操作:undefined
[ 2017-11-06T10:05:07+08:00 ] ERR: (ThinkException) 非法操作:undefined
[ 2017-11-06T10:06:19+08:00 ] ERR: (ThinkException) 非法操作:undefined
[ 2017-11-06T10:07:24+08:00 ] ERR: (ThinkException) 非法操作:undefined
[ 2017-11-06T10:10:41+08:00 ] ERR: (ThinkException) 非法操作:undefined
[ 2017-11-06T10:11:40+08:00 ] ERR: (ThinkException) 非法操作:undefined
[ 2017-11-06T10:14:02+08:00 ] ERR: (ThinkException) 非法操作:undefined
[ 2017-11-06T10:14:13+08:00 ] ERR: (ThinkException) 非法操作:undefined
[ 2017-11-06T10:14:52+08:00 ] ERR: (ThinkException) 非法操作:undefined
[ 2017-11-06T10:15:11+08:00 ] ERR: (ThinkException) 非法操作:undefined
[ 2017-11-06T10:15:25+08:00 ] ERR: (ThinkException) 非法操作:undefined
[ 2017-11-06T10:15:57+08:00 ] ERR: (ThinkException) 非法操作:undefined
[ 2017-11-06T10:16:07+08:00 ] ERR: (ThinkException) 非法操作:undefined
[ 2017-11-06T10:16:26+08:00 ] ERR: (ThinkException) 非法操作:undefined
[ 2017-11-06T10:17:58+08:00 ] ERR: (ThinkException) 非法操作:undefined
[ 2017-11-06T10:18:23+08:00 ] ERR: (ThinkException) 非法操作:undefined
[ 2017-11-06T10:18:31+08:00 ] ERR: (ThinkException) 非法操作:undefined
[ 2017-11-06T10:18:41+08:00 ] ERR: (ThinkException) 非法操作:undefined
[ 2017-11-06T10:18:52+08:00 ] ERR: (ThinkException) 非法操作:undefined
[ 2017-11-06T10:20:10+08:00 ] ERR: (ThinkException) 非法操作:undefined
[ 2017-11-06T10:20:59+08:00 ] ERR: (ThinkException) 非法操作:undefined
[ 2017-11-06T10:21:15+08:00 ] ERR: (ThinkException) 非法操作:undefined
[ 2017-11-06T10:22:23+08:00 ] ERR: (ThinkException) 非法操作:undefined
[ 2017-11-06T10:22:26+08:00 ] ERR: (ThinkException) 非法操作:undefined
[ 2017-11-06T10:23:24+08:00 ] ERR: (ThinkException) 非法操作:undefined
[ 2017-11-06T10:24:57+08:00 ] ERR: (ThinkException) 非法操作:undefined
[ 2017-11-06T10:26:58+08:00 ] ERR: (ThinkException) 非法操作:undefined
[ 2017-11-06T10:29:01+08:00 ] ERR: (ThinkException) 非法操作:undefined
[ 2017-11-06T10:30:30+08:00 ] ERR: (ThinkException) 非法操作:undefined
[ 2017-11-06T10:30:40+08:00 ] ERR: (ThinkException) 非法操作:undefined
[ 2017-11-06T10:30:42+08:00 ] ERR: (ThinkException) 非法操作:statement10012017台州国际马拉松赛
[ 2017-11-06T10:32:05+08:00 ] ERR: (ThinkException) 非法操作:undefined
[ 2017-11-06T10:33:17+08:00 ] ERR: (ThinkException) 非法操作:undefined
[ 2017-11-06T10:35:23+08:00 ] ERR: (ThinkException) 非法操作:undefined
[ 2017-11-06T10:36:05+08:00 ] ERR: (ThinkException) 非法操作:undefined
[ 2017-11-06T10:37:01+08:00 ] ERR: (ThinkException) 非法操作:undefined
[ 2017-11-06T10:38:42+08:00 ] ERR: (ThinkException) 非法操作:index
[ 2017-11-06T10:40:38+08:00 ] ERR: (ThinkException) 非法操作:undefined
[ 2017-11-06T10:40:48+08:00 ] ERR: (ThinkException) 模板不存在[/var/www/taizhou/app/AppHome/Tpl/login/index.html]
[ 2017-11-06T10:41:11+08:00 ] ERR: (ThinkException) 非法操作:undefined
[ 2017-11-06T10:41:29+08:00 ] ERR: (ThinkException) 非法操作:undefined
[ 2017-11-06T10:42:33+08:00 ] ERR: (ThinkException) 非法操作:undefined
[ 2017-11-06T10:47:18+08:00 ] ERR: (ThinkException) 非法操作:undefined
[ 2017-11-06T10:54:00+08:00 ] ERR: (ThinkException) 非法操作:undefined
[ 2017-11-06T10:56:46+08:00 ] ERR: (ThinkException) 非法操作:undefined
[ 2017-11-06T11:01:09+08:00 ] ERR: (ThinkException) 非法操作:undefined
[ 2017-11-06T11:02:21+08:00 ] ERR: (ThinkException) 非法操作:undefined
[ 2017-11-06T11:02:39+08:00 ] ERR: (ThinkException) 非法操作:undefined
[ 2017-11-06T11:03:47+08:00 ] ERR: (ThinkException) 非法操作:undefined
[ 2017-11-06T11:04:21+08:00 ] ERR: (ThinkException) 非法操作:undefined
[ 2017-11-06T11:06:01+08:00 ] ERR: (ThinkException) 非法操作:undefined
[ 2017-11-06T11:06:03+08:00 ] ERR: (ThinkException) 非法操作:undefined
[ 2017-11-06T11:07:24+08:00 ] ERR: (ThinkException) 非法操作:undefined
[ 2017-11-06T11:09:37+08:00 ] ERR: (ThinkException) 非法操作:undefined
[ 2017-11-06T11:11:26+08:00 ] ERR: (ThinkException) 非法操作:undefined
[ 2017-11-06T11:11:33+08:00 ] ERR: (ThinkException) 非法操作:undefined
[ 2017-11-06T11:11:34+08:00 ] ERR: (ThinkException) 非法操作:undefined
[ 2017-11-06T11:13:34+08:00 ] ERR: (ThinkException) 非法操作:undefined
[ 2017-11-06T11:15:04+08:00 ] ERR: (ThinkException) 非法操作:undefined
[ 2017-11-06T11:15:25+08:00 ] ERR: (ThinkException) 非法操作:undefined
[ 2017-11-06T11:15:36+08:00 ] ERR: (ThinkException) 非法操作:undefined
[ 2017-11-06T11:17:10+08:00 ] ERR: (ThinkException) 非法操作:undefined
[ 2017-11-06T11:20:17+08:00 ] ERR: (ThinkException) 非法操作:undefined
[ 2017-11-06T11:21:24+08:00 ] ERR: (ThinkException) 非法操作:undefined
[ 2017-11-06T11:23:06+08:00 ] ERR: (ThinkException) 非法操作:undefined
[ 2017-11-06T11:23:22+08:00 ] ERR: (ThinkException) 非法操作:undefined
[ 2017-11-06T11:23:46+08:00 ] ERR: (ThinkException) 非法操作:undefined
[ 2017-11-06T11:23:49+08:00 ] ERR: (ThinkException) 非法操作:undefined
[ 2017-11-06T11:26:50+08:00 ] ERR: (ThinkException) 非法操作:undefined
[ 2017-11-06T11:27:58+08:00 ] ERR: (ThinkException) 非法操作:undefined
[ 2017-11-06T11:29:09+08:00 ] ERR: (ThinkException) 非法操作:undefined
[ 2017-11-06T11:30:20+08:00 ] ERR: (ThinkException) 非法操作:undefined
[ 2017-11-06T11:32:25+08:00 ] ERR: (ThinkException) 非法操作:undefined
[ 2017-11-06T11:32:40+08:00 ] ERR: (ThinkException) 非法操作:undefined
[ 2017-11-06T11:33:03+08:00 ] ERR: (ThinkException) 非法操作:undefined
[ 2017-11-06T11:37:19+08:00 ] ERR: (ThinkException) 非法操作:undefined
[ 2017-11-06T11:38:51+08:00 ] ERR: (ThinkException) 非法操作:undefined
[ 2017-11-06T11:39:34+08:00 ] ERR: (ThinkException) 非法操作:undefined
[ 2017-11-06T11:41:05+08:00 ] ERR: (ThinkException) 非法操作:undefined
[ 2017-11-06T11:42:31+08:00 ] ERR: (ThinkException) 非法操作:undefined
[ 2017-11-06T11:42:42+08:00 ] ERR: (ThinkException) 非法操作:order_searchhttps:
[ 2017-11-06T11:43:49+08:00 ] ERR: (ThinkException) 非法操作:undefined
[ 2017-11-06T11:46:18+08:00 ] ERR: (ThinkException) 非法操作:undefined
[ 2017-11-06T11:46:23+08:00 ] ERR: (ThinkException) 非法操作:undefined
[ 2017-11-06T11:48:26+08:00 ] ERR: (ThinkException) 非法操作:undefined
[ 2017-11-06T11:48:38+08:00 ] ERR: (ThinkException) 非法操作:undefined
[ 2017-11-06T11:49:55+08:00 ] ERR: (ThinkException) 非法操作:undefined
[ 2017-11-06T11:50:10+08:00 ] ERR: (ThinkException) 非法操作:undefined
[ 2017-11-06T11:50:55+08:00 ] ERR: (ThinkException) 非法操作:undefined
[ 2017-11-06T11:51:57+08:00 ] ERR: (ThinkException) 非法操作:undefined
[ 2017-11-06T11:53:23+08:00 ] ERR: (ThinkException) 非法操作:undefined
[ 2017-11-06T11:53:33+08:00 ] ERR: (ThinkException) 非法操作:undefined
[ 2017-11-06T11:54:08+08:00 ] ERR: (ThinkException) 非法操作:undefined
[ 2017-11-06T11:54:11+08:00 ] ERR: (ThinkException) 非法操作:undefined
[ 2017-11-06T11:54:43+08:00 ] ERR: (ThinkException) 非法操作:undefined
[ 2017-11-06T11:54:56+08:00 ] ERR: (ThinkException) 非法操作:undefined
[ 2017-11-06T11:55:58+08:00 ] ERR: (ThinkException) 非法操作:undefined
[ 2017-11-06T11:56:17+08:00 ] ERR: (ThinkException) 非法操作:undefined
[ 2017-11-06T11:57:57+08:00 ] ERR: (ThinkException) 非法操作:undefined
[ 2017-11-06T11:58:00+08:00 ] ERR: (ThinkException) 非法操作:undefined
[ 2017-11-06T11:58:32+08:00 ] ERR: (ThinkException) 非法操作:undefined
[ 2017-11-06T12:03:41+08:00 ] ERR: (ThinkException) 非法操作:undefined
[ 2017-11-06T12:05:13+08:00 ] ERR: (ThinkException) 非法操作:undefined
[ 2017-11-06T12:07:58+08:00 ] ERR: (ThinkException) 非法操作:undefined
[ 2017-11-06T12:10:16+08:00 ] ERR: (ThinkException) 非法操作:undefined
[ 2017-11-06T12:10:39+08:00 ] ERR: (ThinkException) 非法操作:undefined
[ 2017-11-06T12:10:49+08:00 ] ERR: (ThinkException) 非法操作:undefined
[ 2017-11-06T12:11:05+08:00 ] ERR: (ThinkException) 非法操作:undefined
[ 2017-11-06T12:12:18+08:00 ] ERR: (ThinkException) 非法操作:undefined
[ 2017-11-06T12:13:32+08:00 ] ERR: (ThinkException) 非法操作:undefined
[ 2017-11-06T12:13:46+08:00 ] ERR: (ThinkException) 非法操作:undefined
[ 2017-11-06T12:13:57+08:00 ] ERR: (ThinkException) 非法操作:undefined
[ 2017-11-06T12:14:32+08:00 ] ERR: (ThinkException) 非法操作:undefined
[ 2017-11-06T12:15:29+08:00 ] ERR: (ThinkException) 非法操作:undefined
[ 2017-11-06T12:16:33+08:00 ] ERR: (ThinkException) 非法操作:undefined
[ 2017-11-06T12:17:29+08:00 ] ERR: (ThinkException) 非法操作:undefined
[ 2017-11-06T12:18:05+08:00 ] ERR: (ThinkException) 非法操作:undefined
[ 2017-11-06T12:19:00+08:00 ] ERR: (ThinkException) 非法操作:undefined
[ 2017-11-06T12:21:29+08:00 ] ERR: (ThinkException) 非法操作:undefined
[ 2017-11-06T12:25:04+08:00 ] ERR: (ThinkException) 非法操作:undefined
[ 2017-11-06T12:32:03+08:00 ] ERR: (ThinkException) 非法操作:undefined
[ 2017-11-06T12:33:11+08:00 ] ERR: (ThinkException) 非法操作:undefined
[ 2017-11-06T12:33:34+08:00 ] ERR: (ThinkException) 非法操作:undefined
[ 2017-11-06T12:33:43+08:00 ] ERR: (ThinkException) 非法操作:undefined
[ 2017-11-06T12:34:15+08:00 ] ERR: (ThinkException) 非法操作:undefined
[ 2017-11-06T12:34:52+08:00 ] ERR: (ThinkException) 非法操作:undefined
[ 2017-11-06T12:36:40+08:00 ] ERR: (ThinkException) 非法操作:undefined
[ 2017-11-06T12:36:52+08:00 ] ERR: (ThinkException) 非法操作:undefined
[ 2017-11-06T12:37:15+08:00 ] ERR: (ThinkException) 非法操作:undefined
[ 2017-11-06T12:37:34+08:00 ] ERR: (ThinkException) 非法操作:undefined
[ 2017-11-06T12:37:46+08:00 ] ERR: (ThinkException) 非法操作:undefined
[ 2017-11-06T12:40:18+08:00 ] ERR: (ThinkException) 非法操作:undefined
[ 2017-11-06T12:40:22+08:00 ] ERR: (ThinkException) 非法操作:undefined
[ 2017-11-06T12:43:45+08:00 ] ERR: (ThinkException) 非法操作:order
[ 2017-11-06T12:46:34+08:00 ] ERR: (ThinkException) 非法操作:undefined
[ 2017-11-06T12:53:19+08:00 ] ERR: (ThinkException) 非法操作:undefined
[ 2017-11-06T12:55:31+08:00 ] ERR: (ThinkException) 非法操作:undefined
[ 2017-11-06T13:01:46+08:00 ] ERR: (ThinkException) 非法操作:undefined
[ 2017-11-06T13:02:53+08:00 ] ERR: (ThinkException) 非法操作:undefined
[ 2017-11-06T13:04:25+08:00 ] ERR: (ThinkException) 非法操作:undefined
[ 2017-11-06T13:07:00+08:00 ] ERR: (ThinkException) 非法操作:undefined
[ 2017-11-06T13:09:00+08:00 ] ERR: (ThinkException) 非法操作:undefined
[ 2017-11-06T13:11:42+08:00 ] ERR: (ThinkException) 非法操作:undefined
[ 2017-11-06T13:12:56+08:00 ] ERR: (ThinkException) 非法操作:undefined
[ 2017-11-06T13:14:27+08:00 ] ERR: (ThinkException) 非法操作:undefined
[ 2017-11-06T13:15:24+08:00 ] ERR: (ThinkException) 非法操作:undefined
[ 2017-11-06T13:20:06+08:00 ] ERR: (ThinkException) 非法操作:undefined
[ 2017-11-06T13:21:43+08:00 ] ERR: (ThinkException) 非法操作:undefined
[ 2017-11-06T13:23:09+08:00 ] ERR: (ThinkException) 非法操作:undefined
[ 2017-11-06T13:24:42+08:00 ] ERR: (ThinkException) 非法操作:undefined
[ 2017-11-06T13:27:18+08:00 ] ERR: (ThinkException) 非法操作:undefined
[ 2017-11-06T13:28:26+08:00 ] ERR: (ThinkException) 非法操作:undefined
[ 2017-11-06T13:28:39+08:00 ] ERR: (ThinkException) 非法操作:undefined
[ 2017-11-06T13:31:36+08:00 ] ERR: (ThinkException) 非法操作:undefined
[ 2017-11-06T13:42:07+08:00 ] ERR: (ThinkException) 非法操作:undefined
[ 2017-11-06T13:47:54+08:00 ] ERR: (ThinkException) 非法操作:index
[ 2017-11-06T13:52:03+08:00 ] ERR: (ThinkException) 非法操作:undefined
[ 2017-11-06T14:01:39+08:00 ] ERR: (ThinkException) 非法操作:undefined
[ 2017-11-06T14:12:58+08:00 ] ERR: (ThinkException) 非法操作:undefined
[ 2017-11-06T14:14:46+08:00 ] ERR: (ThinkException) 非法操作:undefined
[ 2017-11-06T14:15:38+08:00 ] ERR: (ThinkException) 非法操作:undefined
[ 2017-11-06T14:23:31+08:00 ] ERR: (ThinkException) 非法操作:undefined
[ 2017-11-06T14:23:59+08:00 ] ERR: (ThinkException) 非法操作:undefined
[ 2017-11-06T14:26:25+08:00 ] ERR: (ThinkException) 非法操作:undefined
[ 2017-11-06T14:38:32+08:00 ] ERR: (ThinkException) 非法操作:undefined
[ 2017-11-06T14:39:06+08:00 ] ERR: (ThinkException) 非法操作:undefined
[ 2017-11-06T14:40:00+08:00 ] ERR: (ThinkException) 非法操作:undefined
[ 2017-11-06T14:48:17+08:00 ] ERR: (ThinkException) 非法操作:undefined
[ 2017-11-06T14:49:58+08:00 ] ERR: (ThinkException) 非法操作:undefined
[ 2017-11-06T14:50:22+08:00 ] ERR: (ThinkException) 非法操作:undefined
[ 2017-11-06T14:54:27+08:00 ] ERR: (ThinkException) 非法操作:undefined
[ 2017-11-06T15:09:10+08:00 ] ERR: (ThinkException) 非法操作:undefined
[ 2017-11-06T15:09:10+08:00 ] ERR: (ThinkException) 非法操作:undefined
[ 2017-11-06T15:10:14+08:00 ] ERR: (ThinkException) 非法操作:undefined
[ 2017-11-06T15:10:47+08:00 ] ERR: (ThinkException) 非法操作:undefined
[ 2017-11-06T15:15:02+08:00 ] ERR: (ThinkException) 非法操作:undefined
[ 2017-11-06T15:18:19+08:00 ] ERR: (ThinkException) 非法操作:undefined
[ 2017-11-06T15:24:25+08:00 ] ERR: (ThinkException) 非法操作:undefined
[ 2017-11-06T15:27:47+08:00 ] ERR: (ThinkException) 非法操作:undefined
[ 2017-11-06T15:34:46+08:00 ] ERR: (ThinkException) 非法操作:undefined
[ 2017-11-06T15:36:17+08:00 ] ERR: (ThinkException) 非法操作:undefined
[ 2017-11-06T15:37:53+08:00 ] ERR: (ThinkException) 非法操作:undefined
[ 2017-11-06T15:43:32+08:00 ] ERR: (ThinkException) 非法操作:undefined
[ 2017-11-06T15:43:56+08:00 ] ERR: (ThinkException) 非法操作:undefined
[ 2017-11-06T15:45:49+08:00 ] ERR: (ThinkException) 非法操作:undefined
[ 2017-11-06T16:11:10+08:00 ] ERR: (ThinkException) 非法操作:undefined
[ 2017-11-06T16:13:34+08:00 ] ERR: (ThinkException) 非法操作:undefined
[ 2017-11-06T16:14:33+08:00 ] ERR: (ThinkException) 非法操作:undefined
[ 2017-11-06T16:19:39+08:00 ] ERR: (ThinkException) 非法操作:undefined
[ 2017-11-06T16:26:11+08:00 ] ERR: (ThinkException) 非法操作:undefined
[ 2017-11-06T16:32:34+08:00 ] ERR: (ThinkException) 非法操作:undefined
[ 2017-11-06T16:35:19+08:00 ] ERR: (ThinkException) 非法操作:undefined
[ 2017-11-06T16:36:49+08:00 ] ERR: (ThinkException) 非法操作:undefined
[ 2017-11-06T16:43:39+08:00 ] ERR: (ThinkException) 非法操作:undefined
[ 2017-11-06T16:45:41+08:00 ] ERR: (ThinkException) 非法操作:undefined
[ 2017-11-06T16:46:57+08:00 ] ERR: (ThinkException) 非法操作:undefined
[ 2017-11-06T16:48:01+08:00 ] ERR: (ThinkException) 非法操作:undefined
[ 2017-11-06T16:48:46+08:00 ] ERR: (ThinkException) 非法操作:undefined
[ 2017-11-06T16:51:19+08:00 ] ERR: (ThinkException) 非法操作:undefined
[ 2017-11-06T16:58:35+08:00 ] ERR: (ThinkException) 非法操作:undefined
[ 2017-11-06T17:20:33+08:00 ] ERR: (ThinkException) 非法操作:undefined
[ 2017-11-06T17:22:49+08:00 ] ERR: (ThinkException) 非法操作:undefined
[ 2017-11-06T17:31:06+08:00 ] ERR: (ThinkException) 非法操作:undefined
[ 2017-11-06T17:31:30+08:00 ] ERR: (ThinkException) 非法操作:undefined
[ 2017-11-06T17:31:45+08:00 ] ERR: (ThinkException) 非法操作:undefined
[ 2017-11-06T17:32:25+08:00 ] ERR: (ThinkException) 非法操作:undefined
[ 2017-11-06T17:44:52+08:00 ] ERR: (ThinkException) 非法操作:undefined
[ 2017-11-06T17:46:12+08:00 ] ERR: (ThinkException) 非法操作:undefined
[ 2017-11-06T17:57:39+08:00 ] ERR: (ThinkException) 非法操作:undefined
[ 2017-11-06T17:57:45+08:00 ] ERR: (ThinkException) 非法操作:undefined
[ 2017-11-06T17:58:46+08:00 ] ERR: (ThinkException) 非法操作:undefined
[ 2017-11-06T18:02:34+08:00 ] ERR: (ThinkException) 非法操作:undefined
[ 2017-11-06T18:07:04+08:00 ] ERR: (ThinkException) 非法操作:undefined
[ 2017-11-06T18:09:57+08:00 ] ERR: (ThinkException) 非法操作:undefined
[ 2017-11-06T18:12:53+08:00 ] ERR: (ThinkException) 非法操作:undefined
[ 2017-11-06T18:18:04+08:00 ] ERR: (ThinkException) 非法操作:undefined
[ 2017-11-06T18:22:00+08:00 ] ERR: (ThinkException) 非法操作:undefined
[ 2017-11-06T18:25:17+08:00 ] ERR: (ThinkException) 非法操作:undefined
[ 2017-11-06T18:29:37+08:00 ] ERR: (ThinkException) 非法操作:undefined
[ 2017-11-06T18:47:50+08:00 ] ERR: (ThinkException) 非法操作:undefined
[ 2017-11-06T18:55:35+08:00 ] ERR: (ThinkException) 模板不存在[/var/www/taizhou/app/AppHome/Tpl/public/error.html]
[ 2017-11-06T19:10:38+08:00 ] ERR: (ThinkException) 非法操作:undefined
[ 2017-11-06T19:11:33+08:00 ] ERR: (ThinkException) 非法操作:undefined
[ 2017-11-06T19:12:09+08:00 ] ERR: (ThinkException) 非法操作:undefined
[ 2017-11-06T19:13:31+08:00 ] ERR: (ThinkException) 非法操作:undefined
[ 2017-11-06T19:14:02+08:00 ] ERR: (ThinkException) 非法操作:undefined
[ 2017-11-06T19:15:38+08:00 ] ERR: (ThinkException) 非法操作:undefined
[ 2017-11-06T19:16:49+08:00 ] ERR: (ThinkException) 非法操作:undefined
[ 2017-11-06T19:48:46+08:00 ] ERR: (ThinkException) 非法操作:undefined
[ 2017-11-06T19:50:55+08:00 ] ERR: (ThinkException) 非法操作:undefined
[ 2017-11-06T19:51:55+08:00 ] ERR: (ThinkException) 非法操作:undefined
[ 2017-11-06T19:55:27+08:00 ] ERR: (ThinkException) 非法操作:undefined
[ 2017-11-06T19:57:10+08:00 ] ERR: (ThinkException) 非法操作:undefined
[ 2017-11-06T20:01:05+08:00 ] ERR: (ThinkException) 非法操作:undefined
[ 2017-11-06T20:03:04+08:00 ] ERR: (ThinkException) 非法操作:undefined
[ 2017-11-06T20:04:27+08:00 ] ERR: (ThinkException) 非法操作:undefined
[ 2017-11-06T20:06:11+08:00 ] ERR: (ThinkException) 非法操作:undefined
[ 2017-11-06T20:06:55+08:00 ] ERR: (ThinkException) 非法操作:undefined
[ 2017-11-06T20:07:14+08:00 ] ERR: (ThinkException) 非法操作:undefined
[ 2017-11-06T20:08:12+08:00 ] ERR: (ThinkException) 非法操作:undefined
[ 2017-11-06T20:09:17+08:00 ] ERR: (ThinkException) 非法操作:undefined
[ 2017-11-06T20:15:30+08:00 ] ERR: (ThinkException) 非法操作:undefined
[ 2017-11-06T20:17:06+08:00 ] ERR: (ThinkException) 非法操作:undefined
[ 2017-11-06T20:25:49+08:00 ] ERR: (ThinkException) 非法操作:undefined
[ 2017-11-06T20:35:39+08:00 ] ERR: (ThinkException) 非法操作:undefined
[ 2017-11-06T20:37:26+08:00 ] ERR: (ThinkException) 非法操作:undefined
[ 2017-11-06T20:39:03+08:00 ] ERR: (ThinkException) 非法操作:undefined
[ 2017-11-06T20:40:53+08:00 ] ERR: (ThinkException) 非法操作:undefined
[ 2017-11-06T20:41:07+08:00 ] ERR: (ThinkException) 非法操作:undefined
[ 2017-11-06T20:41:44+08:00 ] ERR: (ThinkException) 非法操作:undefined
[ 2017-11-06T20:42:29+08:00 ] ERR: (ThinkException) 非法操作:undefined
[ 2017-11-06T20:42:34+08:00 ] ERR: (ThinkException) 非法操作:undefined
[ 2017-11-06T20:43:43+08:00 ] ERR: (ThinkException) 非法操作:undefined
[ 2017-11-06T20:44:32+08:00 ] ERR: (ThinkException) 非法操作:undefined
[ 2017-11-06T20:46:27+08:00 ] ERR: (ThinkException) 非法操作:undefined
[ 2017-11-06T20:47:22+08:00 ] ERR: (ThinkException) 非法操作:undefined
[ 2017-11-06T20:51:54+08:00 ] ERR: (ThinkException) 非法操作:undefined
[ 2017-11-06T20:53:38+08:00 ] ERR: (ThinkException) 非法操作:undefined
[ 2017-11-06T20:54:52+08:00 ] ERR: (ThinkException) 非法操作:undefined
[ 2017-11-06T20:55:32+08:00 ] ERR: (ThinkException) 非法操作:undefined
[ 2017-11-06T20:55:35+08:00 ] ERR: (ThinkException) 非法操作:undefined
[ 2017-11-06T20:56:44+08:00 ] ERR: (ThinkException) 非法操作:undefined
[ 2017-11-06T20:57:29+08:00 ] ERR: (ThinkException) 非法操作:undefined
[ 2017-11-06T20:58:17+08:00 ] ERR: (ThinkException) 非法操作:undefined
[ 2017-11-06T21:00:01+08:00 ] ERR: (ThinkException) 非法操作:undefined
[ 2017-11-06T21:02:43+08:00 ] ERR: (ThinkException) 非法操作:undefined
[ 2017-11-06T21:04:02+08:00 ] ERR: (ThinkException) 非法操作:undefined
[ 2017-11-06T21:08:28+08:00 ] ERR: (ThinkException) 非法操作:undefined
[ 2017-11-06T21:09:27+08:00 ] ERR: (ThinkException) 非法操作:undefined
[ 2017-11-06T21:34:27+08:00 ] ERR: (ThinkException) 非法操作:undefined
[ 2017-11-06T21:42:06+08:00 ] ERR: (ThinkException) 非法操作:undefined
[ 2017-11-06T21:47:29+08:00 ] ERR: (ThinkException) 非法操作:undefined
[ 2017-11-06T21:53:28+08:00 ] ERR: (ThinkException) 非法操作:undefined
[ 2017-11-06T22:10:48+08:00 ] ERR: (ThinkException) 非法操作:undefined
[ 2017-11-06T22:12:01+08:00 ] ERR: (ThinkException) 非法操作:undefined
[ 2017-11-06T22:13:15+08:00 ] ERR: (ThinkException) 非法操作:undefined
[ 2017-11-06T22:16:14+08:00 ] ERR: (ThinkException) 非法操作:undefined
[ 2017-11-06T22:17:25+08:00 ] ERR: (ThinkException) 非法操作:undefined
[ 2017-11-06T22:18:47+08:00 ] ERR: (ThinkException) 非法操作:undefined
[ 2017-11-06T22:24:50+08:00 ] ERR: (ThinkException) 非法操作:undefined
[ 2017-11-06T22:25:44+08:00 ] ERR: (ThinkException) 非法操作:undefined
[ 2017-11-06T22:25:51+08:00 ] ERR: (ThinkException) 非法操作:undefined
[ 2017-11-06T22:26:22+08:00 ] ERR: (ThinkException) 非法操作:undefined
[ 2017-11-06T22:26:56+08:00 ] ERR: (ThinkException) 非法操作:undefined
[ 2017-11-06T22:57:07+08:00 ] ERR: (ThinkException) 非法操作:undefined
[ 2017-11-06T22:57:53+08:00 ] ERR: (ThinkException) 非法操作:undefined
[ 2017-11-06T23:06:27+08:00 ] ERR: (ThinkException) 非法操作:undefined
[ 2017-11-06T23:08:37+08:00 ] ERR: (ThinkException) 非法操作:undefined
[ 2017-11-06T23:09:54+08:00 ] ERR: (ThinkException) 非法操作:undefined
[ 2017-11-06T23:21:07+08:00 ] ERR: (ThinkException) 非法操作:undefined
