[ 2017-11-15T03:12:33+08:00 ] ERR: (ThinkException) 非法操作:register
[ 2017-11-15T12:07:32+08:00 ] ERR: (ThinkException) 非法操作:undefined
[ 2017-11-15T14:17:30+08:00 ] ERR: (ThinkException) 模板不存在[/var/www/taizhou/app/AppHome/Tpl/login/index.html]
[ 2017-11-15T15:24:39+08:00 ] ERR: (ThinkException) 非法操作:undefined
[ 2017-11-15T15:28:06+08:00 ] ERR: (ThinkException) 非法操作:undefined
[ 2017-11-15T15:30:20+08:00 ] ERR: (ThinkException) 非法操作:undefined
[ 2017-11-15T15:30:21+08:00 ] ERR: (ThinkException) 非法操作:undefined
[ 2017-11-15T15:31:07+08:00 ] ERR: (ThinkException) 非法操作:undefined
[ 2017-11-15T15:31:42+08:00 ] ERR: (ThinkException) 非法操作:undefined
[ 2017-11-15T15:37:32+08:00 ] ERR: (ThinkException) 非法操作:undefined
[ 2017-11-15T15:37:40+08:00 ] ERR: (ThinkException) 非法操作:undefined
[ 2017-11-15T15:40:32+08:00 ] ERR: (ThinkException) 非法操作:undefined
[ 2017-11-15T15:41:29+08:00 ] ERR: (ThinkException) 非法操作:undefined
[ 2017-11-15T15:42:11+08:00 ] ERR: (ThinkException) 非法操作:undefined
[ 2017-11-15T15:42:40+08:00 ] ERR: (ThinkException) 非法操作:undefined
[ 2017-11-15T15:45:17+08:00 ] ERR: (ThinkException) 非法操作:undefined
[ 2017-11-15T15:45:47+08:00 ] ERR: (ThinkException) 非法操作:undefined
[ 2017-11-15T15:46:00+08:00 ] ERR: (ThinkException) 非法操作:undefined
[ 2017-11-15T15:46:04+08:00 ] ERR: (ThinkException) 非法操作:undefined
[ 2017-11-15T15:46:33+08:00 ] ERR: (ThinkException) 非法操作:undefined
[ 2017-11-15T15:47:00+08:00 ] ERR: (ThinkException) 非法操作:undefined
[ 2017-11-15T15:47:09+08:00 ] ERR: (ThinkException) 非法操作:undefined
[ 2017-11-15T15:47:10+08:00 ] ERR: (ThinkException) 非法操作:undefined
[ 2017-11-15T15:47:57+08:00 ] ERR: (ThinkException) 非法操作:undefined
[ 2017-11-15T15:50:24+08:00 ] ERR: (ThinkException) 非法操作:undefined
[ 2017-11-15T15:50:37+08:00 ] ERR: (ThinkException) 非法操作:undefined
[ 2017-11-15T15:51:09+08:00 ] ERR: (ThinkException) 非法操作:undefined
[ 2017-11-15T15:51:17+08:00 ] ERR: (ThinkException) 非法操作:undefined
[ 2017-11-15T15:52:28+08:00 ] ERR: (ThinkException) 非法操作:undefined
[ 2017-11-15T15:54:31+08:00 ] ERR: (ThinkException) 非法操作:undefined
[ 2017-11-15T15:55:12+08:00 ] ERR: (ThinkException) 非法操作:undefined
[ 2017-11-15T15:55:19+08:00 ] ERR: (ThinkException) 非法操作:undefined
[ 2017-11-15T15:55:45+08:00 ] ERR: (ThinkException) 非法操作:undefined
[ 2017-11-15T15:56:42+08:00 ] ERR: (ThinkException) 非法操作:undefined
[ 2017-11-15T15:57:02+08:00 ] ERR: (ThinkException) 非法操作:undefined
[ 2017-11-15T15:58:43+08:00 ] ERR: (ThinkException) 非法操作:undefined
[ 2017-11-15T15:58:44+08:00 ] ERR: (ThinkException) 非法操作:undefined
[ 2017-11-15T15:59:40+08:00 ] ERR: (ThinkException) 非法操作:undefined
[ 2017-11-15T15:59:40+08:00 ] ERR: (ThinkException) 非法操作:undefined
[ 2017-11-15T16:00:17+08:00 ] ERR: (ThinkException) 非法操作:undefined
[ 2017-11-15T16:00:45+08:00 ] ERR: (ThinkException) 非法操作:undefined
[ 2017-11-15T16:02:01+08:00 ] ERR: (ThinkException) 非法操作:undefined
[ 2017-11-15T16:02:38+08:00 ] ERR: (ThinkException) 非法操作:undefined
[ 2017-11-15T16:03:44+08:00 ] ERR: (ThinkException) 非法操作:undefined
[ 2017-11-15T16:04:13+08:00 ] ERR: (ThinkException) 非法操作:undefined
[ 2017-11-15T16:05:08+08:00 ] ERR: (ThinkException) 非法操作:undefined
[ 2017-11-15T16:06:02+08:00 ] ERR: (ThinkException) 非法操作:result_download
[ 2017-11-15T16:06:04+08:00 ] ERR: (ThinkException) 非法操作:undefined
[ 2017-11-15T16:06:24+08:00 ] ERR: (ThinkException) 非法操作:undefined
[ 2017-11-15T16:07:15+08:00 ] ERR: (ThinkException) 非法操作:undefined
[ 2017-11-15T16:07:26+08:00 ] ERR: (ThinkException) 非法操作:undefined
[ 2017-11-15T16:08:00+08:00 ] ERR: (ThinkException) 非法操作:undefined
[ 2017-11-15T16:08:48+08:00 ] ERR: (ThinkException) 非法操作:undefined
[ 2017-11-15T16:09:35+08:00 ] ERR: (ThinkException) 非法操作:undefined
[ 2017-11-15T16:09:35+08:00 ] ERR: (ThinkException) 非法操作:undefined
[ 2017-11-15T16:10:22+08:00 ] ERR: (ThinkException) 非法操作:undefined
[ 2017-11-15T16:10:47+08:00 ] ERR: (ThinkException) 非法操作:undefined
[ 2017-11-15T16:11:16+08:00 ] ERR: (ThinkException) 非法操作:undefined
[ 2017-11-15T16:11:28+08:00 ] ERR: (ThinkException) 非法操作:undefined
[ 2017-11-15T16:13:47+08:00 ] ERR: (ThinkException) 非法操作:undefined
[ 2017-11-15T16:14:05+08:00 ] ERR: (ThinkException) 非法操作:undefined
[ 2017-11-15T16:14:05+08:00 ] ERR: (ThinkException) 非法操作:undefined
[ 2017-11-15T16:14:44+08:00 ] ERR: (ThinkException) 非法操作:undefined
[ 2017-11-15T16:15:38+08:00 ] ERR: (ThinkException) 非法操作:undefined
[ 2017-11-15T16:15:55+08:00 ] ERR: (ThinkException) 非法操作:undefined
[ 2017-11-15T16:16:27+08:00 ] ERR: (ThinkException) 非法操作:undefined
[ 2017-11-15T16:16:52+08:00 ] ERR: (ThinkException) 非法操作:undefined
[ 2017-11-15T16:17:40+08:00 ] ERR: (ThinkException) 非法操作:undefined
[ 2017-11-15T16:19:34+08:00 ] ERR: (ThinkException) 非法操作:undefined
[ 2017-11-15T16:19:37+08:00 ] ERR: (ThinkException) 非法操作:undefined
[ 2017-11-15T16:19:49+08:00 ] ERR: (ThinkException) 非法操作:undefined
[ 2017-11-15T16:21:31+08:00 ] ERR: (ThinkException) 非法操作:undefined
[ 2017-11-15T16:23:08+08:00 ] ERR: (ThinkException) 非法操作:undefined
[ 2017-11-15T16:23:17+08:00 ] ERR: (ThinkException) 非法操作:undefined
[ 2017-11-15T16:23:46+08:00 ] ERR: (ThinkException) 非法操作:undefined
[ 2017-11-15T16:24:38+08:00 ] ERR: (ThinkException) 非法操作:undefined
[ 2017-11-15T16:27:13+08:00 ] ERR: (ThinkException) 非法操作:undefined
[ 2017-11-15T16:27:45+08:00 ] ERR: (ThinkException) 非法操作:undefined
[ 2017-11-15T16:28:56+08:00 ] ERR: (ThinkException) 非法操作:undefined
[ 2017-11-15T16:29:13+08:00 ] ERR: (ThinkException) 非法操作:undefined
[ 2017-11-15T16:29:52+08:00 ] ERR: (ThinkException) 非法操作:undefined
[ 2017-11-15T16:30:07+08:00 ] ERR: (ThinkException) 非法操作:undefined
[ 2017-11-15T16:31:25+08:00 ] ERR: (ThinkException) 非法操作:undefined
[ 2017-11-15T16:32:17+08:00 ] ERR: (ThinkException) 非法操作:undefined
[ 2017-11-15T16:32:47+08:00 ] ERR: (ThinkException) 非法操作:undefined
[ 2017-11-15T16:33:31+08:00 ] ERR: (ThinkException) 非法操作:undefined
[ 2017-11-15T16:33:47+08:00 ] ERR: (ThinkException) 非法操作:undefined
[ 2017-11-15T16:35:43+08:00 ] ERR: (ThinkException) 非法操作:undefined
[ 2017-11-15T16:36:03+08:00 ] ERR: (ThinkException) 非法操作:undefined
[ 2017-11-15T16:37:39+08:00 ] ERR: (ThinkException) 非法操作:undefined
[ 2017-11-15T16:38:14+08:00 ] ERR: (ThinkException) 非法操作:undefined
[ 2017-11-15T16:38:51+08:00 ] ERR: (ThinkException) 非法操作:undefined
[ 2017-11-15T16:39:36+08:00 ] ERR: (ThinkException) 非法操作:undefined
[ 2017-11-15T16:40:18+08:00 ] ERR: (ThinkException) 非法操作:undefined
[ 2017-11-15T16:40:21+08:00 ] ERR: (ThinkException) 非法操作:undefined
[ 2017-11-15T16:41:34+08:00 ] ERR: (ThinkException) 非法操作:undefined
[ 2017-11-15T16:42:34+08:00 ] ERR: (ThinkException) 非法操作:undefined
[ 2017-11-15T16:42:42+08:00 ] ERR: (ThinkException) 非法操作:undefined
[ 2017-11-15T16:46:30+08:00 ] ERR: (ThinkException) 非法操作:undefined
[ 2017-11-15T16:46:48+08:00 ] ERR: (ThinkException) 非法操作:undefined
[ 2017-11-15T16:46:59+08:00 ] ERR: (ThinkException) 非法操作:undefined
[ 2017-11-15T16:48:34+08:00 ] ERR: (ThinkException) 非法操作:undefined
[ 2017-11-15T16:48:35+08:00 ] ERR: (ThinkException) 非法操作:undefined
[ 2017-11-15T16:48:39+08:00 ] ERR: (ThinkException) 非法操作:undefined
[ 2017-11-15T16:48:57+08:00 ] ERR: (ThinkException) 非法操作:undefined
[ 2017-11-15T16:49:31+08:00 ] ERR: (ThinkException) 非法操作:undefined
[ 2017-11-15T16:50:11+08:00 ] ERR: (ThinkException) 非法操作:undefined
[ 2017-11-15T16:51:40+08:00 ] ERR: (ThinkException) 非法操作:undefined
[ 2017-11-15T16:59:08+08:00 ] ERR: (ThinkException) 非法操作:undefined
[ 2017-11-15T17:00:48+08:00 ] ERR: (ThinkException) 非法操作:undefined
[ 2017-11-15T17:03:18+08:00 ] ERR: (ThinkException) 非法操作:undefined
[ 2017-11-15T17:04:48+08:00 ] ERR: (ThinkException) 非法操作:undefined
[ 2017-11-15T17:05:37+08:00 ] ERR: (ThinkException) 非法操作:undefined
[ 2017-11-15T17:06:37+08:00 ] ERR: (ThinkException) 非法操作:undefined
[ 2017-11-15T17:10:21+08:00 ] ERR: (ThinkException) 非法操作:undefined
[ 2017-11-15T17:10:34+08:00 ] ERR: (ThinkException) 非法操作:undefined
[ 2017-11-15T17:10:46+08:00 ] ERR: (ThinkException) 非法操作:undefined
[ 2017-11-15T17:16:58+08:00 ] ERR: (ThinkException) 非法操作:undefined
[ 2017-11-15T17:20:32+08:00 ] ERR: (ThinkException) 非法操作:undefined
[ 2017-11-15T17:24:07+08:00 ] ERR: (ThinkException) 非法操作:undefined
[ 2017-11-15T17:25:40+08:00 ] ERR: (ThinkException) 非法操作:undefined
[ 2017-11-15T17:34:08+08:00 ] ERR: (ThinkException) 非法操作:undefined
[ 2017-11-15T17:36:41+08:00 ] ERR: (ThinkException) 非法操作:undefined
[ 2017-11-15T17:36:58+08:00 ] ERR: (ThinkException) 非法操作:undefined
[ 2017-11-15T17:37:23+08:00 ] ERR: (ThinkException) 非法操作:undefined
[ 2017-11-15T17:38:05+08:00 ] ERR: (ThinkException) 非法操作:undefined
[ 2017-11-15T17:38:17+08:00 ] ERR: (ThinkException) 非法操作:undefined
[ 2017-11-15T17:39:04+08:00 ] ERR: (ThinkException) 非法操作:undefined
[ 2017-11-15T17:40:12+08:00 ] ERR: (ThinkException) 非法操作:undefined
[ 2017-11-15T17:40:47+08:00 ] ERR: (ThinkException) 非法操作:index
[ 2017-11-15T17:40:50+08:00 ] ERR: (ThinkException) 非法操作:undefined
[ 2017-11-15T17:40:54+08:00 ] ERR: (ThinkException) 非法操作:undefined
[ 2017-11-15T17:41:28+08:00 ] ERR: (ThinkException) 非法操作:undefined
[ 2017-11-15T17:43:43+08:00 ] ERR: (ThinkException) 非法操作:undefined
[ 2017-11-15T17:44:16+08:00 ] ERR: (ThinkException) 非法操作:undefined
[ 2017-11-15T17:45:26+08:00 ] ERR: (ThinkException) 非法操作:undefined
[ 2017-11-15T17:47:49+08:00 ] ERR: (ThinkException) 非法操作:undefined
[ 2017-11-15T17:48:47+08:00 ] ERR: (ThinkException) 非法操作:undefined
[ 2017-11-15T17:49:23+08:00 ] ERR: (ThinkException) 非法操作:undefined
[ 2017-11-15T17:50:54+08:00 ] ERR: (ThinkException) 非法操作:undefined
[ 2017-11-15T17:53:54+08:00 ] ERR: (ThinkException) 非法操作:undefined
[ 2017-11-15T17:54:22+08:00 ] ERR: (ThinkException) 非法操作:undefined
[ 2017-11-15T17:55:26+08:00 ] ERR: (ThinkException) 非法操作:undefined
[ 2017-11-15T17:59:28+08:00 ] ERR: (ThinkException) 非法操作:undefined
[ 2017-11-15T18:00:08+08:00 ] ERR: (ThinkException) 非法操作:undefined
[ 2017-11-15T18:03:03+08:00 ] ERR: (ThinkException) 非法操作:undefined
[ 2017-11-15T18:09:22+08:00 ] ERR: (ThinkException) 非法操作:undefined
[ 2017-11-15T18:10:18+08:00 ] ERR: (ThinkException) 非法操作:undefined
[ 2017-11-15T18:11:40+08:00 ] ERR: (ThinkException) 非法操作:undefined
[ 2017-11-15T18:15:59+08:00 ] ERR: (ThinkException) 非法操作:undefined
[ 2017-11-15T18:19:19+08:00 ] ERR: (ThinkException) 非法操作:undefined
[ 2017-11-15T18:20:05+08:00 ] ERR: (ThinkException) 非法操作:undefined
[ 2017-11-15T18:24:02+08:00 ] ERR: (ThinkException) 非法操作:undefined
[ 2017-11-15T18:24:24+08:00 ] ERR: (ThinkException) 非法操作:undefined
[ 2017-11-15T18:27:19+08:00 ] ERR: (ThinkException) 非法操作:undefined
[ 2017-11-15T18:28:10+08:00 ] ERR: (ThinkException) 非法操作:undefined
[ 2017-11-15T18:29:00+08:00 ] ERR: (ThinkException) 非法操作:undefined
[ 2017-11-15T18:29:08+08:00 ] ERR: (ThinkException) 非法操作:undefined
[ 2017-11-15T18:29:42+08:00 ] ERR: (ThinkException) 非法操作:undefined
[ 2017-11-15T18:29:48+08:00 ] ERR: (ThinkException) 非法操作:undefined
[ 2017-11-15T18:30:34+08:00 ] ERR: (ThinkException) 非法操作:undefined
[ 2017-11-15T18:31:32+08:00 ] ERR: (ThinkException) 非法操作:undefined
[ 2017-11-15T18:36:07+08:00 ] ERR: (ThinkException) 非法操作:undefined
[ 2017-11-15T18:38:11+08:00 ] ERR: (ThinkException) 非法操作:undefined
[ 2017-11-15T18:41:10+08:00 ] ERR: (ThinkException) 非法操作:undefined
[ 2017-11-15T18:41:50+08:00 ] ERR: (ThinkException) 非法操作:undefined
[ 2017-11-15T18:41:51+08:00 ] ERR: (ThinkException) 非法操作:undefined
[ 2017-11-15T18:43:40+08:00 ] ERR: (ThinkException) 非法操作:undefined
[ 2017-11-15T18:53:53+08:00 ] ERR: (ThinkException) 非法操作:undefined
[ 2017-11-15T19:00:56+08:00 ] ERR: (ThinkException) 非法操作:undefined
[ 2017-11-15T19:04:15+08:00 ] ERR: (ThinkException) 非法操作:undefined
[ 2017-11-15T19:05:24+08:00 ] ERR: (ThinkException) 非法操作:undefined
[ 2017-11-15T19:22:56+08:00 ] ERR: (ThinkException) 非法操作:undefined
[ 2017-11-15T19:33:25+08:00 ] ERR: (ThinkException) 非法操作:undefined
[ 2017-11-15T19:35:22+08:00 ] ERR: (ThinkException) 非法操作:undefined
[ 2017-11-15T19:42:43+08:00 ] ERR: (ThinkException) 非法操作:undefined
[ 2017-11-15T19:46:58+08:00 ] ERR: (ThinkException) 非法操作:undefined
[ 2017-11-15T19:48:37+08:00 ] ERR: (ThinkException) 非法操作:undefined
[ 2017-11-15T20:07:07+08:00 ] ERR: (ThinkException) 非法操作:undefined
[ 2017-11-15T20:07:40+08:00 ] ERR: (ThinkException) 非法操作:undefined
[ 2017-11-15T20:08:14+08:00 ] ERR: (ThinkException) 非法操作:undefined
[ 2017-11-15T20:10:05+08:00 ] ERR: (ThinkException) 非法操作:register
[ 2017-11-15T20:19:19+08:00 ] ERR: (ThinkException) 非法操作:undefined
[ 2017-11-15T20:21:16+08:00 ] ERR: (ThinkException) 非法操作:undefined
[ 2017-11-15T20:21:33+08:00 ] ERR: (ThinkException) 非法操作:undefined
[ 2017-11-15T20:23:39+08:00 ] ERR: (ThinkException) 非法操作:undefined
[ 2017-11-15T20:37:46+08:00 ] ERR: (ThinkException) 非法操作:undefined
[ 2017-11-15T20:41:36+08:00 ] ERR: (ThinkException) 非法操作:undefined
[ 2017-11-15T20:48:14+08:00 ] ERR: (ThinkException) 非法操作:undefined
[ 2017-11-15T20:50:58+08:00 ] ERR: (ThinkException) 非法操作:undefined
[ 2017-11-15T20:51:22+08:00 ] ERR: (ThinkException) 非法操作:undefined
[ 2017-11-15T20:51:34+08:00 ] ERR: (ThinkException) 非法操作:undefined
[ 2017-11-15T20:58:41+08:00 ] ERR: (ThinkException) 非法操作:undefined
[ 2017-11-15T21:02:53+08:00 ] ERR: (ThinkException) 非法操作:undefined
[ 2017-11-15T21:10:11+08:00 ] ERR: (ThinkException) 非法操作:register
[ 2017-11-15T21:52:38+08:00 ] ERR: (ThinkException) 非法操作:undefined
[ 2017-11-15T21:57:29+08:00 ] ERR: (ThinkException) 非法操作:undefined
[ 2017-11-15T22:16:30+08:00 ] ERR: (ThinkException) 非法操作:undefined
[ 2017-11-15T22:25:33+08:00 ] ERR: (ThinkException) 非法操作:undefined
