[ 2017-10-30T00:03:57+08:00 ] ERR: (ThinkException) 非法操作:undefined
[ 2017-10-30T01:42:42+08:00 ] ERR: (ThinkException) 非法操作:register
[ 2017-10-30T02:43:07+08:00 ] ERR: (ThinkException) 非法操作:register
[ 2017-10-30T06:32:29+08:00 ] ERR: (ThinkException) 非法操作:register
[ 2017-10-30T06:39:16+08:00 ] ERR: (ThinkException) 模板不存在[/var/www/taizhou/app/AppHome/Tpl/login/index.html]
[ 2017-10-30T09:51:16+08:00 ] ERR: (ThinkException) 非法操作:undefined
[ 2017-10-30T09:57:59+08:00 ] ERR: (ThinkException) 非法操作:register
[ 2017-10-30T13:07:52+08:00 ] ERR: (ThinkException) 非法操作:undefined
[ 2017-10-30T13:14:25+08:00 ] ERR: (ThinkException) 非法操作:register
[ 2017-10-30T13:44:12+08:00 ] ERR: (ThinkException) 模板不存在[/var/www/taizhou/app/AppHome/Tpl/login/index.html]
[ 2017-10-30T14:21:03+08:00 ] ERR: (ThinkException) 非法操作:undefined
[ 2017-10-30T14:21:54+08:00 ] ERR: (ThinkException) 非法操作:undefined
[ 2017-10-30T15:32:25+08:00 ] ERR: (ThinkException) 非法操作:undefined
[ 2017-10-30T15:38:20+08:00 ] ERR: (ThinkException) 模板不存在[/var/www/taizhou/app/AppHome/Tpl/public/error.html]
[ 2017-10-30T15:52:23+08:00 ] ERR: (ThinkException) 非法操作:undefined
[ 2017-10-30T15:52:44+08:00 ] ERR: (ThinkException) 非法操作:undefined
[ 2017-10-30T15:54:47+08:00 ] ERR: (ThinkException) 非法操作:undefined
[ 2017-10-30T15:59:41+08:00 ] ERR: (ThinkException) 非法操作:undefined
[ 2017-10-30T16:00:09+08:00 ] ERR: (ThinkException) 非法操作:undefined
[ 2017-10-30T16:00:48+08:00 ] ERR: (ThinkException) 非法操作:undefined
[ 2017-10-30T16:00:55+08:00 ] ERR: (ThinkException) 非法操作:undefined
[ 2017-10-30T16:09:05+08:00 ] ERR: (ThinkException) 非法操作:undefined
[ 2017-10-30T16:12:25+08:00 ] ERR: (ThinkException) 非法操作:undefined
[ 2017-10-30T16:13:23+08:00 ] ERR: (ThinkException) 非法操作:undefined
[ 2017-10-30T16:16:26+08:00 ] ERR: (ThinkException) 非法操作:undefined
[ 2017-10-30T16:17:32+08:00 ] ERR: (ThinkException) 非法操作:undefined
[ 2017-10-30T16:18:01+08:00 ] ERR: (ThinkException) 非法操作:undefined
[ 2017-10-30T16:18:40+08:00 ] ERR: (ThinkException) 非法操作:undefined
[ 2017-10-30T16:19:22+08:00 ] ERR: (ThinkException) 非法操作:undefined
[ 2017-10-30T16:22:13+08:00 ] ERR: (ThinkException) 非法操作:undefined
[ 2017-10-30T16:27:42+08:00 ] ERR: (ThinkException) 非法操作:undefined
[ 2017-10-30T16:33:44+08:00 ] ERR: (ThinkException) 非法操作:undefined
[ 2017-10-30T16:34:18+08:00 ] ERR: (ThinkException) 非法操作:undefined
[ 2017-10-30T16:34:52+08:00 ] ERR: (ThinkException) 非法操作:index
[ 2017-10-30T16:41:01+08:00 ] ERR: (ThinkException) 非法操作:undefined
[ 2017-10-30T16:41:17+08:00 ] ERR: (ThinkException) 非法操作:undefined
[ 2017-10-30T16:41:39+08:00 ] ERR: (ThinkException) 非法操作:undefined
[ 2017-10-30T16:43:43+08:00 ] ERR: (ThinkException) 非法操作:undefined
[ 2017-10-30T16:51:50+08:00 ] ERR: (ThinkException) 非法操作:undefined
[ 2017-10-30T16:52:28+08:00 ] ERR: (ThinkException) 非法操作:undefined
[ 2017-10-30T16:56:40+08:00 ] ERR: (ThinkException) 非法操作:undefined
[ 2017-10-30T16:56:49+08:00 ] ERR: (ThinkException) 非法操作:undefined
[ 2017-10-30T16:59:24+08:00 ] ERR: (ThinkException) 非法操作:undefined
[ 2017-10-30T16:59:35+08:00 ] ERR: (ThinkException) 非法操作:undefined
[ 2017-10-30T17:02:37+08:00 ] ERR: (ThinkException) 非法操作:undefined
[ 2017-10-30T17:05:57+08:00 ] ERR: (ThinkException) 非法操作:undefined
[ 2017-10-30T17:06:37+08:00 ] ERR: (ThinkException) 非法操作:undefined
[ 2017-10-30T17:21:34+08:00 ] ERR: (ThinkException) 非法操作:undefined
[ 2017-10-30T17:21:52+08:00 ] ERR: (ThinkException) 非法操作:undefined
[ 2017-10-30T17:35:32+08:00 ] ERR: (ThinkException) 非法操作:undefined
[ 2017-10-30T17:45:40+08:00 ] ERR: (ThinkException) 非法操作:undefined
[ 2017-10-30T18:02:11+08:00 ] ERR: (ThinkException) 非法操作:undefined
[ 2017-10-30T18:04:01+08:00 ] ERR: (ThinkException) 非法操作:undefined
[ 2017-10-30T18:08:36+08:00 ] ERR: (ThinkException) 非法操作:undefined
[ 2017-10-30T18:09:24+08:00 ] ERR: (ThinkException) 非法操作:undefined
[ 2017-10-30T18:10:03+08:00 ] ERR: (ThinkException) 非法操作:undefined
[ 2017-10-30T18:18:47+08:00 ] ERR: (ThinkException) 非法操作:undefined
[ 2017-10-30T18:18:59+08:00 ] ERR: (ThinkException) 非法操作:undefined
[ 2017-10-30T18:21:12+08:00 ] ERR: (ThinkException) 非法操作:undefined
[ 2017-10-30T18:24:12+08:00 ] ERR: (ThinkException) 非法操作:register
[ 2017-10-30T18:26:11+08:00 ] ERR: (ThinkException) 非法操作:undefined
[ 2017-10-30T18:26:46+08:00 ] ERR: (ThinkException) 非法操作:undefined
[ 2017-10-30T18:31:47+08:00 ] ERR: (ThinkException) 非法操作:undefined
[ 2017-10-30T18:42:43+08:00 ] ERR: (ThinkException) 非法操作:undefined
[ 2017-10-30T19:12:38+08:00 ] ERR: (ThinkException) 非法操作:undefined
[ 2017-10-30T19:37:01+08:00 ] ERR: (ThinkException) 非法操作:undefined
[ 2017-10-30T19:38:42+08:00 ] ERR: (ThinkException) 非法操作:undefined
[ 2017-10-30T19:40:50+08:00 ] ERR: (ThinkException) 非法操作:undefined
[ 2017-10-30T19:48:22+08:00 ] ERR: (ThinkException) 非法操作:register
[ 2017-10-30T20:05:36+08:00 ] ERR: (ThinkException) 非法操作:undefined
[ 2017-10-30T20:27:16+08:00 ] ERR: (ThinkException) 非法操作:undefined
[ 2017-10-30T20:44:16+08:00 ] ERR: (ThinkException) 非法操作:undefined
[ 2017-10-30T20:53:19+08:00 ] ERR: (ThinkException) 非法操作:undefined
[ 2017-10-30T20:55:00+08:00 ] ERR: (ThinkException) 非法操作:undefined
[ 2017-10-30T21:11:49+08:00 ] ERR: (ThinkException) 模板不存在[/var/www/taizhou/app/AppHome/Tpl/login/index.html]
[ 2017-10-30T21:12:05+08:00 ] ERR: (ThinkException) 非法操作:undefined
[ 2017-10-30T21:13:07+08:00 ] ERR: (ThinkException) 非法操作:undefined
[ 2017-10-30T23:03:32+08:00 ] ERR: (ThinkException) 非法操作:undefined
