[ 2017-10-04T00:05:07+08:00 ] ERR: (ThinkException) 非法操作:undefined
[ 2017-10-04T00:09:35+08:00 ] ERR: (ThinkException) 非法操作:undefined
[ 2017-10-04T00:17:47+08:00 ] ERR: (ThinkException) 非法操作:undefined
[ 2017-10-04T04:37:51+08:00 ] ERR: (ThinkException) 非法操作:undefined
[ 2017-10-04T04:42:25+08:00 ] ERR: (ThinkException) 模板不存在[/var/www/taizhou/app/AppHome/Tpl/login/index.html]
[ 2017-10-04T06:04:30+08:00 ] ERR: (ThinkException) 非法操作:undefined
[ 2017-10-04T07:51:21+08:00 ] ERR: (ThinkException) 非法操作:undefined
[ 2017-10-04T08:58:08+08:00 ] ERR: (ThinkException) 非法操作:undefined
[ 2017-10-04T08:59:04+08:00 ] ERR: (ThinkException) 非法操作:undefined
[ 2017-10-04T10:04:09+08:00 ] ERR: (ThinkException) 非法操作:undefined
[ 2017-10-04T10:05:08+08:00 ] ERR: (ThinkException) 非法操作:undefined
[ 2017-10-04T10:58:55+08:00 ] ERR: (ThinkException) 非法操作:undefined
[ 2017-10-04T11:04:37+08:00 ] ERR: (ThinkException) 非法操作:undefined
[ 2017-10-04T11:21:34+08:00 ] ERR: (ThinkException) 非法操作:undefined
[ 2017-10-04T11:24:53+08:00 ] ERR: (ThinkException) 非法操作:undefined
[ 2017-10-04T11:26:42+08:00 ] ERR: (ThinkException) 非法操作:undefined
[ 2017-10-04T11:32:33+08:00 ] ERR: (ThinkException) 非法操作:undefined
[ 2017-10-04T11:55:39+08:00 ] ERR: (ThinkException) 非法操作:undefined
[ 2017-10-04T12:10:45+08:00 ] ERR: (ThinkException) 非法操作:undefined
[ 2017-10-04T12:13:29+08:00 ] ERR: (ThinkException) 非法操作:undefined
[ 2017-10-04T12:15:59+08:00 ] ERR: (ThinkException) 非法操作:undefined
[ 2017-10-04T12:18:34+08:00 ] ERR: (ThinkException) 非法操作:undefined
[ 2017-10-04T12:21:31+08:00 ] ERR: (ThinkException) 非法操作:undefined
[ 2017-10-04T12:25:18+08:00 ] ERR: (ThinkException) 非法操作:undefined
[ 2017-10-04T12:27:19+08:00 ] ERR: (ThinkException) 非法操作:undefined
[ 2017-10-04T12:27:24+08:00 ] ERR: (ThinkException) 非法操作:undefined
[ 2017-10-04T12:28:03+08:00 ] ERR: (ThinkException) 非法操作:undefined
[ 2017-10-04T12:32:32+08:00 ] ERR: (ThinkException) 非法操作:undefined
[ 2017-10-04T12:59:05+08:00 ] ERR: (ThinkException) 非法操作:undefined
[ 2017-10-04T13:00:41+08:00 ] ERR: (ThinkException) 非法操作:undefined
[ 2017-10-04T13:08:09+08:00 ] ERR: (ThinkException) 非法操作:undefined
[ 2017-10-04T13:14:11+08:00 ] ERR: (ThinkException) 非法操作:undefined
[ 2017-10-04T13:41:09+08:00 ] ERR: (ThinkException) 非法操作:undefined
[ 2017-10-04T14:02:26+08:00 ] ERR: (ThinkException) 非法操作:undefined
[ 2017-10-04T14:06:04+08:00 ] ERR: (ThinkException) 非法操作:undefined
[ 2017-10-04T14:22:32+08:00 ] ERR: (ThinkException) 非法操作:undefined
[ 2017-10-04T14:33:54+08:00 ] ERR: (ThinkException) 非法操作:undefined
[ 2017-10-04T14:46:59+08:00 ] ERR: (ThinkException) 非法操作:undefined
[ 2017-10-04T15:18:00+08:00 ] ERR: (ThinkException) 非法操作:undefined
[ 2017-10-04T15:25:51+08:00 ] ERR: (ThinkException) 非法操作:undefined
[ 2017-10-04T15:26:39+08:00 ] ERR: (ThinkException) 非法操作:undefined
[ 2017-10-04T15:28:07+08:00 ] ERR: (ThinkException) 非法操作:undefined
[ 2017-10-04T15:31:13+08:00 ] ERR: (ThinkException) 非法操作:undefined
[ 2017-10-04T15:36:43+08:00 ] ERR: (ThinkException) 非法操作:undefined
[ 2017-10-04T15:39:02+08:00 ] ERR: (ThinkException) 非法操作:undefined
[ 2017-10-04T15:45:59+08:00 ] ERR: (ThinkException) 非法操作:undefined
[ 2017-10-04T15:50:37+08:00 ] ERR: (ThinkException) 非法操作:undefined
[ 2017-10-04T15:52:49+08:00 ] ERR: (ThinkException) 非法操作:undefined
[ 2017-10-04T15:56:57+08:00 ] ERR: (ThinkException) 非法操作:undefined
[ 2017-10-04T16:04:59+08:00 ] ERR: (ThinkException) 非法操作:undefined
[ 2017-10-04T16:41:43+08:00 ] ERR: (ThinkException) 非法操作:undefined
[ 2017-10-04T16:42:25+08:00 ] ERR: (ThinkException) 非法操作:undefined
[ 2017-10-04T16:44:25+08:00 ] ERR: (ThinkException) 非法操作:undefined
[ 2017-10-04T16:45:50+08:00 ] ERR: (ThinkException) 非法操作:register
[ 2017-10-04T17:03:35+08:00 ] ERR: (ThinkException) 非法操作:undefined
[ 2017-10-04T17:42:06+08:00 ] ERR: (ThinkException) 非法操作:undefined
[ 2017-10-04T17:48:11+08:00 ] ERR: (ThinkException) 模板不存在[/var/www/taizhou/app/AppHome/Tpl/login/index.html]
[ 2017-10-04T17:50:13+08:00 ] ERR: (ThinkException) 非法操作:'"+onmouseover=alert()+d='"
[ 2017-10-04T17:50:28+08:00 ] ERR: (ThinkException) 非法操作:'" onmouseover=alert() d='"
[ 2017-10-04T17:50:29+08:00 ] ERR: (ThinkException) 非法操作:'" onmouseover=alert() d='"
[ 2017-10-04T17:50:49+08:00 ] ERR: (ThinkException) 非法操作:'"
[ 2017-10-04T18:23:43+08:00 ] ERR: (ThinkException) 非法操作:undefined
[ 2017-10-04T18:25:08+08:00 ] ERR: (ThinkException) 非法操作:undefined
[ 2017-10-04T18:25:42+08:00 ] ERR: (ThinkException) 非法操作:undefined
[ 2017-10-04T18:26:34+08:00 ] ERR: (ThinkException) 非法操作:undefined
[ 2017-10-04T18:27:27+08:00 ] ERR: (ThinkException) 非法操作:undefined
[ 2017-10-04T18:32:24+08:00 ] ERR: (ThinkException) 非法操作:undefined
[ 2017-10-04T18:32:33+08:00 ] ERR: (ThinkException) 非法操作:undefined
[ 2017-10-04T18:46:23+08:00 ] ERR: (ThinkException) 非法操作:undefined
[ 2017-10-04T19:03:23+08:00 ] ERR: (ThinkException) 模板不存在[/var/www/taizhou/app/AppHome/Tpl/login/index.html]
[ 2017-10-04T19:04:44+08:00 ] ERR: (ThinkException) 非法操作:undefined
[ 2017-10-04T19:06:13+08:00 ] ERR: (ThinkException) 非法操作:undefined
[ 2017-10-04T19:16:49+08:00 ] ERR: (ThinkException) 非法操作:undefined
[ 2017-10-04T19:22:19+08:00 ] ERR: (ThinkException) 非法操作:undefined
[ 2017-10-04T20:05:49+08:00 ] ERR: (ThinkException) 非法操作:undefined
[ 2017-10-04T20:14:09+08:00 ] ERR: (ThinkException) 非法操作:undefined
[ 2017-10-04T21:10:58+08:00 ] ERR: (ThinkException) 非法操作:undefined
[ 2017-10-04T21:12:08+08:00 ] ERR: (ThinkException) 非法操作:undefined
[ 2017-10-04T21:17:02+08:00 ] ERR: (ThinkException) 非法操作:undefined
[ 2017-10-04T21:17:05+08:00 ] ERR: (ThinkException) 非法操作:undefined
[ 2017-10-04T21:23:21+08:00 ] ERR: (ThinkException) 非法操作:undefined
[ 2017-10-04T21:27:51+08:00 ] ERR: (ThinkException) 非法操作:undefined
[ 2017-10-04T21:34:56+08:00 ] ERR: (ThinkException) 非法操作:undefined
[ 2017-10-04T21:37:08+08:00 ] ERR: (ThinkException) 非法操作:undefined
[ 2017-10-04T21:41:16+08:00 ] ERR: (ThinkException) 非法操作:undefined
[ 2017-10-04T22:07:16+08:00 ] ERR: (ThinkException) 非法操作:undefined
[ 2017-10-04T22:19:04+08:00 ] ERR: (ThinkException) 非法操作:undefined
[ 2017-10-04T22:32:06+08:00 ] ERR: (ThinkException) 非法操作:index
[ 2017-10-04T22:33:07+08:00 ] ERR: (ThinkException) 非法操作:index
[ 2017-10-04T23:04:57+08:00 ] ERR: (ThinkException) 非法操作:undefined
[ 2017-10-04T23:13:57+08:00 ] ERR: (ThinkException) 非法操作:undefined
[ 2017-10-04T23:37:35+08:00 ] ERR: (ThinkException) 非法操作:undefined
