[ 2017-11-04T05:07:45+08:00 ] ERR: (ThinkException) 非法操作:register
[ 2017-11-04T06:15:22+08:00 ] ERR: (ThinkException) 非法操作:undefined
[ 2017-11-04T06:16:16+08:00 ] ERR: (ThinkException) 非法操作:undefined
[ 2017-11-04T06:18:21+08:00 ] ERR: (ThinkException) 非法操作:register
[ 2017-11-04T08:16:18+08:00 ] ERR: (ThinkException) 非法操作:undefined
[ 2017-11-04T08:38:13+08:00 ] ERR: (ThinkException) 非法操作:register
[ 2017-11-04T08:42:01+08:00 ] ERR: (ThinkException) 非法操作:undefined
[ 2017-11-04T09:08:25+08:00 ] ERR: (ThinkException) 非法操作:undefined
[ 2017-11-04T09:56:32+08:00 ] ERR: (ThinkException) 非法操作:undefined
[ 2017-11-04T09:59:29+08:00 ] ERR: (ThinkException) 非法操作:undefined
[ 2017-11-04T10:06:07+08:00 ] ERR: (ThinkException) 非法操作:undefined
[ 2017-11-04T10:31:28+08:00 ] ERR: (ThinkException) 非法操作:undefined
[ 2017-11-04T11:22:01+08:00 ] ERR: (ThinkException) 非法操作:undefined
[ 2017-11-04T11:32:23+08:00 ] ERR: (ThinkException) 模板不存在[/var/www/taizhou/app/AppHome/Tpl/login/index.html]
[ 2017-11-04T11:46:41+08:00 ] ERR: (ThinkException) 非法操作:undefined
[ 2017-11-04T11:47:21+08:00 ] ERR: (ThinkException) 非法操作:undefined
[ 2017-11-04T11:48:06+08:00 ] ERR: (ThinkException) 非法操作:undefined
[ 2017-11-04T11:48:22+08:00 ] ERR: (ThinkException) 模板不存在[/var/www/taizhou/app/AppHome/Tpl/public/error.html]
[ 2017-11-04T12:09:45+08:00 ] ERR: (ThinkException) 模板不存在[/var/www/taizhou/app/AppHome/Tpl/login/index.html]
[ 2017-11-04T13:25:11+08:00 ] ERR: (ThinkException) 非法操作:index
[ 2017-11-04T13:43:07+08:00 ] ERR: (ThinkException) 非法操作:register
[ 2017-11-04T16:05:19+08:00 ] ERR: (ThinkException) 非法操作:undefined
[ 2017-11-04T16:08:27+08:00 ] ERR: (ThinkException) 非法操作:undefined
[ 2017-11-04T17:09:03+08:00 ] ERR: (ThinkException) 非法操作:register
[ 2017-11-04T17:25:51+08:00 ] ERR: (ThinkException) 非法操作:register
[ 2017-11-04T17:39:42+08:00 ] ERR: (ThinkException) 非法操作:undefined
[ 2017-11-04T19:31:49+08:00 ] ERR: (ThinkException) 非法操作:undefined
[ 2017-11-04T20:16:27+08:00 ] ERR: (ThinkException) 非法操作:undefined
[ 2017-11-04T20:28:11+08:00 ] ERR: (ThinkException) 非法操作:undefined
[ 2017-11-04T21:13:25+08:00 ] ERR: (ThinkException) 非法操作:undefined
[ 2017-11-04T22:28:29+08:00 ] ERR: (ThinkException) 非法操作:undefined
[ 2017-11-04T22:30:07+08:00 ] ERR: (ThinkException) 非法操作:undefined
[ 2017-11-04T22:31:26+08:00 ] ERR: (ThinkException) 非法操作:undefined
[ 2017-11-04T22:34:40+08:00 ] ERR: (ThinkException) 非法操作:undefined
[ 2017-11-04T22:37:06+08:00 ] ERR: (ThinkException) 非法操作:undefined
[ 2017-11-04T23:04:34+08:00 ] ERR: (ThinkException) 非法操作:undefined
[ 2017-11-04T23:51:51+08:00 ] ERR: (ThinkException) 非法操作:register
