[ 2017-10-01T00:18:34+08:00 ] ERR: (ThinkException) 非法操作:undefined
[ 2017-10-01T05:57:07+08:00 ] ERR: (ThinkException) 非法操作:undefined
[ 2017-10-01T06:22:45+08:00 ] ERR: (ThinkException) 非法操作:undefined
[ 2017-10-01T06:24:00+08:00 ] ERR: (ThinkException) 非法操作:undefined
[ 2017-10-01T07:18:47+08:00 ] ERR: (ThinkException) 非法操作:undefined
[ 2017-10-01T07:20:06+08:00 ] ERR: (ThinkException) 非法操作:undefined
[ 2017-10-01T07:24:28+08:00 ] ERR: (ThinkException) 非法操作:undefined
[ 2017-10-01T07:35:51+08:00 ] ERR: (ThinkException) 非法操作:undefined
[ 2017-10-01T07:39:21+08:00 ] ERR: (ThinkException) 非法操作:undefined
[ 2017-10-01T07:39:35+08:00 ] ERR: (ThinkException) 非法操作:undefined
[ 2017-10-01T07:53:07+08:00 ] ERR: (ThinkException) 非法操作:undefined
[ 2017-10-01T08:06:28+08:00 ] ERR: (ThinkException) 非法操作:undefined
[ 2017-10-01T08:39:59+08:00 ] ERR: (ThinkException) 非法操作:undefined
[ 2017-10-01T08:53:39+08:00 ] ERR: (ThinkException) 非法操作:undefined
[ 2017-10-01T09:04:46+08:00 ] ERR: (ThinkException) 非法操作:undefined
[ 2017-10-01T09:05:54+08:00 ] ERR: (ThinkException) 非法操作:undefined
[ 2017-10-01T09:18:25+08:00 ] ERR: (ThinkException) 非法操作:undefined
[ 2017-10-01T09:20:43+08:00 ] ERR: (ThinkException) 非法操作:undefined
[ 2017-10-01T09:38:28+08:00 ] ERR: (ThinkException) 非法操作:undefined
[ 2017-10-01T09:41:52+08:00 ] ERR: (ThinkException) 非法操作:undefined
[ 2017-10-01T09:45:46+08:00 ] ERR: (ThinkException) 非法操作:undefined
[ 2017-10-01T09:51:56+08:00 ] ERR: (ThinkException) 非法操作:undefined
[ 2017-10-01T09:53:29+08:00 ] ERR: (ThinkException) 非法操作:undefined
[ 2017-10-01T09:55:36+08:00 ] ERR: (ThinkException) 非法操作:undefined
[ 2017-10-01T09:59:41+08:00 ] ERR: (ThinkException) 非法操作:undefined
[ 2017-10-01T10:03:43+08:00 ] ERR: (ThinkException) 非法操作:stateme…
[ 2017-10-01T10:03:53+08:00 ] ERR: (ThinkException) 非法操作:stateme…
[ 2017-10-01T10:04:13+08:00 ] ERR: (ThinkException) 非法操作:apply_c…
[ 2017-10-01T10:04:26+08:00 ] ERR: (ThinkException) 非法操作:apply_c…
[ 2017-10-01T10:07:22+08:00 ] ERR: (ThinkException) 非法操作:undefined
[ 2017-10-01T10:16:01+08:00 ] ERR: (ThinkException) 非法操作:undefined
[ 2017-10-01T10:17:21+08:00 ] ERR: (ThinkException) 非法操作:undefined
[ 2017-10-01T10:28:32+08:00 ] ERR: (ThinkException) 非法操作:undefined
[ 2017-10-01T10:46:51+08:00 ] ERR: (ThinkException) 非法操作:undefined
[ 2017-10-01T10:57:16+08:00 ] ERR: (ThinkException) 非法操作:undefined
[ 2017-10-01T10:59:00+08:00 ] ERR: (ThinkException) 非法操作:undefined
[ 2017-10-01T11:03:44+08:00 ] ERR: (ThinkException) 非法操作:undefined
[ 2017-10-01T11:10:04+08:00 ] ERR: (ThinkException) 非法操作:undefined
[ 2017-10-01T11:11:22+08:00 ] ERR: (ThinkException) 非法操作:undefined
[ 2017-10-01T11:24:38+08:00 ] ERR: (ThinkException) 非法操作:undefined
[ 2017-10-01T11:26:33+08:00 ] ERR: (ThinkException) 非法操作:undefined
[ 2017-10-01T11:29:45+08:00 ] ERR: (ThinkException) 非法操作:undefined
[ 2017-10-01T11:30:37+08:00 ] ERR: (ThinkException) 非法操作:undefined
[ 2017-10-01T11:31:40+08:00 ] ERR: (ThinkException) 非法操作:undefined
[ 2017-10-01T11:32:01+08:00 ] ERR: (ThinkException) 非法操作:undefined
[ 2017-10-01T11:33:56+08:00 ] ERR: (ThinkException) 非法操作:undefined
[ 2017-10-01T11:35:16+08:00 ] ERR: (ThinkException) 非法操作:undefined
[ 2017-10-01T11:41:32+08:00 ] ERR: (ThinkException) 非法操作:undefined
[ 2017-10-01T11:44:37+08:00 ] ERR: (ThinkException) 非法操作:undefined
[ 2017-10-01T11:50:27+08:00 ] ERR: (ThinkException) 非法操作:undefined
[ 2017-10-01T12:35:59+08:00 ] ERR: (ThinkException) 非法操作:undefined
[ 2017-10-01T12:45:57+08:00 ] ERR: (ThinkException) 非法操作:undefined
[ 2017-10-01T12:46:27+08:00 ] ERR: (ThinkException) 非法操作:undefined
[ 2017-10-01T12:46:50+08:00 ] ERR: (ThinkException) 非法操作:undefined
[ 2017-10-01T12:59:42+08:00 ] ERR: (ThinkException) 非法操作:undefined
[ 2017-10-01T12:59:49+08:00 ] ERR: (ThinkException) 非法操作:undefined
[ 2017-10-01T13:01:32+08:00 ] ERR: (ThinkException) 非法操作:undefined
[ 2017-10-01T13:02:05+08:00 ] ERR: (ThinkException) 非法操作:undefined
[ 2017-10-01T13:03:15+08:00 ] ERR: (ThinkException) 非法操作:undefined
[ 2017-10-01T13:04:03+08:00 ] ERR: (ThinkException) 非法操作:undefined
[ 2017-10-01T13:04:16+08:00 ] ERR: (ThinkException) 非法操作:undefined
[ 2017-10-01T13:09:01+08:00 ] ERR: (ThinkException) 非法操作:undefined
[ 2017-10-01T13:20:21+08:00 ] ERR: (ThinkException) 非法操作:undefined
[ 2017-10-01T13:21:58+08:00 ] ERR: (ThinkException) 非法操作:undefined
[ 2017-10-01T13:36:04+08:00 ] ERR: (ThinkException) 非法操作:undefined
[ 2017-10-01T13:44:21+08:00 ] ERR: (ThinkException) 非法操作:undefined
[ 2017-10-01T13:46:35+08:00 ] ERR: (ThinkException) 非法操作:undefined
[ 2017-10-01T13:47:25+08:00 ] ERR: (ThinkException) 非法操作:undefined
[ 2017-10-01T13:49:44+08:00 ] ERR: (ThinkException) 非法操作:undefined
[ 2017-10-01T14:01:00+08:00 ] ERR: (ThinkException) 非法操作:undefined
[ 2017-10-01T14:03:53+08:00 ] ERR: (ThinkException) 非法操作:undefined
[ 2017-10-01T14:22:21+08:00 ] ERR: (ThinkException) 非法操作:undefined
[ 2017-10-01T14:25:14+08:00 ] ERR: (ThinkException) 非法操作:undefined
[ 2017-10-01T14:30:59+08:00 ] ERR: (ThinkException) 非法操作:undefined
[ 2017-10-01T14:32:24+08:00 ] ERR: (ThinkException) 非法操作:undefined
[ 2017-10-01T14:35:00+08:00 ] ERR: (ThinkException) 非法操作:undefined
[ 2017-10-01T14:37:03+08:00 ] ERR: (ThinkException) 非法操作:undefined
[ 2017-10-01T14:53:44+08:00 ] ERR: (ThinkException) 非法操作:undefined
[ 2017-10-01T14:55:58+08:00 ] ERR: (ThinkException) 非法操作:undefined
[ 2017-10-01T15:03:45+08:00 ] ERR: (ThinkException) 非法操作:undefined
[ 2017-10-01T15:50:22+08:00 ] ERR: (ThinkException) 非法操作:undefined
[ 2017-10-01T15:50:56+08:00 ] ERR: (ThinkException) 非法操作:undefined
[ 2017-10-01T15:51:19+08:00 ] ERR: (ThinkException) 非法操作:undefined
[ 2017-10-01T15:51:45+08:00 ] ERR: (ThinkException) 非法操作:undefined
[ 2017-10-01T15:52:57+08:00 ] ERR: (ThinkException) 非法操作:undefined
[ 2017-10-01T15:54:06+08:00 ] ERR: (ThinkException) 非法操作:undefined
[ 2017-10-01T15:56:14+08:00 ] ERR: (ThinkException) 非法操作:undefined
[ 2017-10-01T16:01:16+08:00 ] ERR: (ThinkException) 非法操作:undefined
[ 2017-10-01T16:02:58+08:00 ] ERR: (ThinkException) 非法操作:undefined
[ 2017-10-01T16:03:02+08:00 ] ERR: (ThinkException) 非法操作:undefined
[ 2017-10-01T16:10:58+08:00 ] ERR: (ThinkException) 非法操作:undefined
[ 2017-10-01T16:20:34+08:00 ] ERR: (ThinkException) 非法操作:undefined
[ 2017-10-01T16:21:30+08:00 ] ERR: (ThinkException) 非法操作:undefined
[ 2017-10-01T16:22:41+08:00 ] ERR: (ThinkException) 非法操作:undefined
[ 2017-10-01T16:31:20+08:00 ] ERR: (ThinkException) 非法操作:undefined
[ 2017-10-01T16:32:49+08:00 ] ERR: (ThinkException) 非法操作:undefined
[ 2017-10-01T16:33:23+08:00 ] ERR: (ThinkException) 非法操作:undefined
[ 2017-10-01T16:36:16+08:00 ] ERR: (ThinkException) 非法操作:undefined
[ 2017-10-01T16:36:40+08:00 ] ERR: (ThinkException) 非法操作:undefined
[ 2017-10-01T16:45:17+08:00 ] ERR: (ThinkException) 非法操作:register
[ 2017-10-01T17:08:13+08:00 ] ERR: (ThinkException) 非法操作:undefined
[ 2017-10-01T17:12:25+08:00 ] ERR: (ThinkException) 非法操作:undefined
[ 2017-10-01T17:14:11+08:00 ] ERR: (ThinkException) 非法操作:undefined
[ 2017-10-01T17:16:54+08:00 ] ERR: (ThinkException) 非法操作:undefined
[ 2017-10-01T17:23:44+08:00 ] ERR: (ThinkException) 非法操作:undefined
[ 2017-10-01T18:09:04+08:00 ] ERR: (ThinkException) 非法操作:undefined
[ 2017-10-01T18:25:04+08:00 ] ERR: (ThinkException) 非法操作:undefined
[ 2017-10-01T18:45:41+08:00 ] ERR: (ThinkException) 非法操作:undefined
[ 2017-10-01T18:54:48+08:00 ] ERR: (ThinkException) 非法操作:undefined
[ 2017-10-01T18:55:57+08:00 ] ERR: (ThinkException) 模板不存在[/var/www/taizhou/app/AppHome/Tpl/login/index.html]
[ 2017-10-01T19:06:37+08:00 ] ERR: (ThinkException) 非法操作:undefined
[ 2017-10-01T19:07:24+08:00 ] ERR: (ThinkException) 非法操作:undefined
[ 2017-10-01T19:11:55+08:00 ] ERR: (ThinkException) 非法操作:undefined
[ 2017-10-01T19:13:18+08:00 ] ERR: (ThinkException) 非法操作:undefined
[ 2017-10-01T19:14:07+08:00 ] ERR: (ThinkException) 非法操作:undefined
[ 2017-10-01T19:15:10+08:00 ] ERR: (ThinkException) 非法操作:undefined
[ 2017-10-01T19:17:44+08:00 ] ERR: (ThinkException) 非法操作:undefined
[ 2017-10-01T19:24:50+08:00 ] ERR: (ThinkException) 非法操作:undefined
[ 2017-10-01T19:28:26+08:00 ] ERR: (ThinkException) 非法操作:undefined
[ 2017-10-01T19:35:46+08:00 ] ERR: (ThinkException) 非法操作:undefined
[ 2017-10-01T19:36:53+08:00 ] ERR: (ThinkException) 非法操作:undefined
[ 2017-10-01T19:46:17+08:00 ] ERR: (ThinkException) 非法操作:undefined
[ 2017-10-01T19:53:36+08:00 ] ERR: (ThinkException) 非法操作:undefined
[ 2017-10-01T20:03:50+08:00 ] ERR: (ThinkException) 非法操作:undefined
[ 2017-10-01T20:42:03+08:00 ] ERR: (ThinkException) 非法操作:undefined
[ 2017-10-01T20:53:12+08:00 ] ERR: (ThinkException) 非法操作:undefined
[ 2017-10-01T20:58:23+08:00 ] ERR: (ThinkException) 非法操作:undefined
[ 2017-10-01T21:02:59+08:00 ] ERR: (ThinkException) 非法操作:undefined
[ 2017-10-01T21:57:48+08:00 ] ERR: (ThinkException) 非法操作:undefined
[ 2017-10-01T22:15:11+08:00 ] ERR: (ThinkException) 非法操作:undefined
[ 2017-10-01T22:16:32+08:00 ] ERR: (ThinkException) 非法操作:undefined
[ 2017-10-01T22:17:10+08:00 ] ERR: (ThinkException) 非法操作:undefined
[ 2017-10-01T22:48:49+08:00 ] ERR: (ThinkException) 非法操作:undefined
[ 2017-10-01T22:51:27+08:00 ] ERR: (ThinkException) 非法操作:undefined
[ 2017-10-01T23:49:10+08:00 ] ERR: (ThinkException) 非法操作:undefined
