[ 2017-11-01T00:07:51+08:00 ] ERR: (ThinkException) 非法操作:undefined
[ 2017-11-01T01:50:58+08:00 ] ERR: (ThinkException) 非法操作:undefined
[ 2017-11-01T06:41:19+08:00 ] ERR: (ThinkException) 非法操作:undefined
[ 2017-11-01T07:30:05+08:00 ] ERR: (ThinkException) 非法操作:undefined
[ 2017-11-01T07:40:18+08:00 ] ERR: (ThinkException) 非法操作:undefined
[ 2017-11-01T07:40:42+08:00 ] ERR: (ThinkException) 非法操作:undefined
[ 2017-11-01T07:48:39+08:00 ] ERR: (ThinkException) 非法操作:undefined
[ 2017-11-01T07:52:17+08:00 ] ERR: (ThinkException) 非法操作:register
[ 2017-11-01T08:06:37+08:00 ] ERR: (ThinkException) 非法操作:undefined
[ 2017-11-01T08:52:47+08:00 ] ERR: (ThinkException) 非法操作:undefined
[ 2017-11-01T08:57:17+08:00 ] ERR: (ThinkException) 非法操作:undefined
[ 2017-11-01T08:57:29+08:00 ] ERR: (ThinkException) 非法操作:undefined
[ 2017-11-01T08:58:03+08:00 ] ERR: (ThinkException) 非法操作:undefined
[ 2017-11-01T09:11:59+08:00 ] ERR: (ThinkException) 非法操作:undefined
[ 2017-11-01T09:42:08+08:00 ] ERR: (ThinkException) 非法操作:undefined
[ 2017-11-01T09:59:10+08:00 ] ERR: (ThinkException) 非法操作:undefined
[ 2017-11-01T10:06:51+08:00 ] ERR: (ThinkException) 非法操作:undefined
[ 2017-11-01T10:13:56+08:00 ] ERR: (ThinkException) 非法操作:undefined
[ 2017-11-01T10:33:10+08:00 ] ERR: (ThinkException) 非法操作:undefined
[ 2017-11-01T10:44:54+08:00 ] ERR: (ThinkException) 非法操作:undefined
[ 2017-11-01T11:50:59+08:00 ] ERR: (ThinkException) 非法操作:undefined
[ 2017-11-01T13:14:06+08:00 ] ERR: (ThinkException) 非法操作:undefined
[ 2017-11-01T13:14:43+08:00 ] ERR: (ThinkException) 非法操作:undefined
[ 2017-11-01T13:15:21+08:00 ] ERR: (ThinkException) 非法操作:undefined
[ 2017-11-01T13:24:38+08:00 ] ERR: (ThinkException) 非法操作:undefined
[ 2017-11-01T13:37:54+08:00 ] ERR: (ThinkException) 非法操作:register
[ 2017-11-01T13:44:15+08:00 ] ERR: (ThinkException) 非法操作:undefined
[ 2017-11-01T13:45:58+08:00 ] ERR: (ThinkException) 非法操作:undefined
[ 2017-11-01T13:59:43+08:00 ] ERR: (ThinkException) 非法操作:undefined
[ 2017-11-01T14:07:05+08:00 ] ERR: (ThinkException) 非法操作:undefined
[ 2017-11-01T14:07:07+08:00 ] ERR: (ThinkException) 非法操作:undefined
[ 2017-11-01T14:30:13+08:00 ] ERR: (ThinkException) 模板不存在[/var/www/taizhou/app/AppHome/Tpl/login/index.html]
[ 2017-11-01T14:34:25+08:00 ] ERR: (ThinkException) 非法操作:register
[ 2017-11-01T15:06:27+08:00 ] ERR: (ThinkException) 非法操作:undefined
[ 2017-11-01T15:38:55+08:00 ] ERR: (ThinkException) 非法操作:undefined
[ 2017-11-01T15:50:48+08:00 ] ERR: (ThinkException) 非法操作:com…
[ 2017-11-01T15:51:02+08:00 ] ERR: (ThinkException) 非法操作:order_s…
[ 2017-11-01T15:51:08+08:00 ] ERR: (ThinkException) 非法操作:com…
[ 2017-11-01T15:51:17+08:00 ] ERR: (ThinkException) 非法操作:order_s…
[ 2017-11-01T17:24:37+08:00 ] ERR: (ThinkException) 非法操作:undefined
[ 2017-11-01T17:32:53+08:00 ] ERR: (ThinkException) 非法操作:register
[ 2017-11-01T18:56:47+08:00 ] ERR: (ThinkException) 非法操作:undefined
[ 2017-11-01T21:03:04+08:00 ] ERR: (ThinkException) 非法操作:undefined
[ 2017-11-01T21:17:30+08:00 ] ERR: (ThinkException) 非法操作:undefined
[ 2017-11-01T21:23:02+08:00 ] ERR: (ThinkException) 非法操作:undefined
[ 2017-11-01T23:17:36+08:00 ] ERR: (ThinkException) 非法操作:register
