[ 2017-11-07T02:59:33+08:00 ] ERR: (ThinkException) 非法操作:undefined
[ 2017-11-07T03:43:25+08:00 ] ERR: (ThinkException) 模板不存在[/var/www/taizhou/app/AppHome/Tpl/login/index.html]
[ 2017-11-07T06:27:24+08:00 ] ERR: (ThinkException) 非法操作:undefined
[ 2017-11-07T06:40:27+08:00 ] ERR: (ThinkException) 非法操作:undefined
[ 2017-11-07T06:44:05+08:00 ] ERR: (ThinkException) 非法操作:undefined
[ 2017-11-07T06:45:59+08:00 ] ERR: (ThinkException) 非法操作:undefined
[ 2017-11-07T07:05:10+08:00 ] ERR: (ThinkException) 非法操作:undefined
[ 2017-11-07T07:06:10+08:00 ] ERR: (ThinkException) 非法操作:statement10012017台州国际马拉松赛
[ 2017-11-07T07:43:49+08:00 ] ERR: (ThinkException) 非法操作:undefined
[ 2017-11-07T08:01:17+08:00 ] ERR: (ThinkException) 非法操作:undefined
[ 2017-11-07T08:07:28+08:00 ] ERR: (ThinkException) 非法操作:undefined
[ 2017-11-07T08:25:05+08:00 ] ERR: (ThinkException) 非法操作:undefined
[ 2017-11-07T08:40:10+08:00 ] ERR: (ThinkException) 非法操作:undefined
[ 2017-11-07T08:40:18+08:00 ] ERR: (ThinkException) 非法操作:undefined
[ 2017-11-07T08:41:24+08:00 ] ERR: (ThinkException) 非法操作:undefined
[ 2017-11-07T08:42:46+08:00 ] ERR: (ThinkException) 非法操作:undefined
[ 2017-11-07T08:45:13+08:00 ] ERR: (ThinkException) 非法操作:undefined
[ 2017-11-07T09:21:12+08:00 ] ERR: (ThinkException) 非法操作:undefined
[ 2017-11-07T09:22:47+08:00 ] ERR: (ThinkException) 非法操作:undefined
[ 2017-11-07T09:26:46+08:00 ] ERR: (ThinkException) 非法操作:undefined
[ 2017-11-07T09:29:01+08:00 ] ERR: (ThinkException) 非法操作:undefined
[ 2017-11-07T09:30:36+08:00 ] ERR: (ThinkException) 非法操作:undefined
[ 2017-11-07T09:31:29+08:00 ] ERR: (ThinkException) 非法操作:undefined
[ 2017-11-07T09:32:08+08:00 ] ERR: (ThinkException) 非法操作:undefined
[ 2017-11-07T09:33:50+08:00 ] ERR: (ThinkException) 非法操作:undefined
[ 2017-11-07T09:35:57+08:00 ] ERR: (ThinkException) 非法操作:undefined
[ 2017-11-07T09:43:34+08:00 ] ERR: (ThinkException) 非法操作:undefined
[ 2017-11-07T09:47:33+08:00 ] ERR: (ThinkException) 非法操作:undefined
[ 2017-11-07T10:17:26+08:00 ] ERR: (ThinkException) 非法操作:undefined
[ 2017-11-07T10:26:22+08:00 ] ERR: (ThinkException) 非法操作:undefined
[ 2017-11-07T10:31:40+08:00 ] ERR: (ThinkException) 非法操作:undefined
[ 2017-11-07T10:41:37+08:00 ] ERR: (ThinkException) 非法操作:undefined
[ 2017-11-07T10:42:53+08:00 ] ERR: (ThinkException) 非法操作:undefined
[ 2017-11-07T10:43:37+08:00 ] ERR: (ThinkException) 非法操作:undefined
[ 2017-11-07T10:43:52+08:00 ] ERR: (ThinkException) 非法操作:undefined
[ 2017-11-07T10:46:14+08:00 ] ERR: (ThinkException) 非法操作:undefined
[ 2017-11-07T10:46:23+08:00 ] ERR: (ThinkException) 非法操作:undefined
[ 2017-11-07T10:52:36+08:00 ] ERR: (ThinkException) 非法操作:undefined
[ 2017-11-07T11:13:28+08:00 ] ERR: (ThinkException) 非法操作:undefined
[ 2017-11-07T11:22:37+08:00 ] ERR: (ThinkException) 非法操作:register
[ 2017-11-07T11:25:37+08:00 ] ERR: (ThinkException) 非法操作:undefined
[ 2017-11-07T11:28:27+08:00 ] ERR: (ThinkException) 非法操作:undefined
[ 2017-11-07T11:30:46+08:00 ] ERR: (ThinkException) 非法操作:undefined
[ 2017-11-07T11:31:41+08:00 ] ERR: (ThinkException) 非法操作:undefined
[ 2017-11-07T11:32:11+08:00 ] ERR: (ThinkException) 非法操作:undefined
[ 2017-11-07T11:38:17+08:00 ] ERR: (ThinkException) 非法操作:undefined
[ 2017-11-07T11:40:00+08:00 ] ERR: (ThinkException) 非法操作:undefined
[ 2017-11-07T11:42:11+08:00 ] ERR: (ThinkException) 非法操作:undefined
[ 2017-11-07T11:43:22+08:00 ] ERR: (ThinkException) 非法操作:undefined
[ 2017-11-07T11:44:16+08:00 ] ERR: (ThinkException) 非法操作:undefined
[ 2017-11-07T11:47:11+08:00 ] ERR: (ThinkException) 非法操作:undefined
[ 2017-11-07T12:26:33+08:00 ] ERR: (ThinkException) 非法操作:undefined
[ 2017-11-07T12:28:24+08:00 ] ERR: (ThinkException) 非法操作:register
[ 2017-11-07T12:38:06+08:00 ] ERR: (ThinkException) 非法操作:undefined
[ 2017-11-07T12:42:49+08:00 ] ERR: (ThinkException) 非法操作:undefined
[ 2017-11-07T12:49:15+08:00 ] ERR: (ThinkException) 非法操作:undefined
[ 2017-11-07T12:50:49+08:00 ] ERR: (ThinkException) 非法操作:undefined
[ 2017-11-07T12:52:40+08:00 ] ERR: (ThinkException) 非法操作:undefined
[ 2017-11-07T13:00:29+08:00 ] ERR: (ThinkException) 非法操作:undefined
[ 2017-11-07T13:03:43+08:00 ] ERR: (ThinkException) 非法操作:undefined
[ 2017-11-07T13:09:22+08:00 ] ERR: (ThinkException) 非法操作:undefined
[ 2017-11-07T13:18:12+08:00 ] ERR: (ThinkException) 非法操作:register
[ 2017-11-07T13:28:26+08:00 ] ERR: (ThinkException) 非法操作:undefined
[ 2017-11-07T13:30:11+08:00 ] ERR: (ThinkException) 非法操作:undefined
[ 2017-11-07T13:31:58+08:00 ] ERR: (ThinkException) 非法操作:undefined
[ 2017-11-07T13:32:26+08:00 ] ERR: (ThinkException) 非法操作:undefined
[ 2017-11-07T13:48:47+08:00 ] ERR: (ThinkException) 非法操作:undefined
[ 2017-11-07T13:49:26+08:00 ] ERR: (ThinkException) 非法操作:undefined
[ 2017-11-07T13:50:16+08:00 ] ERR: (ThinkException) 非法操作:undefined
[ 2017-11-07T13:57:02+08:00 ] ERR: (ThinkException) 非法操作:undefined
[ 2017-11-07T14:12:48+08:00 ] ERR: (ThinkException) 非法操作:undefined
[ 2017-11-07T14:37:33+08:00 ] ERR: (ThinkException) 非法操作:undefined
[ 2017-11-07T14:38:54+08:00 ] ERR: (ThinkException) 非法操作:undefined
[ 2017-11-07T14:42:43+08:00 ] ERR: (ThinkException) 非法操作:register
[ 2017-11-07T14:43:45+08:00 ] ERR: (ThinkException) 非法操作:undefined
[ 2017-11-07T14:43:48+08:00 ] ERR: (ThinkException) 非法操作:undefined
[ 2017-11-07T14:47:51+08:00 ] ERR: (ThinkException) 非法操作:undefined
[ 2017-11-07T15:01:25+08:00 ] ERR: (ThinkException) 非法操作:undefined
[ 2017-11-07T15:07:21+08:00 ] ERR: (ThinkException) 非法操作:undefined
[ 2017-11-07T15:13:16+08:00 ] ERR: (ThinkException) 非法操作:undefined
[ 2017-11-07T16:07:10+08:00 ] ERR: (ThinkException) 非法操作:undefined
[ 2017-11-07T16:07:43+08:00 ] ERR: (ThinkException) 非法操作:undefined
[ 2017-11-07T16:11:19+08:00 ] ERR: (ThinkException) 非法操作:undefined
[ 2017-11-07T16:13:46+08:00 ] ERR: (ThinkException) 非法操作:undefined
[ 2017-11-07T16:14:50+08:00 ] ERR: (ThinkException) 非法操作:undefined
[ 2017-11-07T16:15:36+08:00 ] ERR: (ThinkException) 非法操作:undefined
[ 2017-11-07T16:20:29+08:00 ] ERR: (ThinkException) 非法操作:undefined
[ 2017-11-07T16:23:25+08:00 ] ERR: (ThinkException) 非法操作:undefined
[ 2017-11-07T16:32:34+08:00 ] ERR: (ThinkException) 非法操作:undefined
[ 2017-11-07T16:33:44+08:00 ] ERR: (ThinkException) 非法操作:undefined
[ 2017-11-07T16:37:13+08:00 ] ERR: (ThinkException) 非法操作:undefined
[ 2017-11-07T16:38:07+08:00 ] ERR: (ThinkException) 非法操作:undefined
[ 2017-11-07T16:39:52+08:00 ] ERR: (ThinkException) 非法操作:undefined
[ 2017-11-07T17:28:57+08:00 ] ERR: (ThinkException) 非法操作:undefined
[ 2017-11-07T18:07:01+08:00 ] ERR: (ThinkException) 非法操作:undefined
[ 2017-11-07T18:16:02+08:00 ] ERR: (ThinkException) 非法操作:undefined
[ 2017-11-07T18:18:32+08:00 ] ERR: (ThinkException) 非法操作:undefined
[ 2017-11-07T18:23:21+08:00 ] ERR: (ThinkException) 模板不存在[/var/www/taizhou/app/AppHome/Tpl/public/error.html]
[ 2017-11-07T18:25:16+08:00 ] ERR: (ThinkException) 模板不存在[/var/www/taizhou/app/AppHome/Tpl/public/error.html]
[ 2017-11-07T18:33:38+08:00 ] ERR: (ThinkException) 模板不存在[/var/www/taizhou/app/AppHome/Tpl/login/index.html]
[ 2017-11-07T18:34:37+08:00 ] ERR: (ThinkException) 非法操作:undefined
[ 2017-11-07T18:42:04+08:00 ] ERR: (ThinkException) 非法操作:undefined
[ 2017-11-07T18:44:33+08:00 ] ERR: (ThinkException) 非法操作:undefined
[ 2017-11-07T19:00:57+08:00 ] ERR: (ThinkException) 非法操作:index
[ 2017-11-07T19:01:08+08:00 ] ERR: (ThinkException) 非法操作:index
[ 2017-11-07T19:20:41+08:00 ] ERR: (ThinkException) 非法操作:undefined
[ 2017-11-07T19:21:50+08:00 ] ERR: (ThinkException) 非法操作:undefined
[ 2017-11-07T19:23:56+08:00 ] ERR: (ThinkException) 非法操作:undefined
[ 2017-11-07T19:24:10+08:00 ] ERR: (ThinkException) 非法操作:undefined
[ 2017-11-07T19:27:03+08:00 ] ERR: (ThinkException) 非法操作:undefined
[ 2017-11-07T19:28:12+08:00 ] ERR: (ThinkException) 非法操作:undefined
[ 2017-11-07T19:28:30+08:00 ] ERR: (ThinkException) 非法操作:undefined
[ 2017-11-07T19:29:56+08:00 ] ERR: (ThinkException) 非法操作:undefined
[ 2017-11-07T19:31:36+08:00 ] ERR: (ThinkException) 非法操作:undefined
[ 2017-11-07T19:32:03+08:00 ] ERR: (ThinkException) 非法操作:undefined
[ 2017-11-07T19:38:47+08:00 ] ERR: (ThinkException) 非法操作:undefined
[ 2017-11-07T19:40:19+08:00 ] ERR: (ThinkException) 非法操作:undefined
[ 2017-11-07T21:10:16+08:00 ] ERR: (ThinkException) 非法操作:undefined
[ 2017-11-07T22:35:14+08:00 ] ERR: (ThinkException) 模板不存在[/var/www/taizhou/app/AppHome/Tpl/public/error.html]
[ 2017-11-07T22:37:44+08:00 ] ERR: (ThinkException) 模板不存在[/var/www/taizhou/app/AppHome/Tpl/public/error.html]
[ 2017-11-07T22:40:47+08:00 ] ERR: (ThinkException) 模板不存在[/var/www/taizhou/app/AppHome/Tpl/public/error.html]
[ 2017-11-07T22:43:25+08:00 ] ERR: (ThinkException) 非法操作:='success'){
[ 2017-11-07T22:43:26+08:00 ] ERR: (ThinkException) 非法操作:index
[ 2017-11-07T22:47:37+08:00 ] ERR: (ThinkException) 非法操作:index
